{"E:\\SmartE\\backend\\src\\app.js": {"path":"E:\\SmartE\\backend\\src\\app.js","statementMap":{"0":{"start":{"line":13,"column":12},"end":{"line":13,"column":20}},"1":{"start":{"line":15,"column":0},"end":{"line":15,"column":null}},"2":{"start":{"line":16,"column":0},"end":{"line":19,"column":null}},"3":{"start":{"line":20,"column":0},"end":{"line":22,"column":null}},"4":{"start":{"line":21,"column":4},"end":{"line":21,"column":null}},"5":{"start":{"line":23,"column":0},"end":{"line":23,"column":null}},"6":{"start":{"line":24,"column":0},"end":{"line":24,"column":null}},"7":{"start":{"line":26,"column":0},"end":{"line":26,"column":null}},"8":{"start":{"line":27,"column":0},"end":{"line":27,"column":null}},"9":{"start":{"line":28,"column":0},"end":{"line":28,"column":null}},"10":{"start":{"line":29,"column":0},"end":{"line":29,"column":null}},"11":{"start":{"line":30,"column":0},"end":{"line":30,"column":null}},"12":{"start":{"line":32,"column":0},"end":{"line":32,"column":null}}},"fnMap":{},"branchMap":{"0":{"loc":{"start":{"line":20,"column":0},"end":{"line":22,"column":null}},"type":"if","locations":[{"start":{"line":20,"column":0},"end":{"line":22,"column":null}},{"start":{},"end":{}}],"line":20}},"s":{"0":5,"1":5,"2":5,"3":5,"4":0,"5":5,"6":5,"7":5,"8":5,"9":5,"10":5,"11":5,"12":5},"f":{},"b":{"0":[0,5]},"meta":{"lastBranch":1,"lastFunction":0,"lastStatement":13,"seen":{"s:13:12:13:20":0,"s:15:0:15:Infinity":1,"s:16:0:19:Infinity":2,"b:20:0:22:Infinity:undefined:undefined:undefined:undefined":0,"s:20:0:22:Infinity":3,"s:21:4:21:Infinity":4,"s:23:0:23:Infinity":5,"s:24:0:24:Infinity":6,"s:26:0:26:Infinity":7,"s:27:0:27:Infinity":8,"s:28:0:28:Infinity":9,"s:29:0:29:Infinity":10,"s:30:0:30:Infinity":11,"s:32:0:32:Infinity":12},"fnNames":{}}}
,"E:\\SmartE\\backend\\src\\controllers\\auth.controller.js": {"path":"E:\\SmartE\\backend\\src\\controllers\\auth.controller.js","statementMap":{"0":{"start":{"line":6,"column":24},"end":{"line":13,"column":2}},"1":{"start":{"line":7,"column":54},"end":{"line":7,"column":62}},"2":{"start":{"line":8,"column":4},"end":{"line":10,"column":5}},"3":{"start":{"line":9,"column":8},"end":{"line":9,"column":92}},"4":{"start":{"line":11,"column":17},"end":{"line":11,"column":82}},"5":{"start":{"line":12,"column":4},"end":{"line":12,"column":103}},"6":{"start":{"line":15,"column":21},"end":{"line":20,"column":2}},"7":{"start":{"line":16,"column":32},"end":{"line":16,"column":40}},"8":{"start":{"line":17,"column":48},"end":{"line":17,"column":88}},"9":{"start":{"line":18,"column":4},"end":{"line":18,"column":113}},"10":{"start":{"line":19,"column":4},"end":{"line":19,"column":73}},"11":{"start":{"line":22,"column":22},"end":{"line":26,"column":2}},"12":{"start":{"line":23,"column":4},"end":{"line":23,"column":42}},"13":{"start":{"line":24,"column":4},"end":{"line":24,"column":36}},"14":{"start":{"line":25,"column":4},"end":{"line":25,"column":67}},"15":{"start":{"line":28,"column":21},"end":{"line":31,"column":2}},"16":{"start":{"line":29,"column":17},"end":{"line":29,"column":59}},"17":{"start":{"line":30,"column":4},"end":{"line":30,"column":60}},"18":{"start":{"line":33,"column":23},"end":{"line":38,"column":2}},"19":{"start":{"line":34,"column":25},"end":{"line":34,"column":49}},"20":{"start":{"line":35,"column":4},"end":{"line":35,"column":59}},"21":{"start":{"line":35,"column":23},"end":{"line":35,"column":59}},"22":{"start":{"line":36,"column":28},"end":{"line":36,"column":67}},"23":{"start":{"line":37,"column":4},"end":{"line":37,"column":67}},"24":{"start":{"line":40,"column":30},"end":{"line":47,"column":2}},"25":{"start":{"line":41,"column":17},"end":{"line":41,"column":25}},"26":{"start":{"line":42,"column":24},"end":{"line":42,"column":112}},"27":{"start":{"line":43,"column":25},"end":{"line":43,"column":104}},"28":{"start":{"line":44,"column":4},"end":{"line":44,"column":88}},"29":{"start":{"line":45,"column":4},"end":{"line":45,"column":113}},"30":{"start":{"line":46,"column":4},"end":{"line":46,"column":81}},"31":{"start":{"line":49,"column":32},"end":{"line":56,"column":2}},"32":{"start":{"line":50,"column":17},"end":{"line":50,"column":25}},"33":{"start":{"line":51,"column":24},"end":{"line":51,"column":112}},"34":{"start":{"line":52,"column":25},"end":{"line":52,"column":104}},"35":{"start":{"line":53,"column":4},"end":{"line":53,"column":88}},"36":{"start":{"line":54,"column":4},"end":{"line":54,"column":113}},"37":{"start":{"line":55,"column":4},"end":{"line":55,"column":81}},"38":{"start":{"line":58,"column":30},"end":{"line":62,"column":2}},"39":{"start":{"line":59,"column":22},"end":{"line":59,"column":30}},"40":{"start":{"line":60,"column":4},"end":{"line":60,"column":44}},"41":{"start":{"line":61,"column":4},"end":{"line":61,"column":82}},"42":{"start":{"line":64,"column":29},"end":{"line":68,"column":2}},"43":{"start":{"line":65,"column":32},"end":{"line":65,"column":40}},"44":{"start":{"line":66,"column":4},"end":{"line":66,"column":53}},"45":{"start":{"line":67,"column":4},"end":{"line":67,"column":82}}},"fnMap":{"0":{"name":"(anonymous_0)","decl":{"start":{"line":6,"column":37},"end":{"line":6,"column":42}},"loc":{"start":{"line":6,"column":57},"end":{"line":13,"column":1}},"line":6},"1":{"name":"(anonymous_1)","decl":{"start":{"line":15,"column":34},"end":{"line":15,"column":39}},"loc":{"start":{"line":15,"column":54},"end":{"line":20,"column":1}},"line":15},"2":{"name":"(anonymous_2)","decl":{"start":{"line":22,"column":35},"end":{"line":22,"column":40}},"loc":{"start":{"line":22,"column":55},"end":{"line":26,"column":1}},"line":22},"3":{"name":"(anonymous_3)","decl":{"start":{"line":28,"column":34},"end":{"line":28,"column":39}},"loc":{"start":{"line":28,"column":54},"end":{"line":31,"column":1}},"line":28},"4":{"name":"(anonymous_4)","decl":{"start":{"line":33,"column":36},"end":{"line":33,"column":41}},"loc":{"start":{"line":33,"column":56},"end":{"line":38,"column":1}},"line":33},"5":{"name":"(anonymous_5)","decl":{"start":{"line":40,"column":43},"end":{"line":40,"column":48}},"loc":{"start":{"line":40,"column":63},"end":{"line":47,"column":1}},"line":40},"6":{"name":"(anonymous_6)","decl":{"start":{"line":49,"column":45},"end":{"line":49,"column":50}},"loc":{"start":{"line":49,"column":65},"end":{"line":56,"column":1}},"line":49},"7":{"name":"(anonymous_7)","decl":{"start":{"line":58,"column":43},"end":{"line":58,"column":48}},"loc":{"start":{"line":58,"column":63},"end":{"line":62,"column":1}},"line":58},"8":{"name":"(anonymous_8)","decl":{"start":{"line":64,"column":42},"end":{"line":64,"column":47}},"loc":{"start":{"line":64,"column":62},"end":{"line":68,"column":1}},"line":64}},"branchMap":{"0":{"loc":{"start":{"line":8,"column":4},"end":{"line":10,"column":5}},"type":"if","locations":[{"start":{"line":8,"column":4},"end":{"line":10,"column":5}},{"start":{},"end":{}}],"line":8},"1":{"loc":{"start":{"line":8,"column":8},"end":{"line":8,"column":58}},"type":"binary-expr","locations":[{"start":{"line":8,"column":8},"end":{"line":8,"column":14}},{"start":{"line":8,"column":18},"end":{"line":8,"column":27}},{"start":{"line":8,"column":31},"end":{"line":8,"column":36}},{"start":{"line":8,"column":40},"end":{"line":8,"column":46}},{"start":{"line":8,"column":50},"end":{"line":8,"column":58}}],"line":8},"2":{"loc":{"start":{"line":35,"column":4},"end":{"line":35,"column":59}},"type":"if","locations":[{"start":{"line":35,"column":4},"end":{"line":35,"column":59}},{"start":{},"end":{}}],"line":35}},"s":{"0":6,"1":4,"2":4,"3":2,"4":2,"5":2,"6":6,"7":2,"8":2,"9":2,"10":2,"11":6,"12":2,"13":2,"14":2,"15":6,"16":2,"17":2,"18":6,"19":2,"20":2,"21":1,"22":1,"23":1,"24":6,"25":0,"26":0,"27":0,"28":0,"29":0,"30":0,"31":6,"32":0,"33":0,"34":0,"35":0,"36":0,"37":0,"38":6,"39":2,"40":2,"41":2,"42":6,"43":2,"44":2,"45":2},"f":{"0":4,"1":2,"2":2,"3":2,"4":2,"5":0,"6":0,"7":2,"8":2},"b":{"0":[2,2],"1":[4,4,3,2,2],"2":[1,1]},"meta":{"lastBranch":3,"lastFunction":9,"lastStatement":46,"seen":{"s:6:24:13:2":0,"f:6:37:6:42":0,"s:7:54:7:62":1,"b:8:4:10:5:undefined:undefined:undefined:undefined":0,"s:8:4:10:5":2,"b:8:8:8:14:8:18:8:27:8:31:8:36:8:40:8:46:8:50:8:58":1,"s:9:8:9:92":3,"s:11:17:11:82":4,"s:12:4:12:103":5,"s:15:21:20:2":6,"f:15:34:15:39":1,"s:16:32:16:40":7,"s:17:48:17:88":8,"s:18:4:18:113":9,"s:19:4:19:73":10,"s:22:22:26:2":11,"f:22:35:22:40":2,"s:23:4:23:42":12,"s:24:4:24:36":13,"s:25:4:25:67":14,"s:28:21:31:2":15,"f:28:34:28:39":3,"s:29:17:29:59":16,"s:30:4:30:60":17,"s:33:23:38:2":18,"f:33:36:33:41":4,"s:34:25:34:49":19,"b:35:4:35:59:undefined:undefined:undefined:undefined":2,"s:35:4:35:59":20,"s:35:23:35:59":21,"s:36:28:36:67":22,"s:37:4:37:67":23,"s:40:30:47:2":24,"f:40:43:40:48":5,"s:41:17:41:25":25,"s:42:24:42:112":26,"s:43:25:43:104":27,"s:44:4:44:88":28,"s:45:4:45:113":29,"s:46:4:46:81":30,"s:49:32:56:2":31,"f:49:45:49:50":6,"s:50:17:50:25":32,"s:51:24:51:112":33,"s:52:25:52:104":34,"s:53:4:53:88":35,"s:54:4:54:113":36,"s:55:4:55:81":37,"s:58:30:62:2":38,"f:58:43:58:48":7,"s:59:22:59:30":39,"s:60:4:60:44":40,"s:61:4:61:82":41,"s:64:29:68:2":42,"f:64:42:64:47":8,"s:65:32:65:40":43,"s:66:4:66:53":44,"s:67:4:67:82":45},"fnNames":{}}}
,"E:\\SmartE\\backend\\src\\controllers\\benchmark.controller.js": {"path":"E:\\SmartE\\backend\\src\\controllers\\benchmark.controller.js","statementMap":{"0":{"start":{"line":7,"column":36},"end":{"line":15,"column":1}},"1":{"start":{"line":8,"column":4},"end":{"line":14,"column":null}},"2":{"start":{"line":9,"column":27},"end":{"line":9,"column":92}},"3":{"start":{"line":10,"column":23},"end":{"line":10,"column":58}},"4":{"start":{"line":11,"column":8},"end":{"line":11,"column":null}},"5":{"start":{"line":13,"column":8},"end":{"line":13,"column":null}},"6":{"start":{"line":17,"column":36},"end":{"line":25,"column":1}},"7":{"start":{"line":18,"column":4},"end":{"line":24,"column":null}},"8":{"start":{"line":19,"column":22},"end":{"line":19,"column":77}},"9":{"start":{"line":20,"column":23},"end":{"line":20,"column":53}},"10":{"start":{"line":21,"column":8},"end":{"line":21,"column":null}},"11":{"start":{"line":23,"column":8},"end":{"line":23,"column":null}},"12":{"start":{"line":27,"column":35},"end":{"line":36,"column":1}},"13":{"start":{"line":28,"column":4},"end":{"line":35,"column":null}},"14":{"start":{"line":29,"column":27},"end":{"line":29,"column":92}},"15":{"start":{"line":30,"column":22},"end":{"line":30,"column":77}},"16":{"start":{"line":31,"column":23},"end":{"line":31,"column":69}},"17":{"start":{"line":32,"column":8},"end":{"line":32,"column":null}},"18":{"start":{"line":34,"column":8},"end":{"line":34,"column":null}}},"fnMap":{"0":{"name":"(anonymous_0)","decl":{"start":{"line":7,"column":36},"end":{"line":7,"column":41}},"loc":{"start":{"line":7,"column":62},"end":{"line":15,"column":1}},"line":7},"1":{"name":"(anonymous_1)","decl":{"start":{"line":17,"column":36},"end":{"line":17,"column":41}},"loc":{"start":{"line":17,"column":62},"end":{"line":25,"column":1}},"line":17},"2":{"name":"(anonymous_2)","decl":{"start":{"line":27,"column":35},"end":{"line":27,"column":40}},"loc":{"start":{"line":27,"column":61},"end":{"line":36,"column":1}},"line":27}},"branchMap":{"0":{"loc":{"start":{"line":9,"column":36},"end":{"line":9,"column":87}},"type":"binary-expr","locations":[{"start":{"line":9,"column":36},"end":{"line":9,"column":56}},{"start":{"line":9,"column":60},"end":{"line":9,"column":81}},{"start":{"line":9,"column":85},"end":{"line":9,"column":87}}],"line":9},"1":{"loc":{"start":{"line":19,"column":31},"end":{"line":19,"column":72}},"type":"binary-expr","locations":[{"start":{"line":19,"column":31},"end":{"line":19,"column":46}},{"start":{"line":19,"column":50},"end":{"line":19,"column":66}},{"start":{"line":19,"column":70},"end":{"line":19,"column":72}}],"line":19},"2":{"loc":{"start":{"line":29,"column":36},"end":{"line":29,"column":87}},"type":"binary-expr","locations":[{"start":{"line":29,"column":36},"end":{"line":29,"column":56}},{"start":{"line":29,"column":60},"end":{"line":29,"column":81}},{"start":{"line":29,"column":85},"end":{"line":29,"column":87}}],"line":29},"3":{"loc":{"start":{"line":30,"column":31},"end":{"line":30,"column":72}},"type":"binary-expr","locations":[{"start":{"line":30,"column":31},"end":{"line":30,"column":46}},{"start":{"line":30,"column":50},"end":{"line":30,"column":66}},{"start":{"line":30,"column":70},"end":{"line":30,"column":72}}],"line":30}},"s":{"0":6,"1":4,"2":4,"3":4,"4":3,"5":1,"6":6,"7":3,"8":3,"9":3,"10":3,"11":0,"12":6,"13":2,"14":2,"15":2,"16":2,"17":2,"18":0},"f":{"0":4,"1":3,"2":2},"b":{"0":[4,3,1],"1":[3,1,0],"2":[2,2,0],"3":[2,2,0]},"meta":{"lastBranch":4,"lastFunction":3,"lastStatement":19,"seen":{"s:7:36:15:1":0,"f:7:36:7:41":0,"s:8:4:14:Infinity":1,"s:9:27:9:92":2,"b:9:36:9:56:9:60:9:81:9:85:9:87":0,"s:10:23:10:58":3,"s:11:8:11:Infinity":4,"s:13:8:13:Infinity":5,"s:17:36:25:1":6,"f:17:36:17:41":1,"s:18:4:24:Infinity":7,"s:19:22:19:77":8,"b:19:31:19:46:19:50:19:66:19:70:19:72":1,"s:20:23:20:53":9,"s:21:8:21:Infinity":10,"s:23:8:23:Infinity":11,"s:27:35:36:1":12,"f:27:35:27:40":2,"s:28:4:35:Infinity":13,"s:29:27:29:92":14,"b:29:36:29:56:29:60:29:81:29:85:29:87":2,"s:30:22:30:77":15,"b:30:31:30:46:30:50:30:66:30:70:30:72":3,"s:31:23:31:69":16,"s:32:8:32:Infinity":17,"s:34:8:34:Infinity":18},"fnNames":{}}}
,"E:\\SmartE\\backend\\src\\controllers\\category.controller.js": {"path":"E:\\SmartE\\backend\\src\\controllers\\category.controller.js","statementMap":{"0":{"start":{"line":4,"column":30},"end":{"line":8,"column":2}},"1":{"start":{"line":5,"column":37},"end":{"line":5,"column":45}},"2":{"start":{"line":6,"column":21},"end":{"line":6,"column":92}},"3":{"start":{"line":7,"column":4},"end":{"line":7,"column":60}},"4":{"start":{"line":10,"column":32},"end":{"line":13,"column":2}},"5":{"start":{"line":11,"column":23},"end":{"line":11,"column":63}},"6":{"start":{"line":12,"column":4},"end":{"line":12,"column":62}},"7":{"start":{"line":15,"column":30},"end":{"line":20,"column":2}},"8":{"start":{"line":16,"column":19},"end":{"line":16,"column":29}},"9":{"start":{"line":17,"column":21},"end":{"line":17,"column":29}},"10":{"start":{"line":18,"column":21},"end":{"line":18,"column":95}},"11":{"start":{"line":19,"column":4},"end":{"line":19,"column":60}},"12":{"start":{"line":22,"column":30},"end":{"line":26,"column":2}},"13":{"start":{"line":23,"column":19},"end":{"line":23,"column":29}},"14":{"start":{"line":24,"column":4},"end":{"line":24,"column":73}},"15":{"start":{"line":25,"column":4},"end":{"line":25,"column":54}}},"fnMap":{"0":{"name":"(anonymous_0)","decl":{"start":{"line":4,"column":43},"end":{"line":4,"column":48}},"loc":{"start":{"line":4,"column":63},"end":{"line":8,"column":1}},"line":4},"1":{"name":"(anonymous_1)","decl":{"start":{"line":10,"column":45},"end":{"line":10,"column":50}},"loc":{"start":{"line":10,"column":65},"end":{"line":13,"column":1}},"line":10},"2":{"name":"(anonymous_2)","decl":{"start":{"line":15,"column":43},"end":{"line":15,"column":48}},"loc":{"start":{"line":15,"column":63},"end":{"line":20,"column":1}},"line":15},"3":{"name":"(anonymous_3)","decl":{"start":{"line":22,"column":43},"end":{"line":22,"column":48}},"loc":{"start":{"line":22,"column":63},"end":{"line":26,"column":1}},"line":22}},"branchMap":{},"s":{"0":6,"1":2,"2":2,"3":2,"4":6,"5":2,"6":2,"7":6,"8":2,"9":2,"10":2,"11":2,"12":6,"13":2,"14":2,"15":2},"f":{"0":2,"1":2,"2":2,"3":2},"b":{},"meta":{"lastBranch":0,"lastFunction":4,"lastStatement":16,"seen":{"s:4:30:8:2":0,"f:4:43:4:48":0,"s:5:37:5:45":1,"s:6:21:6:92":2,"s:7:4:7:60":3,"s:10:32:13:2":4,"f:10:45:10:50":1,"s:11:23:11:63":5,"s:12:4:12:62":6,"s:15:30:20:2":7,"f:15:43:15:48":2,"s:16:19:16:29":8,"s:17:21:17:29":9,"s:18:21:18:95":10,"s:19:4:19:60":11,"s:22:30:26:2":12,"f:22:43:22:48":3,"s:23:19:23:29":13,"s:24:4:24:73":14,"s:25:4:25:54":15},"fnNames":{}}}
,"E:\\SmartE\\backend\\src\\controllers\\flashSale.controller.js": {"path":"E:\\SmartE\\backend\\src\\controllers\\flashSale.controller.js","statementMap":{"0":{"start":{"line":2,"column":15},"end":{"line":2,"column":33}},"1":{"start":{"line":4,"column":29},"end":{"line":14,"column":1}},"2":{"start":{"line":5,"column":4},"end":{"line":13,"column":5}},"3":{"start":{"line":6,"column":27},"end":{"line":9,"column":10}},"4":{"start":{"line":10,"column":8},"end":{"line":10,"column":29}},"5":{"start":{"line":12,"column":8},"end":{"line":12,"column":57}},"6":{"start":{"line":16,"column":31},"end":{"line":37,"column":1}},"7":{"start":{"line":17,"column":4},"end":{"line":36,"column":5}},"8":{"start":{"line":18,"column":51},"end":{"line":18,"column":59}},"9":{"start":{"line":19,"column":26},"end":{"line":32,"column":10}},"10":{"start":{"line":25,"column":47},"end":{"line":29,"column":21}},"11":{"start":{"line":33,"column":8},"end":{"line":33,"column":40}},"12":{"start":{"line":35,"column":8},"end":{"line":35,"column":57}}},"fnMap":{"0":{"name":"(anonymous_0)","decl":{"start":{"line":4,"column":29},"end":{"line":4,"column":34}},"loc":{"start":{"line":4,"column":49},"end":{"line":14,"column":1}},"line":4},"1":{"name":"(anonymous_1)","decl":{"start":{"line":16,"column":31},"end":{"line":16,"column":36}},"loc":{"start":{"line":16,"column":51},"end":{"line":37,"column":1}},"line":16},"2":{"name":"(anonymous_2)","decl":{"start":{"line":25,"column":41},"end":{"line":25,"column":42}},"loc":{"start":{"line":25,"column":47},"end":{"line":29,"column":21}},"line":25}},"branchMap":{},"s":{"0":6,"1":6,"2":3,"3":3,"4":2,"5":1,"6":6,"7":3,"8":3,"9":3,"10":2,"11":2,"12":1},"f":{"0":3,"1":3,"2":2},"b":{},"meta":{"lastBranch":0,"lastFunction":3,"lastStatement":13,"seen":{"s:2:15:2:33":0,"s:4:29:14:1":1,"f:4:29:4:34":0,"s:5:4:13:5":2,"s:6:27:9:10":3,"s:10:8:10:29":4,"s:12:8:12:57":5,"s:16:31:37:1":6,"f:16:31:16:36":1,"s:17:4:36:5":7,"s:18:51:18:59":8,"s:19:26:32:10":9,"f:25:41:25:42":2,"s:25:47:29:21":10,"s:33:8:33:40":11,"s:35:8:35:57":12},"fnNames":{}}}
,"E:\\SmartE\\backend\\src\\controllers\\product.controller.js": {"path":"E:\\SmartE\\backend\\src\\controllers\\product.controller.js","statementMap":{"0":{"start":{"line":4,"column":29},"end":{"line":8,"column":2}},"1":{"start":{"line":5,"column":40},"end":{"line":5,"column":48}},"2":{"start":{"line":6,"column":20},"end":{"line":6,"column":76}},"3":{"start":{"line":7,"column":4},"end":{"line":7,"column":59}},"4":{"start":{"line":10,"column":30},"end":{"line":16,"column":2}},"5":{"start":{"line":11,"column":4},"end":{"line":13,"column":5}},"6":{"start":{"line":12,"column":8},"end":{"line":12,"column":58}},"7":{"start":{"line":14,"column":21},"end":{"line":14,"column":78}},"8":{"start":{"line":15,"column":4},"end":{"line":15,"column":60}},"9":{"start":{"line":18,"column":37},"end":{"line":21,"column":2}},"10":{"start":{"line":19,"column":21},"end":{"line":19,"column":65}},"11":{"start":{"line":20,"column":4},"end":{"line":20,"column":60}},"12":{"start":{"line":23,"column":33},"end":{"line":26,"column":2}},"13":{"start":{"line":24,"column":21},"end":{"line":24,"column":61}},"14":{"start":{"line":25,"column":4},"end":{"line":25,"column":60}},"15":{"start":{"line":28,"column":38},"end":{"line":32,"column":2}},"16":{"start":{"line":29,"column":19},"end":{"line":29,"column":48}},"17":{"start":{"line":30,"column":21},"end":{"line":30,"column":72}},"18":{"start":{"line":31,"column":4},"end":{"line":31,"column":60}},"19":{"start":{"line":34,"column":30},"end":{"line":38,"column":2}},"20":{"start":{"line":35,"column":20},"end":{"line":35,"column":70}},"21":{"start":{"line":36,"column":4},"end":{"line":36,"column":96}},"22":{"start":{"line":36,"column":18},"end":{"line":36,"column":96}},"23":{"start":{"line":37,"column":4},"end":{"line":37,"column":59}},"24":{"start":{"line":40,"column":29},"end":{"line":43,"column":2}},"25":{"start":{"line":41,"column":20},"end":{"line":41,"column":107}},"26":{"start":{"line":42,"column":4},"end":{"line":42,"column":59}},"27":{"start":{"line":45,"column":29},"end":{"line":48,"column":2}},"28":{"start":{"line":46,"column":4},"end":{"line":46,"column":82}},"29":{"start":{"line":47,"column":4},"end":{"line":47,"column":54}}},"fnMap":{"0":{"name":"(anonymous_0)","decl":{"start":{"line":4,"column":42},"end":{"line":4,"column":47}},"loc":{"start":{"line":4,"column":62},"end":{"line":8,"column":1}},"line":4},"1":{"name":"(anonymous_1)","decl":{"start":{"line":10,"column":43},"end":{"line":10,"column":48}},"loc":{"start":{"line":10,"column":63},"end":{"line":16,"column":1}},"line":10},"2":{"name":"(anonymous_2)","decl":{"start":{"line":18,"column":50},"end":{"line":18,"column":55}},"loc":{"start":{"line":18,"column":70},"end":{"line":21,"column":1}},"line":18},"3":{"name":"(anonymous_3)","decl":{"start":{"line":23,"column":46},"end":{"line":23,"column":51}},"loc":{"start":{"line":23,"column":66},"end":{"line":26,"column":1}},"line":23},"4":{"name":"(anonymous_4)","decl":{"start":{"line":28,"column":51},"end":{"line":28,"column":56}},"loc":{"start":{"line":28,"column":71},"end":{"line":32,"column":1}},"line":28},"5":{"name":"(anonymous_5)","decl":{"start":{"line":34,"column":43},"end":{"line":34,"column":48}},"loc":{"start":{"line":34,"column":63},"end":{"line":38,"column":1}},"line":34},"6":{"name":"(anonymous_6)","decl":{"start":{"line":40,"column":42},"end":{"line":40,"column":47}},"loc":{"start":{"line":40,"column":62},"end":{"line":43,"column":1}},"line":40},"7":{"name":"(anonymous_7)","decl":{"start":{"line":45,"column":42},"end":{"line":45,"column":47}},"loc":{"start":{"line":45,"column":62},"end":{"line":48,"column":1}},"line":45}},"branchMap":{"0":{"loc":{"start":{"line":11,"column":4},"end":{"line":13,"column":5}},"type":"if","locations":[{"start":{"line":11,"column":4},"end":{"line":13,"column":5}},{"start":{},"end":{}}],"line":11},"1":{"loc":{"start":{"line":29,"column":19},"end":{"line":29,"column":48}},"type":"cond-expr","locations":[{"start":{"line":29,"column":30},"end":{"line":29,"column":41}},{"start":{"line":29,"column":44},"end":{"line":29,"column":48}}],"line":29},"2":{"loc":{"start":{"line":36,"column":4},"end":{"line":36,"column":96}},"type":"if","locations":[{"start":{"line":36,"column":4},"end":{"line":36,"column":96}},{"start":{},"end":{}}],"line":36}},"s":{"0":6,"1":2,"2":2,"3":2,"4":6,"5":2,"6":2,"7":2,"8":2,"9":6,"10":2,"11":2,"12":6,"13":2,"14":2,"15":6,"16":3,"17":3,"18":3,"19":6,"20":4,"21":4,"22":2,"23":2,"24":6,"25":2,"26":2,"27":6,"28":2,"29":2},"f":{"0":2,"1":2,"2":2,"3":2,"4":3,"5":4,"6":2,"7":2},"b":{"0":[2,0],"1":[1,2],"2":[2,2]},"meta":{"lastBranch":3,"lastFunction":8,"lastStatement":30,"seen":{"s:4:29:8:2":0,"f:4:42:4:47":0,"s:5:40:5:48":1,"s:6:20:6:76":2,"s:7:4:7:59":3,"s:10:30:16:2":4,"f:10:43:10:48":1,"b:11:4:13:5:undefined:undefined:undefined:undefined":0,"s:11:4:13:5":5,"s:12:8:12:58":6,"s:14:21:14:78":7,"s:15:4:15:60":8,"s:18:37:21:2":9,"f:18:50:18:55":2,"s:19:21:19:65":10,"s:20:4:20:60":11,"s:23:33:26:2":12,"f:23:46:23:51":3,"s:24:21:24:61":13,"s:25:4:25:60":14,"s:28:38:32:2":15,"f:28:51:28:56":4,"s:29:19:29:48":16,"b:29:30:29:41:29:44:29:48":1,"s:30:21:30:72":17,"s:31:4:31:60":18,"s:34:30:38:2":19,"f:34:43:34:48":5,"s:35:20:35:70":20,"b:36:4:36:96:undefined:undefined:undefined:undefined":2,"s:36:4:36:96":21,"s:36:18:36:96":22,"s:37:4:37:59":23,"s:40:29:43:2":24,"f:40:42:40:47":6,"s:41:20:41:107":25,"s:42:4:42:59":26,"s:45:29:48:2":27,"f:45:42:45:47":7,"s:46:4:46:82":28,"s:47:4:47:54":29},"fnNames":{}}}
,"E:\\SmartE\\backend\\src\\middlewares\\auth.middleware.js": {"path":"E:\\SmartE\\backend\\src\\middlewares\\auth.middleware.js","statementMap":{"0":{"start":{"line":3,"column":28},"end":{"line":16,"column":1}},"1":{"start":{"line":4,"column":23},"end":{"line":4,"column":48}},"2":{"start":{"line":5,"column":4},"end":{"line":7,"column":5}},"3":{"start":{"line":6,"column":8},"end":{"line":6,"column":81}},"4":{"start":{"line":8,"column":18},"end":{"line":8,"column":42}},"5":{"start":{"line":9,"column":4},"end":{"line":15,"column":5}},"6":{"start":{"line":10,"column":24},"end":{"line":10,"column":65}},"7":{"start":{"line":11,"column":8},"end":{"line":11,"column":27}},"8":{"start":{"line":12,"column":8},"end":{"line":12,"column":15}},"9":{"start":{"line":14,"column":8},"end":{"line":14,"column":75}},"10":{"start":{"line":18,"column":25},"end":{"line":23,"column":1}},"11":{"start":{"line":18,"column":41},"end":{"line":23,"column":1}},"12":{"start":{"line":19,"column":4},"end":{"line":21,"column":5}},"13":{"start":{"line":20,"column":8},"end":{"line":20,"column":78}},"14":{"start":{"line":22,"column":4},"end":{"line":22,"column":11}}},"fnMap":{"0":{"name":"(anonymous_0)","decl":{"start":{"line":3,"column":28},"end":{"line":3,"column":29}},"loc":{"start":{"line":3,"column":48},"end":{"line":16,"column":1}},"line":3},"1":{"name":"(anonymous_1)","decl":{"start":{"line":18,"column":25},"end":{"line":18,"column":26}},"loc":{"start":{"line":18,"column":41},"end":{"line":23,"column":1}},"line":18},"2":{"name":"(anonymous_2)","decl":{"start":{"line":18,"column":41},"end":{"line":18,"column":42}},"loc":{"start":{"line":18,"column":61},"end":{"line":23,"column":1}},"line":18}},"branchMap":{"0":{"loc":{"start":{"line":5,"column":4},"end":{"line":7,"column":5}},"type":"if","locations":[{"start":{"line":5,"column":4},"end":{"line":7,"column":5}},{"start":{},"end":{}}],"line":5},"1":{"loc":{"start":{"line":5,"column":8},"end":{"line":5,"column":56}},"type":"binary-expr","locations":[{"start":{"line":5,"column":8},"end":{"line":5,"column":19}},{"start":{"line":5,"column":23},"end":{"line":5,"column":56}}],"line":5},"2":{"loc":{"start":{"line":18,"column":26},"end":{"line":18,"column":36}},"type":"default-arg","locations":[{"start":{"line":18,"column":34},"end":{"line":18,"column":36}}],"line":18},"3":{"loc":{"start":{"line":19,"column":4},"end":{"line":21,"column":5}},"type":"if","locations":[{"start":{"line":19,"column":4},"end":{"line":21,"column":5}},{"start":{},"end":{}}],"line":19}},"s":{"0":6,"1":16,"2":16,"3":5,"4":11,"5":11,"6":11,"7":11,"8":11,"9":1,"10":6,"11":32,"12":9,"13":2,"14":7},"f":{"0":16,"1":32,"2":9},"b":{"0":[5,11],"1":[16,12],"2":[32],"3":[2,7]},"meta":{"lastBranch":4,"lastFunction":3,"lastStatement":15,"seen":{"s:3:28:16:1":0,"f:3:28:3:29":0,"s:4:23:4:48":1,"b:5:4:7:5:undefined:undefined:undefined:undefined":0,"s:5:4:7:5":2,"b:5:8:5:19:5:23:5:56":1,"s:6:8:6:81":3,"s:8:18:8:42":4,"s:9:4:15:5":5,"s:10:24:10:65":6,"s:11:8:11:27":7,"s:12:8:12:15":8,"s:14:8:14:75":9,"s:18:25:23:1":10,"f:18:25:18:26":1,"s:18:41:23:1":11,"b:18:34:18:36":2,"f:18:41:18:42":2,"b:19:4:21:5:undefined:undefined:undefined:undefined":3,"s:19:4:21:5":12,"s:20:8:20:78":13,"s:22:4:22:11":14},"fnNames":{}}}
,"E:\\SmartE\\backend\\src\\middlewares\\error.middleware.js": {"path":"E:\\SmartE\\backend\\src\\middlewares\\error.middleware.js","statementMap":{"0":{"start":{"line":1,"column":28},"end":{"line":4,"column":1}},"1":{"start":{"line":2,"column":4},"end":{"line":2,"column":29}},"2":{"start":{"line":3,"column":4},"end":{"line":3,"column":93}}},"fnMap":{"0":{"name":"(anonymous_0)","decl":{"start":{"line":1,"column":28},"end":{"line":1,"column":29}},"loc":{"start":{"line":1,"column":53},"end":{"line":4,"column":1}},"line":1}},"branchMap":{"0":{"loc":{"start":{"line":3,"column":52},"end":{"line":3,"column":89}},"type":"binary-expr","locations":[{"start":{"line":3,"column":52},"end":{"line":3,"column":63}},{"start":{"line":3,"column":67},"end":{"line":3,"column":89}}],"line":3}},"s":{"0":6,"1":2,"2":2},"f":{"0":2},"b":{"0":[2,1]},"meta":{"lastBranch":1,"lastFunction":1,"lastStatement":3,"seen":{"s:1:28:4:1":0,"f:1:28:1:29":0,"s:2:4:2:29":1,"s:3:4:3:93":2,"b:3:52:3:63:3:67:3:89":0},"fnNames":{}}}
,"E:\\SmartE\\backend\\src\\middlewares\\validate.middleware.js": {"path":"E:\\SmartE\\backend\\src\\middlewares\\validate.middleware.js","statementMap":{"0":{"start":{"line":1,"column":24},"end":{"line":13,"column":1}},"1":{"start":{"line":1,"column":36},"end":{"line":13,"column":1}},"2":{"start":{"line":2,"column":4},"end":{"line":12,"column":5}},"3":{"start":{"line":3,"column":8},"end":{"line":7,"column":11}},"4":{"start":{"line":8,"column":8},"end":{"line":8,"column":15}},"5":{"start":{"line":10,"column":24},"end":{"line":10,"column":119}},"6":{"start":{"line":11,"column":8},"end":{"line":11,"column":58}}},"fnMap":{"0":{"name":"(anonymous_0)","decl":{"start":{"line":1,"column":24},"end":{"line":1,"column":25}},"loc":{"start":{"line":1,"column":36},"end":{"line":13,"column":1}},"line":1},"1":{"name":"(anonymous_1)","decl":{"start":{"line":1,"column":36},"end":{"line":1,"column":41}},"loc":{"start":{"line":1,"column":62},"end":{"line":13,"column":1}},"line":1}},"branchMap":{"0":{"loc":{"start":{"line":10,"column":24},"end":{"line":10,"column":119}},"type":"binary-expr","locations":[{"start":{"line":10,"column":24},"end":{"line":10,"column":50}},{"start":{"line":10,"column":54},"end":{"line":10,"column":80}},{"start":{"line":10,"column":84},"end":{"line":10,"column":97}},{"start":{"line":10,"column":101},"end":{"line":10,"column":119}}],"line":10}},"s":{"0":6,"1":12,"2":7,"3":7,"4":4,"5":3,"6":3},"f":{"0":12,"1":7},"b":{"0":[3,0,0,0]},"meta":{"lastBranch":1,"lastFunction":2,"lastStatement":7,"seen":{"s:1:24:13:1":0,"f:1:24:1:25":0,"s:1:36:13:1":1,"f:1:36:1:41":1,"s:2:4:12:5":2,"s:3:8:7:11":3,"s:8:8:8:15":4,"s:10:24:10:119":5,"b:10:24:10:50:10:54:10:80:10:84:10:97:10:101:10:119":0,"s:11:8:11:58":6},"fnNames":{}}}
,"E:\\SmartE\\backend\\src\\routes\\auth.routes.js": {"path":"E:\\SmartE\\backend\\src\\routes\\auth.routes.js","statementMap":{"0":{"start":{"line":8,"column":15},"end":{"line":8,"column":23}},"1":{"start":{"line":10,"column":0},"end":{"line":10,"column":61}},"2":{"start":{"line":11,"column":0},"end":{"line":11,"column":52}},"3":{"start":{"line":12,"column":0},"end":{"line":12,"column":45}},"4":{"start":{"line":13,"column":0},"end":{"line":13,"column":39}},"5":{"start":{"line":15,"column":0},"end":{"line":15,"column":33}},"6":{"start":{"line":17,"column":0},"end":{"line":17,"column":88}},"7":{"start":{"line":18,"column":0},"end":{"line":18,"column":152}},"8":{"start":{"line":20,"column":0},"end":{"line":20,"column":99}},"9":{"start":{"line":21,"column":0},"end":{"line":21,"column":158}},"10":{"start":{"line":23,"column":0},"end":{"line":23,"column":48}},"11":{"start":{"line":24,"column":0},"end":{"line":24,"column":46}}},"fnMap":{},"branchMap":{},"s":{"0":5,"1":5,"2":5,"3":5,"4":5,"5":5,"6":5,"7":5,"8":5,"9":5,"10":5,"11":5},"f":{},"b":{},"meta":{"lastBranch":0,"lastFunction":0,"lastStatement":12,"seen":{"s:8:15:8:23":0,"s:10:0:10:61":1,"s:11:0:11:52":2,"s:12:0:12:45":3,"s:13:0:13:39":4,"s:15:0:15:33":5,"s:17:0:17:88":6,"s:18:0:18:152":7,"s:20:0:20:99":8,"s:21:0:21:158":9,"s:23:0:23:48":10,"s:24:0:24:46":11},"fnNames":{}}}
,"E:\\SmartE\\backend\\src\\routes\\benchmark.routes.js": {"path":"E:\\SmartE\\backend\\src\\routes\\benchmark.routes.js","statementMap":{"0":{"start":{"line":8,"column":15},"end":{"line":8,"column":23}},"1":{"start":{"line":10,"column":0},"end":{"line":10,"column":null}},"2":{"start":{"line":11,"column":0},"end":{"line":11,"column":null}},"3":{"start":{"line":13,"column":0},"end":{"line":13,"column":null}},"4":{"start":{"line":14,"column":0},"end":{"line":14,"column":null}},"5":{"start":{"line":16,"column":0},"end":{"line":16,"column":null}},"6":{"start":{"line":17,"column":0},"end":{"line":17,"column":null}}},"fnMap":{},"branchMap":{},"s":{"0":5,"1":5,"2":5,"3":5,"4":5,"5":5,"6":5},"f":{},"b":{},"meta":{"lastBranch":0,"lastFunction":0,"lastStatement":7,"seen":{"s:8:15:8:23":0,"s:10:0:10:Infinity":1,"s:11:0:11:Infinity":2,"s:13:0:13:Infinity":3,"s:14:0:14:Infinity":4,"s:16:0:16:Infinity":5,"s:17:0:17:Infinity":6},"fnNames":{}}}
,"E:\\SmartE\\backend\\src\\routes\\category.routes.js": {"path":"E:\\SmartE\\backend\\src\\routes\\category.routes.js","statementMap":{"0":{"start":{"line":5,"column":15},"end":{"line":5,"column":23}},"1":{"start":{"line":7,"column":0},"end":{"line":7,"column":34}},"2":{"start":{"line":8,"column":0},"end":{"line":8,"column":78}},"3":{"start":{"line":9,"column":0},"end":{"line":9,"column":80}},"4":{"start":{"line":10,"column":0},"end":{"line":10,"column":83}}},"fnMap":{},"branchMap":{},"s":{"0":5,"1":5,"2":5,"3":5,"4":5},"f":{},"b":{},"meta":{"lastBranch":0,"lastFunction":0,"lastStatement":5,"seen":{"s:5:15:5:23":0,"s:7:0:7:34":1,"s:8:0:8:78":2,"s:9:0:9:80":3,"s:10:0:10:83":4},"fnNames":{}}}
,"E:\\SmartE\\backend\\src\\routes\\flashSale.routes.js": {"path":"E:\\SmartE\\backend\\src\\routes\\flashSale.routes.js","statementMap":{"0":{"start":{"line":4,"column":15},"end":{"line":4,"column":31}},"1":{"start":{"line":6,"column":0},"end":{"line":6,"column":31}},"2":{"start":{"line":7,"column":0},"end":{"line":7,"column":34}}},"fnMap":{},"branchMap":{},"s":{"0":5,"1":5,"2":5},"f":{},"b":{},"meta":{"lastBranch":0,"lastFunction":0,"lastStatement":3,"seen":{"s:4:15:4:31":0,"s:6:0:6:31":1,"s:7:0:7:34":2},"fnNames":{}}}
,"E:\\SmartE\\backend\\src\\routes\\product.routes.js": {"path":"E:\\SmartE\\backend\\src\\routes\\product.routes.js","statementMap":{"0":{"start":{"line":5,"column":15},"end":{"line":5,"column":23}},"1":{"start":{"line":7,"column":0},"end":{"line":7,"column":32}},"2":{"start":{"line":8,"column":0},"end":{"line":8,"column":50}},"3":{"start":{"line":9,"column":0},"end":{"line":9,"column":41}},"4":{"start":{"line":10,"column":0},"end":{"line":10,"column":51}},"5":{"start":{"line":11,"column":0},"end":{"line":11,"column":35}},"6":{"start":{"line":12,"column":0},"end":{"line":12,"column":77}},"7":{"start":{"line":13,"column":0},"end":{"line":13,"column":79}},"8":{"start":{"line":14,"column":0},"end":{"line":14,"column":82}}},"fnMap":{},"branchMap":{},"s":{"0":5,"1":5,"2":5,"3":5,"4":5,"5":5,"6":5,"7":5,"8":5},"f":{},"b":{},"meta":{"lastBranch":0,"lastFunction":0,"lastStatement":9,"seen":{"s:5:15:5:23":0,"s:7:0:7:32":1,"s:8:0:8:50":2,"s:9:0:9:41":3,"s:10:0:10:51":4,"s:11:0:11:35":5,"s:12:0:12:77":6,"s:13:0:13:79":7,"s:14:0:14:82":8},"fnNames":{}}}
,"E:\\SmartE\\backend\\src\\services\\auth.service.js": {"path":"E:\\SmartE\\backend\\src\\services\\auth.service.js","statementMap":{"0":{"start":{"line":8,"column":24},"end":{"line":32,"column":1}},"1":{"start":{"line":9,"column":27},"end":{"line":9,"column":58}},"2":{"start":{"line":10,"column":4},"end":{"line":31,"column":7}},"3":{"start":{"line":34,"column":21},"end":{"line":43,"column":1}},"4":{"start":{"line":35,"column":17},"end":{"line":35,"column":67}},"5":{"start":{"line":36,"column":4},"end":{"line":38,"column":5}},"6":{"start":{"line":37,"column":8},"end":{"line":37,"column":47}},"7":{"start":{"line":39,"column":24},"end":{"line":39,"column":112}},"8":{"start":{"line":40,"column":25},"end":{"line":40,"column":104}},"9":{"start":{"line":41,"column":4},"end":{"line":41,"column":88}},"10":{"start":{"line":42,"column":4},"end":{"line":42,"column":117}},"11":{"start":{"line":45,"column":22},"end":{"line":47,"column":1}},"12":{"start":{"line":46,"column":4},"end":{"line":46,"column":46}},"13":{"start":{"line":49,"column":23},"end":{"line":56,"column":1}},"14":{"start":{"line":50,"column":20},"end":{"line":50,"column":69}},"15":{"start":{"line":51,"column":24},"end":{"line":51,"column":69}},"16":{"start":{"line":52,"column":4},"end":{"line":52,"column":72}},"17":{"start":{"line":52,"column":31},"end":{"line":52,"column":72}},"18":{"start":{"line":53,"column":17},"end":{"line":53,"column":76}},"19":{"start":{"line":54,"column":24},"end":{"line":54,"column":112}},"20":{"start":{"line":55,"column":4},"end":{"line":55,"column":27}},"21":{"start":{"line":58,"column":27},"end":{"line":62,"column":1}},"22":{"start":{"line":59,"column":17},"end":{"line":59,"column":72}},"23":{"start":{"line":60,"column":4},"end":{"line":60,"column":49}},"24":{"start":{"line":60,"column":15},"end":{"line":60,"column":49}},"25":{"start":{"line":61,"column":4},"end":{"line":61,"column":80}},"26":{"start":{"line":64,"column":30},"end":{"line":95,"column":1}},"27":{"start":{"line":65,"column":17},"end":{"line":65,"column":67}},"28":{"start":{"line":66,"column":4},"end":{"line":66,"column":49}},"29":{"start":{"line":66,"column":15},"end":{"line":66,"column":49}},"30":{"start":{"line":68,"column":23},"end":{"line":68,"column":61}},"31":{"start":{"line":69,"column":27},"end":{"line":69,"column":87}},"32":{"start":{"line":70,"column":25},"end":{"line":70,"column":62}},"33":{"start":{"line":72,"column":4},"end":{"line":78,"column":7}},"34":{"start":{"line":80,"column":24},"end":{"line":86,"column":6}},"35":{"start":{"line":88,"column":21},"end":{"line":88,"column":77}},"36":{"start":{"line":89,"column":4},"end":{"line":94,"column":7}},"37":{"start":{"line":97,"column":29},"end":{"line":117,"column":1}},"38":{"start":{"line":98,"column":27},"end":{"line":98,"column":82}},"39":{"start":{"line":99,"column":17},"end":{"line":104,"column":6}},"40":{"start":{"line":106,"column":4},"end":{"line":106,"column":59}},"41":{"start":{"line":106,"column":15},"end":{"line":106,"column":59}},"42":{"start":{"line":108,"column":27},"end":{"line":108,"column":58}},"43":{"start":{"line":109,"column":4},"end":{"line":116,"column":7}}},"fnMap":{"0":{"name":"(anonymous_0)","decl":{"start":{"line":8,"column":24},"end":{"line":8,"column":29}},"loc":{"start":{"line":8,"column":73},"end":{"line":32,"column":1}},"line":8},"1":{"name":"(anonymous_1)","decl":{"start":{"line":34,"column":21},"end":{"line":34,"column":26}},"loc":{"start":{"line":34,"column":48},"end":{"line":43,"column":1}},"line":34},"2":{"name":"(anonymous_2)","decl":{"start":{"line":45,"column":22},"end":{"line":45,"column":27}},"loc":{"start":{"line":45,"column":40},"end":{"line":47,"column":1}},"line":45},"3":{"name":"(anonymous_3)","decl":{"start":{"line":49,"column":23},"end":{"line":49,"column":28}},"loc":{"start":{"line":49,"column":40},"end":{"line":56,"column":1}},"line":49},"4":{"name":"(anonymous_4)","decl":{"start":{"line":58,"column":27},"end":{"line":58,"column":32}},"loc":{"start":{"line":58,"column":45},"end":{"line":62,"column":1}},"line":58},"5":{"name":"(anonymous_5)","decl":{"start":{"line":64,"column":30},"end":{"line":64,"column":35}},"loc":{"start":{"line":64,"column":47},"end":{"line":95,"column":1}},"line":64},"6":{"name":"(anonymous_6)","decl":{"start":{"line":97,"column":29},"end":{"line":97,"column":34}},"loc":{"start":{"line":97,"column":56},"end":{"line":117,"column":1}},"line":97}},"branchMap":{"0":{"loc":{"start":{"line":22,"column":34},"end":{"line":22,"column":59}},"type":"binary-expr","locations":[{"start":{"line":22,"column":34},"end":{"line":22,"column":50}},{"start":{"line":22,"column":54},"end":{"line":22,"column":59}}],"line":22},"1":{"loc":{"start":{"line":23,"column":34},"end":{"line":23,"column":59}},"type":"binary-expr","locations":[{"start":{"line":23,"column":34},"end":{"line":23,"column":50}},{"start":{"line":23,"column":54},"end":{"line":23,"column":59}}],"line":23},"2":{"loc":{"start":{"line":24,"column":30},"end":{"line":24,"column":51}},"type":"binary-expr","locations":[{"start":{"line":24,"column":30},"end":{"line":24,"column":42}},{"start":{"line":24,"column":46},"end":{"line":24,"column":51}}],"line":24},"3":{"loc":{"start":{"line":25,"column":32},"end":{"line":25,"column":57}},"type":"binary-expr","locations":[{"start":{"line":25,"column":32},"end":{"line":25,"column":46}},{"start":{"line":25,"column":50},"end":{"line":25,"column":57}}],"line":25},"4":{"loc":{"start":{"line":36,"column":4},"end":{"line":38,"column":5}},"type":"if","locations":[{"start":{"line":36,"column":4},"end":{"line":38,"column":5}},{"start":{},"end":{}}],"line":36},"5":{"loc":{"start":{"line":36,"column":8},"end":{"line":36,"column":65}},"type":"binary-expr","locations":[{"start":{"line":36,"column":8},"end":{"line":36,"column":13}},{"start":{"line":36,"column":17},"end":{"line":36,"column":65}}],"line":36},"6":{"loc":{"start":{"line":52,"column":4},"end":{"line":52,"column":72}},"type":"if","locations":[{"start":{"line":52,"column":4},"end":{"line":52,"column":72}},{"start":{},"end":{}}],"line":52},"7":{"loc":{"start":{"line":60,"column":4},"end":{"line":60,"column":49}},"type":"if","locations":[{"start":{"line":60,"column":4},"end":{"line":60,"column":49}},{"start":{},"end":{}}],"line":60},"8":{"loc":{"start":{"line":66,"column":4},"end":{"line":66,"column":49}},"type":"if","locations":[{"start":{"line":66,"column":4},"end":{"line":66,"column":49}},{"start":{},"end":{}}],"line":66},"9":{"loc":{"start":{"line":106,"column":4},"end":{"line":106,"column":59}},"type":"if","locations":[{"start":{"line":106,"column":4},"end":{"line":106,"column":59}},{"start":{},"end":{}}],"line":106}},"s":{"0":5,"1":2,"2":2,"3":5,"4":3,"5":3,"6":2,"7":1,"8":1,"9":1,"10":1,"11":5,"12":1,"13":5,"14":2,"15":2,"16":2,"17":1,"18":1,"19":1,"20":1,"21":5,"22":2,"23":2,"24":1,"25":1,"26":5,"27":2,"28":2,"29":1,"30":1,"31":1,"32":1,"33":1,"34":1,"35":1,"36":1,"37":5,"38":2,"39":2,"40":2,"41":1,"42":1,"43":1},"f":{"0":2,"1":3,"2":1,"3":2,"4":2,"5":2,"6":2},"b":{"0":[2,1],"1":[2,1],"2":[2,1],"3":[2,1],"4":[2,1],"5":[3,2],"6":[1,1],"7":[1,1],"8":[1,1],"9":[1,1]},"meta":{"lastBranch":10,"lastFunction":7,"lastStatement":44,"seen":{"s:8:24:32:1":0,"f:8:24:8:29":0,"s:9:27:9:58":1,"s:10:4:31:7":2,"b:22:34:22:50:22:54:22:59":0,"b:23:34:23:50:23:54:23:59":1,"b:24:30:24:42:24:46:24:51":2,"b:25:32:25:46:25:50:25:57":3,"s:34:21:43:1":3,"f:34:21:34:26":1,"s:35:17:35:67":4,"b:36:4:38:5:undefined:undefined:undefined:undefined":4,"s:36:4:38:5":5,"b:36:8:36:13:36:17:36:65":5,"s:37:8:37:47":6,"s:39:24:39:112":7,"s:40:25:40:104":8,"s:41:4:41:88":9,"s:42:4:42:117":10,"s:45:22:47:1":11,"f:45:22:45:27":2,"s:46:4:46:46":12,"s:49:23:56:1":13,"f:49:23:49:28":3,"s:50:20:50:69":14,"s:51:24:51:69":15,"b:52:4:52:72:undefined:undefined:undefined:undefined":6,"s:52:4:52:72":16,"s:52:31:52:72":17,"s:53:17:53:76":18,"s:54:24:54:112":19,"s:55:4:55:27":20,"s:58:27:62:1":21,"f:58:27:58:32":4,"s:59:17:59:72":22,"b:60:4:60:49:undefined:undefined:undefined:undefined":7,"s:60:4:60:49":23,"s:60:15:60:49":24,"s:61:4:61:80":25,"s:64:30:95:1":26,"f:64:30:64:35":5,"s:65:17:65:67":27,"b:66:4:66:49:undefined:undefined:undefined:undefined":8,"s:66:4:66:49":28,"s:66:15:66:49":29,"s:68:23:68:61":30,"s:69:27:69:87":31,"s:70:25:70:62":32,"s:72:4:78:7":33,"s:80:24:86:6":34,"s:88:21:88:77":35,"s:89:4:94:7":36,"s:97:29:117:1":37,"f:97:29:97:34":6,"s:98:27:98:82":38,"s:99:17:104:6":39,"b:106:4:106:59:undefined:undefined:undefined:undefined":9,"s:106:4:106:59":40,"s:106:15:106:59":41,"s:108:27:108:58":42,"s:109:4:116:7":43},"fnNames":{}}}
,"E:\\SmartE\\backend\\src\\services\\benchmark.service.js": {"path":"E:\\SmartE\\backend\\src\\services\\benchmark.service.js","statementMap":{"0":{"start":{"line":4,"column":20},"end":{"line":4,"column":29}},"1":{"start":{"line":6,"column":24},"end":{"line":12,"column":1}},"2":{"start":{"line":7,"column":4},"end":{"line":11,"column":null}},"3":{"start":{"line":8,"column":8},"end":{"line":10,"column":null}},"4":{"start":{"line":9,"column":12},"end":{"line":9,"column":null}},"5":{"start":{"line":19,"column":17},"end":{"line":19,"column":19}},"6":{"start":{"line":20,"column":19},"end":{"line":20,"column":84}},"7":{"start":{"line":20,"column":28},"end":{"line":20,"column":84}},"8":{"start":{"line":22,"column":4},"end":{"line":22,"column":null}},"9":{"start":{"line":25,"column":20},"end":{"line":25,"column":25}},"10":{"start":{"line":26,"column":4},"end":{"line":37,"column":null}},"11":{"start":{"line":26,"column":23},"end":{"line":26,"column":24}},"12":{"start":{"line":27,"column":8},"end":{"line":36,"column":null}},"13":{"start":{"line":28,"column":12},"end":{"line":28,"column":null}},"14":{"start":{"line":29,"column":12},"end":{"line":29,"column":null}},"15":{"start":{"line":30,"column":12},"end":{"line":30,"column":null}},"16":{"start":{"line":31,"column":12},"end":{"line":31,"column":null}},"17":{"start":{"line":32,"column":12},"end":{"line":32,"column":null}},"18":{"start":{"line":34,"column":12},"end":{"line":34,"column":null}},"19":{"start":{"line":35,"column":12},"end":{"line":35,"column":null}},"20":{"start":{"line":35,"column":37},"end":{"line":35,"column":56}},"21":{"start":{"line":39,"column":4},"end":{"line":41,"column":null}},"22":{"start":{"line":40,"column":8},"end":{"line":40,"column":null}},"23":{"start":{"line":43,"column":20},"end":{"line":43,"column":50}},"24":{"start":{"line":46,"column":4},"end":{"line":46,"column":null}},"25":{"start":{"line":47,"column":25},"end":{"line":47,"column":27}},"26":{"start":{"line":48,"column":4},"end":{"line":56,"column":null}},"27":{"start":{"line":48,"column":17},"end":{"line":48,"column":18}},"28":{"start":{"line":49,"column":22},"end":{"line":49,"column":39}},"29":{"start":{"line":50,"column":25},"end":{"line":53,"column":10}},"30":{"start":{"line":54,"column":25},"end":{"line":54,"column":50}},"31":{"start":{"line":55,"column":8},"end":{"line":55,"column":null}},"32":{"start":{"line":58,"column":23},"end":{"line":58,"column":75}},"33":{"start":{"line":58,"column":53},"end":{"line":58,"column":58}},"34":{"start":{"line":59,"column":23},"end":{"line":59,"column":48}},"35":{"start":{"line":60,"column":23},"end":{"line":60,"column":48}},"36":{"start":{"line":63,"column":4},"end":{"line":63,"column":null}},"37":{"start":{"line":66,"column":4},"end":{"line":66,"column":null}},"38":{"start":{"line":67,"column":22},"end":{"line":67,"column":39}},"39":{"start":{"line":68,"column":19},"end":{"line":71,"column":6}},"40":{"start":{"line":72,"column":4},"end":{"line":72,"column":null}},"41":{"start":{"line":73,"column":25},"end":{"line":73,"column":54}},"42":{"start":{"line":76,"column":4},"end":{"line":76,"column":null}},"43":{"start":{"line":77,"column":28},"end":{"line":77,"column":30}},"44":{"start":{"line":78,"column":4},"end":{"line":84,"column":null}},"45":{"start":{"line":78,"column":17},"end":{"line":78,"column":18}},"46":{"start":{"line":79,"column":22},"end":{"line":79,"column":39}},"47":{"start":{"line":80,"column":20},"end":{"line":80,"column":44}},"48":{"start":{"line":81,"column":8},"end":{"line":81,"column":null}},"49":{"start":{"line":81,"column":37},"end":{"line":81,"column":null}},"50":{"start":{"line":82,"column":25},"end":{"line":82,"column":50}},"51":{"start":{"line":83,"column":8},"end":{"line":83,"column":null}},"52":{"start":{"line":86,"column":26},"end":{"line":86,"column":81}},"53":{"start":{"line":86,"column":59},"end":{"line":86,"column":64}},"54":{"start":{"line":87,"column":26},"end":{"line":87,"column":54}},"55":{"start":{"line":88,"column":26},"end":{"line":88,"column":54}},"56":{"start":{"line":91,"column":4},"end":{"line":91,"column":null}},"57":{"start":{"line":92,"column":4},"end":{"line":92,"column":null}},"58":{"start":{"line":93,"column":26},"end":{"line":93,"column":28}},"59":{"start":{"line":94,"column":4},"end":{"line":100,"column":null}},"60":{"start":{"line":94,"column":17},"end":{"line":94,"column":18}},"61":{"start":{"line":95,"column":22},"end":{"line":95,"column":39}},"62":{"start":{"line":96,"column":20},"end":{"line":96,"column":44}},"63":{"start":{"line":97,"column":8},"end":{"line":97,"column":null}},"64":{"start":{"line":98,"column":25},"end":{"line":98,"column":50}},"65":{"start":{"line":99,"column":8},"end":{"line":99,"column":null}},"66":{"start":{"line":102,"column":24},"end":{"line":102,"column":77}},"67":{"start":{"line":102,"column":55},"end":{"line":102,"column":60}},"68":{"start":{"line":103,"column":24},"end":{"line":103,"column":50}},"69":{"start":{"line":104,"column":24},"end":{"line":104,"column":50}},"70":{"start":{"line":107,"column":4},"end":{"line":107,"column":null}},"71":{"start":{"line":108,"column":23},"end":{"line":108,"column":48}},"72":{"start":{"line":109,"column":22},"end":{"line":109,"column":59}},"73":{"start":{"line":110,"column":4},"end":{"line":110,"column":null}},"74":{"start":{"line":112,"column":24},"end":{"line":112,"column":41}},"75":{"start":{"line":113,"column":4},"end":{"line":113,"column":null}},"76":{"start":{"line":114,"column":23},"end":{"line":114,"column":54}},"77":{"start":{"line":116,"column":27},"end":{"line":116,"column":44}},"78":{"start":{"line":117,"column":4},"end":{"line":117,"column":null}},"79":{"start":{"line":118,"column":26},"end":{"line":118,"column":60}},"80":{"start":{"line":121,"column":4},"end":{"line":121,"column":null}},"81":{"start":{"line":122,"column":4},"end":{"line":122,"column":null}},"82":{"start":{"line":124,"column":4},"end":{"line":124,"column":null}},"83":{"start":{"line":126,"column":31},"end":{"line":126,"column":77}},"84":{"start":{"line":127,"column":29},"end":{"line":127,"column":76}},"85":{"start":{"line":129,"column":4},"end":{"line":177,"column":null}},"86":{"start":{"line":185,"column":17},"end":{"line":185,"column":19}},"87":{"start":{"line":186,"column":19},"end":{"line":186,"column":84}},"88":{"start":{"line":186,"column":28},"end":{"line":186,"column":84}},"89":{"start":{"line":188,"column":4},"end":{"line":188,"column":null}},"90":{"start":{"line":191,"column":4},"end":{"line":193,"column":null}},"91":{"start":{"line":191,"column":17},"end":{"line":191,"column":18}},"92":{"start":{"line":192,"column":8},"end":{"line":192,"column":null}},"93":{"start":{"line":196,"column":4},"end":{"line":196,"column":null}},"94":{"start":{"line":199,"column":23},"end":{"line":199,"column":40}},"95":{"start":{"line":200,"column":4},"end":{"line":202,"column":null}},"96":{"start":{"line":200,"column":17},"end":{"line":200,"column":18}},"97":{"start":{"line":201,"column":8},"end":{"line":201,"column":null}},"98":{"start":{"line":203,"column":22},"end":{"line":203,"column":52}},"99":{"start":{"line":206,"column":23},"end":{"line":206,"column":40}},"100":{"start":{"line":207,"column":23},"end":{"line":207,"column":87}},"101":{"start":{"line":207,"column":63},"end":{"line":207,"column":86}},"102":{"start":{"line":208,"column":4},"end":{"line":208,"column":null}},"103":{"start":{"line":209,"column":22},"end":{"line":209,"column":52}},"104":{"start":{"line":212,"column":4},"end":{"line":212,"column":null}},"105":{"start":{"line":215,"column":26},"end":{"line":215,"column":43}},"106":{"start":{"line":216,"column":4},"end":{"line":218,"column":null}},"107":{"start":{"line":216,"column":17},"end":{"line":216,"column":18}},"108":{"start":{"line":217,"column":8},"end":{"line":217,"column":null}},"109":{"start":{"line":219,"column":25},"end":{"line":219,"column":58}},"110":{"start":{"line":222,"column":26},"end":{"line":222,"column":43}},"111":{"start":{"line":223,"column":29},"end":{"line":223,"column":102}},"112":{"start":{"line":223,"column":69},"end":{"line":223,"column":101}},"113":{"start":{"line":224,"column":4},"end":{"line":224,"column":null}},"114":{"start":{"line":225,"column":25},"end":{"line":225,"column":58}},"115":{"start":{"line":228,"column":4},"end":{"line":228,"column":null}},"116":{"start":{"line":230,"column":24},"end":{"line":235,"column":5}},"117":{"start":{"line":231,"column":8},"end":{"line":234,"column":null}},"118":{"start":{"line":238,"column":23},"end":{"line":238,"column":40}},"119":{"start":{"line":239,"column":4},"end":{"line":241,"column":null}},"120":{"start":{"line":239,"column":17},"end":{"line":239,"column":18}},"121":{"start":{"line":240,"column":8},"end":{"line":240,"column":null}},"122":{"start":{"line":242,"column":22},"end":{"line":242,"column":52}},"123":{"start":{"line":245,"column":23},"end":{"line":245,"column":40}},"124":{"start":{"line":246,"column":26},"end":{"line":246,"column":76}},"125":{"start":{"line":246,"column":62},"end":{"line":246,"column":75}},"126":{"start":{"line":247,"column":4},"end":{"line":247,"column":null}},"127":{"start":{"line":248,"column":22},"end":{"line":248,"column":52}},"128":{"start":{"line":251,"column":4},"end":{"line":253,"column":null}},"129":{"start":{"line":251,"column":17},"end":{"line":251,"column":18}},"130":{"start":{"line":252,"column":8},"end":{"line":252,"column":null}},"131":{"start":{"line":255,"column":4},"end":{"line":255,"column":null}},"132":{"start":{"line":257,"column":22},"end":{"line":257,"column":63}},"133":{"start":{"line":258,"column":25},"end":{"line":258,"column":72}},"134":{"start":{"line":259,"column":22},"end":{"line":259,"column":63}},"135":{"start":{"line":261,"column":4},"end":{"line":293,"column":null}},"136":{"start":{"line":300,"column":22},"end":{"line":300,"column":39}},"137":{"start":{"line":301,"column":24},"end":{"line":301,"column":59}},"138":{"start":{"line":302,"column":24},"end":{"line":302,"column":54}},"139":{"start":{"line":303,"column":24},"end":{"line":303,"column":53}},"140":{"start":{"line":305,"column":4},"end":{"line":315,"column":null}}},"fnMap":{"0":{"name":"(anonymous_0)","decl":{"start":{"line":6,"column":24},"end":{"line":6,"column":25}},"loc":{"start":{"line":6,"column":47},"end":{"line":12,"column":1}},"line":6},"1":{"name":"(anonymous_1)","decl":{"start":{"line":7,"column":23},"end":{"line":7,"column":24}},"loc":{"start":{"line":7,"column":36},"end":{"line":11,"column":5}},"line":7},"2":{"name":"(anonymous_2)","decl":{"start":{"line":8,"column":19},"end":{"line":8,"column":20}},"loc":{"start":{"line":8,"column":25},"end":{"line":10,"column":9}},"line":8},"3":{"name":"runCacheBenchmark","decl":{"start":{"line":18,"column":22},"end":{"line":18,"column":39}},"loc":{"start":{"line":18,"column":57},"end":{"line":178,"column":null}},"line":18},"4":{"name":"(anonymous_4)","decl":{"start":{"line":20,"column":19},"end":{"line":20,"column":20}},"loc":{"start":{"line":20,"column":28},"end":{"line":20,"column":84}},"line":20},"5":{"name":"(anonymous_5)","decl":{"start":{"line":35,"column":30},"end":{"line":35,"column":31}},"loc":{"start":{"line":35,"column":37},"end":{"line":35,"column":56}},"line":35},"6":{"name":"(anonymous_6)","decl":{"start":{"line":58,"column":43},"end":{"line":58,"column":44}},"loc":{"start":{"line":58,"column":53},"end":{"line":58,"column":58}},"line":58},"7":{"name":"(anonymous_7)","decl":{"start":{"line":86,"column":49},"end":{"line":86,"column":50}},"loc":{"start":{"line":86,"column":59},"end":{"line":86,"column":64}},"line":86},"8":{"name":"(anonymous_8)","decl":{"start":{"line":102,"column":45},"end":{"line":102,"column":46}},"loc":{"start":{"line":102,"column":55},"end":{"line":102,"column":60}},"line":102},"9":{"name":"runAsyncBenchmark","decl":{"start":{"line":184,"column":22},"end":{"line":184,"column":39}},"loc":{"start":{"line":184,"column":52},"end":{"line":294,"column":null}},"line":184},"10":{"name":"(anonymous_10)","decl":{"start":{"line":186,"column":19},"end":{"line":186,"column":20}},"loc":{"start":{"line":186,"column":28},"end":{"line":186,"column":84}},"line":186},"11":{"name":"(anonymous_11)","decl":{"start":{"line":207,"column":53},"end":{"line":207,"column":54}},"loc":{"start":{"line":207,"column":63},"end":{"line":207,"column":86}},"line":207},"12":{"name":"(anonymous_12)","decl":{"start":{"line":223,"column":59},"end":{"line":223,"column":60}},"loc":{"start":{"line":223,"column":69},"end":{"line":223,"column":101}},"line":223},"13":{"name":"(anonymous_13)","decl":{"start":{"line":230,"column":24},"end":{"line":230,"column":29}},"loc":{"start":{"line":230,"column":36},"end":{"line":235,"column":5}},"line":230},"14":{"name":"(anonymous_14)","decl":{"start":{"line":246,"column":56},"end":{"line":246,"column":57}},"loc":{"start":{"line":246,"column":62},"end":{"line":246,"column":75}},"line":246},"15":{"name":"runFullBenchmarkSuite","decl":{"start":{"line":299,"column":22},"end":{"line":299,"column":43}},"loc":{"start":{"line":299,"column":73},"end":{"line":316,"column":null}},"line":299}},"branchMap":{"0":{"loc":{"start":{"line":6,"column":29},"end":{"line":6,"column":42}},"type":"default-arg","locations":[{"start":{"line":6,"column":39},"end":{"line":6,"column":42}}],"line":6},"1":{"loc":{"start":{"line":18,"column":40},"end":{"line":18,"column":55}},"type":"default-arg","locations":[{"start":{"line":18,"column":53},"end":{"line":18,"column":55}}],"line":18},"2":{"loc":{"start":{"line":39,"column":4},"end":{"line":41,"column":null}},"type":"if","locations":[{"start":{"line":39,"column":4},"end":{"line":41,"column":null}},{"start":{},"end":{}}],"line":39},"3":{"loc":{"start":{"line":81,"column":8},"end":{"line":81,"column":null}},"type":"if","locations":[{"start":{"line":81,"column":8},"end":{"line":81,"column":null}},{"start":{},"end":{}}],"line":81},"4":{"loc":{"start":{"line":126,"column":46},"end":{"line":126,"column":64}},"type":"binary-expr","locations":[{"start":{"line":126,"column":46},"end":{"line":126,"column":59}},{"start":{"line":126,"column":63},"end":{"line":126,"column":64}}],"line":126},"5":{"loc":{"start":{"line":127,"column":44},"end":{"line":127,"column":63}},"type":"binary-expr","locations":[{"start":{"line":127,"column":44},"end":{"line":127,"column":55}},{"start":{"line":127,"column":59},"end":{"line":127,"column":63}}],"line":127},"6":{"loc":{"start":{"line":175,"column":39},"end":{"line":175,"column":57}},"type":"binary-expr","locations":[{"start":{"line":175,"column":39},"end":{"line":175,"column":52}},{"start":{"line":175,"column":56},"end":{"line":175,"column":57}}],"line":175},"7":{"loc":{"start":{"line":184,"column":40},"end":{"line":184,"column":50}},"type":"default-arg","locations":[{"start":{"line":184,"column":48},"end":{"line":184,"column":50}}],"line":184},"8":{"loc":{"start":{"line":257,"column":36},"end":{"line":257,"column":50}},"type":"binary-expr","locations":[{"start":{"line":257,"column":36},"end":{"line":257,"column":45}},{"start":{"line":257,"column":49},"end":{"line":257,"column":50}}],"line":257},"9":{"loc":{"start":{"line":258,"column":42},"end":{"line":258,"column":59}},"type":"binary-expr","locations":[{"start":{"line":258,"column":42},"end":{"line":258,"column":54}},{"start":{"line":258,"column":58},"end":{"line":258,"column":59}}],"line":258},"10":{"loc":{"start":{"line":259,"column":36},"end":{"line":259,"column":50}},"type":"binary-expr","locations":[{"start":{"line":259,"column":36},"end":{"line":259,"column":45}},{"start":{"line":259,"column":49},"end":{"line":259,"column":50}}],"line":259},"11":{"loc":{"start":{"line":299,"column":44},"end":{"line":299,"column":59}},"type":"default-arg","locations":[{"start":{"line":299,"column":57},"end":{"line":299,"column":59}}],"line":299},"12":{"loc":{"start":{"line":299,"column":61},"end":{"line":299,"column":71}},"type":"default-arg","locations":[{"start":{"line":299,"column":69},"end":{"line":299,"column":71}}],"line":299}},"s":{"0":5,"1":5,"2":8,"3":8,"4":8,"5":3,"6":3,"7":20,"8":3,"9":3,"10":3,"11":3,"12":5,"13":5,"14":2,"15":2,"16":2,"17":2,"18":3,"19":3,"20":3,"21":5,"22":1,"23":2,"24":2,"25":2,"26":2,"27":2,"28":4,"29":4,"30":4,"31":4,"32":2,"33":4,"34":2,"35":2,"36":2,"37":2,"38":2,"39":2,"40":2,"41":2,"42":2,"43":2,"44":2,"45":2,"46":4,"47":4,"48":4,"49":4,"50":4,"51":4,"52":2,"53":4,"54":2,"55":2,"56":2,"57":2,"58":2,"59":2,"60":2,"61":4,"62":4,"63":4,"64":4,"65":4,"66":2,"67":4,"68":2,"69":2,"70":2,"71":2,"72":2,"73":2,"74":2,"75":2,"76":2,"77":2,"78":2,"79":2,"80":2,"81":2,"82":2,"83":2,"84":3,"85":3,"86":2,"87":2,"88":10,"89":2,"90":2,"91":2,"92":4,"93":2,"94":2,"95":2,"96":2,"97":4,"98":2,"99":2,"100":2,"101":4,"102":2,"103":2,"104":2,"105":2,"106":2,"107":2,"108":4,"109":2,"110":2,"111":2,"112":4,"113":2,"114":2,"115":2,"116":2,"117":8,"118":2,"119":2,"120":2,"121":4,"122":2,"123":2,"124":2,"125":4,"126":2,"127":2,"128":2,"129":2,"130":4,"131":2,"132":2,"133":2,"134":2,"135":2,"136":1,"137":1,"138":1,"139":1,"140":1},"f":{"0":8,"1":8,"2":8,"3":3,"4":20,"5":3,"6":4,"7":4,"8":4,"9":2,"10":10,"11":4,"12":4,"13":8,"14":4,"15":1},"b":{"0":[8],"1":[3],"2":[1,4],"3":[4,0],"4":[2,0],"5":[3,0],"6":[3,0],"7":[2],"8":[2,0],"9":[2,0],"10":[2,0],"11":[1],"12":[1]},"meta":{"lastBranch":13,"lastFunction":16,"lastStatement":141,"seen":{"s:4:20:4:29":0,"s:6:24:12:1":1,"f:6:24:6:25":0,"b:6:39:6:42":0,"s:7:4:11:Infinity":2,"f:7:23:7:24":1,"s:8:8:10:Infinity":3,"f:8:19:8:20":2,"s:9:12:9:Infinity":4,"f:18:22:18:39":3,"b:18:53:18:55":1,"s:19:17:19:19":5,"s:20:19:20:84":6,"f:20:19:20:20":4,"s:20:28:20:84":7,"s:22:4:22:Infinity":8,"s:25:20:25:25":9,"s:26:4:37:Infinity":10,"s:26:23:26:24":11,"s:27:8:36:Infinity":12,"s:28:12:28:Infinity":13,"s:29:12:29:Infinity":14,"s:30:12:30:Infinity":15,"s:31:12:31:Infinity":16,"s:32:12:32:Infinity":17,"s:34:12:34:Infinity":18,"s:35:12:35:Infinity":19,"f:35:30:35:31":5,"s:35:37:35:56":20,"b:39:4:41:Infinity:undefined:undefined:undefined:undefined":2,"s:39:4:41:Infinity":21,"s:40:8:40:Infinity":22,"s:43:20:43:50":23,"s:46:4:46:Infinity":24,"s:47:25:47:27":25,"s:48:4:56:Infinity":26,"s:48:17:48:18":27,"s:49:22:49:39":28,"s:50:25:53:10":29,"s:54:25:54:50":30,"s:55:8:55:Infinity":31,"s:58:23:58:75":32,"f:58:43:58:44":6,"s:58:53:58:58":33,"s:59:23:59:48":34,"s:60:23:60:48":35,"s:63:4:63:Infinity":36,"s:66:4:66:Infinity":37,"s:67:22:67:39":38,"s:68:19:71:6":39,"s:72:4:72:Infinity":40,"s:73:25:73:54":41,"s:76:4:76:Infinity":42,"s:77:28:77:30":43,"s:78:4:84:Infinity":44,"s:78:17:78:18":45,"s:79:22:79:39":46,"s:80:20:80:44":47,"b:81:8:81:Infinity:undefined:undefined:undefined:undefined":3,"s:81:8:81:Infinity":48,"s:81:37:81:Infinity":49,"s:82:25:82:50":50,"s:83:8:83:Infinity":51,"s:86:26:86:81":52,"f:86:49:86:50":7,"s:86:59:86:64":53,"s:87:26:87:54":54,"s:88:26:88:54":55,"s:91:4:91:Infinity":56,"s:92:4:92:Infinity":57,"s:93:26:93:28":58,"s:94:4:100:Infinity":59,"s:94:17:94:18":60,"s:95:22:95:39":61,"s:96:20:96:44":62,"s:97:8:97:Infinity":63,"s:98:25:98:50":64,"s:99:8:99:Infinity":65,"s:102:24:102:77":66,"f:102:45:102:46":8,"s:102:55:102:60":67,"s:103:24:103:50":68,"s:104:24:104:50":69,"s:107:4:107:Infinity":70,"s:108:23:108:48":71,"s:109:22:109:59":72,"s:110:4:110:Infinity":73,"s:112:24:112:41":74,"s:113:4:113:Infinity":75,"s:114:23:114:54":76,"s:116:27:116:44":77,"s:117:4:117:Infinity":78,"s:118:26:118:60":79,"s:121:4:121:Infinity":80,"s:122:4:122:Infinity":81,"s:124:4:124:Infinity":82,"s:126:31:126:77":83,"b:126:46:126:59:126:63:126:64":4,"s:127:29:127:76":84,"b:127:44:127:55:127:59:127:63":5,"s:129:4:177:Infinity":85,"b:175:39:175:52:175:56:175:57":6,"f:184:22:184:39":9,"b:184:48:184:50":7,"s:185:17:185:19":86,"s:186:19:186:84":87,"f:186:19:186:20":10,"s:186:28:186:84":88,"s:188:4:188:Infinity":89,"s:191:4:193:Infinity":90,"s:191:17:191:18":91,"s:192:8:192:Infinity":92,"s:196:4:196:Infinity":93,"s:199:23:199:40":94,"s:200:4:202:Infinity":95,"s:200:17:200:18":96,"s:201:8:201:Infinity":97,"s:203:22:203:52":98,"s:206:23:206:40":99,"s:207:23:207:87":100,"f:207:53:207:54":11,"s:207:63:207:86":101,"s:208:4:208:Infinity":102,"s:209:22:209:52":103,"s:212:4:212:Infinity":104,"s:215:26:215:43":105,"s:216:4:218:Infinity":106,"s:216:17:216:18":107,"s:217:8:217:Infinity":108,"s:219:25:219:58":109,"s:222:26:222:43":110,"s:223:29:223:102":111,"f:223:59:223:60":12,"s:223:69:223:101":112,"s:224:4:224:Infinity":113,"s:225:25:225:58":114,"s:228:4:228:Infinity":115,"s:230:24:235:5":116,"f:230:24:230:29":13,"s:231:8:234:Infinity":117,"s:238:23:238:40":118,"s:239:4:241:Infinity":119,"s:239:17:239:18":120,"s:240:8:240:Infinity":121,"s:242:22:242:52":122,"s:245:23:245:40":123,"s:246:26:246:76":124,"f:246:56:246:57":14,"s:246:62:246:75":125,"s:247:4:247:Infinity":126,"s:248:22:248:52":127,"s:251:4:253:Infinity":128,"s:251:17:251:18":129,"s:252:8:252:Infinity":130,"s:255:4:255:Infinity":131,"s:257:22:257:63":132,"b:257:36:257:45:257:49:257:50":8,"s:258:25:258:72":133,"b:258:42:258:54:258:58:258:59":9,"s:259:22:259:63":134,"b:259:36:259:45:259:49:259:50":10,"s:261:4:293:Infinity":135,"f:299:22:299:43":15,"b:299:57:299:59":11,"b:299:69:299:71":12,"s:300:22:300:39":136,"s:301:24:301:59":137,"s:302:24:302:54":138,"s:303:24:303:53":139,"s:305:4:315:Infinity":140},"fnNames":{}}}
,"E:\\SmartE\\backend\\src\\services\\category.service.js": {"path":"E:\\SmartE\\backend\\src\\services\\category.service.js","statementMap":{"0":{"start":{"line":3,"column":30},"end":{"line":5,"column":1}},"1":{"start":{"line":4,"column":4},"end":{"line":4,"column":85}},"2":{"start":{"line":7,"column":32},"end":{"line":9,"column":1}},"3":{"start":{"line":8,"column":4},"end":{"line":8,"column":44}},"4":{"start":{"line":11,"column":30},"end":{"line":16,"column":1}},"5":{"start":{"line":12,"column":21},"end":{"line":12,"column":72}},"6":{"start":{"line":13,"column":4},"end":{"line":13,"column":57}},"7":{"start":{"line":13,"column":19},"end":{"line":13,"column":57}},"8":{"start":{"line":14,"column":4},"end":{"line":14,"column":87}},"9":{"start":{"line":14,"column":58},"end":{"line":14,"column":87}},"10":{"start":{"line":15,"column":4},"end":{"line":15,"column":75}},"11":{"start":{"line":18,"column":30},"end":{"line":23,"column":1}},"12":{"start":{"line":19,"column":21},"end":{"line":19,"column":72}},"13":{"start":{"line":20,"column":4},"end":{"line":20,"column":57}},"14":{"start":{"line":20,"column":19},"end":{"line":20,"column":57}},"15":{"start":{"line":21,"column":4},"end":{"line":21,"column":87}},"16":{"start":{"line":21,"column":58},"end":{"line":21,"column":87}},"17":{"start":{"line":22,"column":4},"end":{"line":22,"column":59}}},"fnMap":{"0":{"name":"(anonymous_0)","decl":{"start":{"line":3,"column":30},"end":{"line":3,"column":35}},"loc":{"start":{"line":3,"column":78},"end":{"line":5,"column":1}},"line":3},"1":{"name":"(anonymous_1)","decl":{"start":{"line":7,"column":32},"end":{"line":7,"column":37}},"loc":{"start":{"line":7,"column":44},"end":{"line":9,"column":1}},"line":7},"2":{"name":"(anonymous_2)","decl":{"start":{"line":11,"column":30},"end":{"line":11,"column":35}},"loc":{"start":{"line":11,"column":65},"end":{"line":16,"column":1}},"line":11},"3":{"name":"(anonymous_3)","decl":{"start":{"line":18,"column":30},"end":{"line":18,"column":35}},"loc":{"start":{"line":18,"column":59},"end":{"line":23,"column":1}},"line":18}},"branchMap":{"0":{"loc":{"start":{"line":3,"column":58},"end":{"line":3,"column":73}},"type":"default-arg","locations":[{"start":{"line":3,"column":69},"end":{"line":3,"column":73}}],"line":3},"1":{"loc":{"start":{"line":13,"column":4},"end":{"line":13,"column":57}},"type":"if","locations":[{"start":{"line":13,"column":4},"end":{"line":13,"column":57}},{"start":{},"end":{}}],"line":13},"2":{"loc":{"start":{"line":14,"column":4},"end":{"line":14,"column":87}},"type":"if","locations":[{"start":{"line":14,"column":4},"end":{"line":14,"column":87}},{"start":{},"end":{}}],"line":14},"3":{"loc":{"start":{"line":14,"column":8},"end":{"line":14,"column":56}},"type":"binary-expr","locations":[{"start":{"line":14,"column":8},"end":{"line":14,"column":24}},{"start":{"line":14,"column":28},"end":{"line":14,"column":56}}],"line":14},"4":{"loc":{"start":{"line":20,"column":4},"end":{"line":20,"column":57}},"type":"if","locations":[{"start":{"line":20,"column":4},"end":{"line":20,"column":57}},{"start":{},"end":{}}],"line":20},"5":{"loc":{"start":{"line":21,"column":4},"end":{"line":21,"column":87}},"type":"if","locations":[{"start":{"line":21,"column":4},"end":{"line":21,"column":87}},{"start":{},"end":{}}],"line":21},"6":{"loc":{"start":{"line":21,"column":8},"end":{"line":21,"column":56}},"type":"binary-expr","locations":[{"start":{"line":21,"column":8},"end":{"line":21,"column":24}},{"start":{"line":21,"column":28},"end":{"line":21,"column":56}}],"line":21}},"s":{"0":5,"1":1,"2":5,"3":1,"4":5,"5":4,"6":4,"7":1,"8":3,"9":1,"10":2,"11":5,"12":3,"13":3,"14":1,"15":2,"16":1,"17":1},"f":{"0":1,"1":1,"2":4,"3":3},"b":{"0":[1],"1":[1,3],"2":[1,2],"3":[3,2],"4":[1,2],"5":[1,1],"6":[2,2]},"meta":{"lastBranch":7,"lastFunction":4,"lastStatement":18,"seen":{"s:3:30:5:1":0,"f:3:30:3:35":0,"b:3:69:3:73":0,"s:4:4:4:85":1,"s:7:32:9:1":2,"f:7:32:7:37":1,"s:8:4:8:44":3,"s:11:30:16:1":4,"f:11:30:11:35":2,"s:12:21:12:72":5,"b:13:4:13:57:undefined:undefined:undefined:undefined":1,"s:13:4:13:57":6,"s:13:19:13:57":7,"b:14:4:14:87:undefined:undefined:undefined:undefined":2,"s:14:4:14:87":8,"b:14:8:14:24:14:28:14:56":3,"s:14:58:14:87":9,"s:15:4:15:75":10,"s:18:30:23:1":11,"f:18:30:18:35":3,"s:19:21:19:72":12,"b:20:4:20:57:undefined:undefined:undefined:undefined":4,"s:20:4:20:57":13,"s:20:19:20:57":14,"b:21:4:21:87:undefined:undefined:undefined:undefined":5,"s:21:4:21:87":15,"b:21:8:21:24:21:28:21:56":6,"s:21:58:21:87":16,"s:22:4:22:59":17},"fnNames":{}}}
,"E:\\SmartE\\backend\\src\\services\\product.service.js": {"path":"E:\\SmartE\\backend\\src\\services\\product.service.js","statementMap":{"0":{"start":{"line":3,"column":29},"end":{"line":5,"column":1}},"1":{"start":{"line":4,"column":4},"end":{"line":4,"column":71}},"2":{"start":{"line":7,"column":30},"end":{"line":32,"column":1}},"3":{"start":{"line":8,"column":4},"end":{"line":8,"column":44}},"4":{"start":{"line":9,"column":18},"end":{"line":9,"column":20}},"5":{"start":{"line":11,"column":4},"end":{"line":24,"column":5}},"6":{"start":{"line":12,"column":25},"end":{"line":19,"column":10}},"7":{"start":{"line":21,"column":8},"end":{"line":21,"column":33}},"8":{"start":{"line":21,"column":23},"end":{"line":21,"column":33}},"9":{"start":{"line":23,"column":8},"end":{"line":23,"column":39}},"10":{"start":{"line":26,"column":4},"end":{"line":31,"column":7}},"11":{"start":{"line":34,"column":37},"end":{"line":51,"column":1}},"12":{"start":{"line":35,"column":4},"end":{"line":50,"column":7}},"13":{"start":{"line":53,"column":33},"end":{"line":70,"column":1}},"14":{"start":{"line":54,"column":4},"end":{"line":69,"column":7}},"15":{"start":{"line":72,"column":38},"end":{"line":101,"column":1}},"16":{"start":{"line":73,"column":4},"end":{"line":92,"column":5}},"17":{"start":{"line":74,"column":24},"end":{"line":80,"column":10}},"18":{"start":{"line":82,"column":8},"end":{"line":91,"column":9}},"19":{"start":{"line":83,"column":28},"end":{"line":83,"column":46}},"20":{"start":{"line":84,"column":12},"end":{"line":90,"column":15}},"21":{"start":{"line":94,"column":18},"end":{"line":94,"column":77}},"22":{"start":{"line":95,"column":17},"end":{"line":95,"column":73}},"23":{"start":{"line":96,"column":4},"end":{"line":100,"column":7}},"24":{"start":{"line":103,"column":30},"end":{"line":105,"column":1}},"25":{"start":{"line":104,"column":4},"end":{"line":104,"column":62}},"26":{"start":{"line":107,"column":29},"end":{"line":115,"column":1}},"27":{"start":{"line":108,"column":20},"end":{"line":111,"column":6}},"28":{"start":{"line":112,"column":4},"end":{"line":112,"column":55}},"29":{"start":{"line":112,"column":18},"end":{"line":112,"column":55}},"30":{"start":{"line":113,"column":4},"end":{"line":113,"column":92}},"31":{"start":{"line":113,"column":63},"end":{"line":113,"column":92}},"32":{"start":{"line":114,"column":4},"end":{"line":114,"column":64}},"33":{"start":{"line":117,"column":29},"end":{"line":125,"column":1}},"34":{"start":{"line":118,"column":20},"end":{"line":121,"column":6}},"35":{"start":{"line":122,"column":4},"end":{"line":122,"column":55}},"36":{"start":{"line":122,"column":18},"end":{"line":122,"column":55}},"37":{"start":{"line":123,"column":4},"end":{"line":123,"column":92}},"38":{"start":{"line":123,"column":63},"end":{"line":123,"column":92}},"39":{"start":{"line":124,"column":4},"end":{"line":124,"column":58}}},"fnMap":{"0":{"name":"(anonymous_0)","decl":{"start":{"line":3,"column":29},"end":{"line":3,"column":34}},"loc":{"start":{"line":3,"column":54},"end":{"line":5,"column":1}},"line":3},"1":{"name":"(anonymous_1)","decl":{"start":{"line":7,"column":30},"end":{"line":7,"column":35}},"loc":{"start":{"line":7,"column":52},"end":{"line":32,"column":1}},"line":7},"2":{"name":"(anonymous_2)","decl":{"start":{"line":34,"column":37},"end":{"line":34,"column":42}},"loc":{"start":{"line":34,"column":58},"end":{"line":51,"column":1}},"line":34},"3":{"name":"(anonymous_3)","decl":{"start":{"line":53,"column":33},"end":{"line":53,"column":38}},"loc":{"start":{"line":53,"column":54},"end":{"line":70,"column":1}},"line":53},"4":{"name":"(anonymous_4)","decl":{"start":{"line":72,"column":38},"end":{"line":72,"column":43}},"loc":{"start":{"line":72,"column":67},"end":{"line":101,"column":1}},"line":72},"5":{"name":"(anonymous_5)","decl":{"start":{"line":103,"column":30},"end":{"line":103,"column":35}},"loc":{"start":{"line":103,"column":44},"end":{"line":105,"column":1}},"line":103},"6":{"name":"(anonymous_6)","decl":{"start":{"line":107,"column":29},"end":{"line":107,"column":34}},"loc":{"start":{"line":107,"column":64},"end":{"line":115,"column":1}},"line":107},"7":{"name":"(anonymous_7)","decl":{"start":{"line":117,"column":29},"end":{"line":117,"column":34}},"loc":{"start":{"line":117,"column":58},"end":{"line":125,"column":1}},"line":117}},"branchMap":{"0":{"loc":{"start":{"line":11,"column":4},"end":{"line":24,"column":5}},"type":"if","locations":[{"start":{"line":11,"column":4},"end":{"line":24,"column":5}},{"start":{},"end":{}}],"line":11},"1":{"loc":{"start":{"line":21,"column":8},"end":{"line":21,"column":33}},"type":"if","locations":[{"start":{"line":21,"column":8},"end":{"line":21,"column":33}},{"start":{},"end":{}}],"line":21},"2":{"loc":{"start":{"line":34,"column":44},"end":{"line":34,"column":53}},"type":"default-arg","locations":[{"start":{"line":34,"column":52},"end":{"line":34,"column":53}}],"line":34},"3":{"loc":{"start":{"line":53,"column":40},"end":{"line":53,"column":49}},"type":"default-arg","locations":[{"start":{"line":53,"column":48},"end":{"line":53,"column":49}}],"line":53},"4":{"loc":{"start":{"line":72,"column":53},"end":{"line":72,"column":62}},"type":"default-arg","locations":[{"start":{"line":72,"column":61},"end":{"line":72,"column":62}}],"line":72},"5":{"loc":{"start":{"line":73,"column":4},"end":{"line":92,"column":5}},"type":"if","locations":[{"start":{"line":73,"column":4},"end":{"line":92,"column":5}},{"start":{},"end":{}}],"line":73},"6":{"loc":{"start":{"line":82,"column":8},"end":{"line":91,"column":9}},"type":"if","locations":[{"start":{"line":82,"column":8},"end":{"line":91,"column":9}},{"start":{},"end":{}}],"line":82},"7":{"loc":{"start":{"line":112,"column":4},"end":{"line":112,"column":55}},"type":"if","locations":[{"start":{"line":112,"column":4},"end":{"line":112,"column":55}},{"start":{},"end":{}}],"line":112},"8":{"loc":{"start":{"line":113,"column":4},"end":{"line":113,"column":92}},"type":"if","locations":[{"start":{"line":113,"column":4},"end":{"line":113,"column":92}},{"start":{},"end":{}}],"line":113},"9":{"loc":{"start":{"line":113,"column":8},"end":{"line":113,"column":61}},"type":"binary-expr","locations":[{"start":{"line":113,"column":8},"end":{"line":113,"column":24}},{"start":{"line":113,"column":28},"end":{"line":113,"column":61}}],"line":113},"10":{"loc":{"start":{"line":122,"column":4},"end":{"line":122,"column":55}},"type":"if","locations":[{"start":{"line":122,"column":4},"end":{"line":122,"column":55}},{"start":{},"end":{}}],"line":122},"11":{"loc":{"start":{"line":123,"column":4},"end":{"line":123,"column":92}},"type":"if","locations":[{"start":{"line":123,"column":4},"end":{"line":123,"column":92}},{"start":{},"end":{}}],"line":123},"12":{"loc":{"start":{"line":123,"column":8},"end":{"line":123,"column":61}},"type":"binary-expr","locations":[{"start":{"line":123,"column":8},"end":{"line":123,"column":24}},{"start":{"line":123,"column":28},"end":{"line":123,"column":61}}],"line":123}},"s":{"0":5,"1":1,"2":5,"3":3,"4":3,"5":3,"6":2,"7":2,"8":1,"9":1,"10":2,"11":5,"12":1,"13":5,"14":1,"15":5,"16":2,"17":1,"18":1,"19":1,"20":1,"21":1,"22":1,"23":1,"24":5,"25":1,"26":5,"27":3,"28":3,"29":1,"30":2,"31":1,"32":1,"33":5,"34":2,"35":2,"36":1,"37":1,"38":0,"39":1},"f":{"0":1,"1":3,"2":1,"3":1,"4":2,"5":1,"6":3,"7":2},"b":{"0":[2,1],"1":[1,1],"2":[1],"3":[1],"4":[2],"5":[1,1],"6":[1,0],"7":[1,2],"8":[1,1],"9":[2,2],"10":[1,1],"11":[0,1],"12":[1,1]},"meta":{"lastBranch":13,"lastFunction":8,"lastStatement":40,"seen":{"s:3:29:5:1":0,"f:3:29:3:34":0,"s:4:4:4:71":1,"s:7:30:32:1":2,"f:7:30:7:35":1,"s:8:4:8:44":3,"s:9:18:9:20":4,"b:11:4:24:5:undefined:undefined:undefined:undefined":0,"s:11:4:24:5":5,"s:12:25:19:10":6,"b:21:8:21:33:undefined:undefined:undefined:undefined":1,"s:21:8:21:33":7,"s:21:23:21:33":8,"s:23:8:23:39":9,"s:26:4:31:7":10,"s:34:37:51:1":11,"f:34:37:34:42":2,"b:34:52:34:53":2,"s:35:4:50:7":12,"s:53:33:70:1":13,"f:53:33:53:38":3,"b:53:48:53:49":3,"s:54:4:69:7":14,"s:72:38:101:1":15,"f:72:38:72:43":4,"b:72:61:72:62":4,"b:73:4:92:5:undefined:undefined:undefined:undefined":5,"s:73:4:92:5":16,"s:74:24:80:10":17,"b:82:8:91:9:undefined:undefined:undefined:undefined":6,"s:82:8:91:9":18,"s:83:28:83:46":19,"s:84:12:90:15":20,"s:94:18:94:77":21,"s:95:17:95:73":22,"s:96:4:100:7":23,"s:103:30:105:1":24,"f:103:30:103:35":5,"s:104:4:104:62":25,"s:107:29:115:1":26,"f:107:29:107:34":6,"s:108:20:111:6":27,"b:112:4:112:55:undefined:undefined:undefined:undefined":7,"s:112:4:112:55":28,"s:112:18:112:55":29,"b:113:4:113:92:undefined:undefined:undefined:undefined":8,"s:113:4:113:92":30,"b:113:8:113:24:113:28:113:61":9,"s:113:63:113:92":31,"s:114:4:114:64":32,"s:117:29:125:1":33,"f:117:29:117:34":7,"s:118:20:121:6":34,"b:122:4:122:55:undefined:undefined:undefined:undefined":10,"s:122:4:122:55":35,"s:122:18:122:55":36,"b:123:4:123:92:undefined:undefined:undefined:undefined":11,"s:123:4:123:92":37,"b:123:8:123:24:123:28:123:61":12,"s:123:63:123:92":38,"s:124:4:124:58":39},"fnNames":{}}}
,"E:\\SmartE\\backend\\src\\utils\\asyncHandler.js": {"path":"E:\\SmartE\\backend\\src\\utils\\asyncHandler.js","statementMap":{"0":{"start":{"line":1,"column":28},"end":{"line":3,"column":1}},"1":{"start":{"line":1,"column":36},"end":{"line":3,"column":1}},"2":{"start":{"line":2,"column":4},"end":{"line":2,"column":52}}},"fnMap":{"0":{"name":"(anonymous_0)","decl":{"start":{"line":1,"column":28},"end":{"line":1,"column":29}},"loc":{"start":{"line":1,"column":36},"end":{"line":3,"column":1}},"line":1},"1":{"name":"(anonymous_1)","decl":{"start":{"line":1,"column":36},"end":{"line":1,"column":37}},"loc":{"start":{"line":1,"column":56},"end":{"line":3,"column":1}},"line":1}},"branchMap":{},"s":{"0":9,"1":128,"2":45},"f":{"0":128,"1":45},"b":{},"meta":{"lastBranch":0,"lastFunction":2,"lastStatement":3,"seen":{"s:1:28:3:1":0,"f:1:28:1:29":0,"s:1:36:3:1":1,"f:1:36:1:37":1,"s:2:4:2:52":2},"fnNames":{}}}
,"E:\\SmartE\\backend\\src\\validators\\auth.validator.js": {"path":"E:\\SmartE\\backend\\src\\validators\\auth.validator.js","statementMap":{"0":{"start":{"line":3,"column":30},"end":{"line":8,"column":2}},"1":{"start":{"line":10,"column":27},"end":{"line":15,"column":2}}},"fnMap":{},"branchMap":{},"s":{"0":6,"1":6},"f":{},"b":{},"meta":{"lastBranch":0,"lastFunction":0,"lastStatement":2,"seen":{"s:3:30:8:2":0,"s:10:27:15:2":1},"fnNames":{}}}
}
