{"E:\\SmartE\\client\\src\\App.jsx": {"path":"E:\\SmartE\\client\\src\\App.jsx","statementMap":{"0":{"start":{"line":36,"column":19},"end":{"line":36,"column":null}},"1":{"start":{"line":37,"column":22},"end":{"line":37,"column":null}},"2":{"start":{"line":37,"column":49},"end":{"line":37,"column":82}},"3":{"start":{"line":39,"column":2},"end":{"line":75,"column":null}}},"fnMap":{"0":{"name":"App","decl":{"start":{"line":35,"column":9},"end":{"line":35,"column":15}},"loc":{"start":{"line":35,"column":15},"end":{"line":77,"column":null}},"line":35},"1":{"name":"(anonymous_1)","decl":{"start":{"line":37,"column":36},"end":{"line":37,"column":41}},"loc":{"start":{"line":37,"column":49},"end":{"line":37,"column":82}},"line":37}},"branchMap":{"0":{"loc":{"start":{"line":36,"column":19},"end":{"line":36,"column":null}},"type":"binary-expr","locations":[{"start":{"line":36,"column":19},"end":{"line":36,"column":27}},{"start":{"line":36,"column":32},"end":{"line":36,"column":null}}],"line":36},"1":{"loc":{"start":{"line":37,"column":22},"end":{"line":37,"column":null}},"type":"binary-expr","locations":[{"start":{"line":37,"column":22},"end":{"line":37,"column":87}},{"start":{"line":37,"column":87},"end":{"line":37,"column":null}}],"line":37},"2":{"loc":{"start":{"line":41,"column":7},"end":{"line":42,"column":7}},"type":"binary-expr","locations":[{"start":{"line":41,"column":7},"end":{"line":41,"column":22}},{"start":{"line":41,"column":22},"end":{"line":42,"column":7}}],"line":41},"3":{"loc":{"start":{"line":45,"column":37},"end":{"line":45,"column":134}},"type":"cond-expr","locations":[{"start":{"line":45,"column":44},"end":{"line":45,"column":117}},{"start":{"line":45,"column":116},"end":{"line":45,"column":134}}],"line":45}},"s":{"0":0,"1":0,"2":0,"3":0},"f":{"0":0,"1":0},"b":{"0":[0,0],"1":[0,0],"2":[0,0],"3":[0,0]},"meta":{"lastBranch":4,"lastFunction":2,"lastStatement":4,"seen":{"f:35:9:35:15":0,"s:36:19:36:Infinity":0,"b:36:19:36:27:36:32:36:Infinity":0,"s:37:22:37:Infinity":1,"b:37:22:37:87:37:87:37:Infinity":1,"f:37:36:37:41":1,"s:37:49:37:82":2,"s:39:2:75:Infinity":3,"b:41:7:41:22:41:22:42:7":2,"b:45:44:45:117:45:116:45:134":3},"fnNames":{}}}
,"E:\\SmartE\\client\\src\\api\\auth.js": {"path":"E:\\SmartE\\client\\src\\api\\auth.js","statementMap":{"0":{"start":{"line":3,"column":12},"end":{"line":6,"column":null}},"1":{"start":{"line":8,"column":0},"end":{"line":14,"column":null}},"2":{"start":{"line":9,"column":18},"end":{"line":9,"column":null}},"3":{"start":{"line":10,"column":4},"end":{"line":12,"column":null}},"4":{"start":{"line":11,"column":8},"end":{"line":11,"column":null}},"5":{"start":{"line":13,"column":4},"end":{"line":13,"column":null}},"6":{"start":{"line":16,"column":21},"end":{"line":19,"column":null}},"7":{"start":{"line":17,"column":21},"end":{"line":17,"column":null}},"8":{"start":{"line":18,"column":4},"end":{"line":18,"column":null}},"9":{"start":{"line":21,"column":24},"end":{"line":24,"column":null}},"10":{"start":{"line":22,"column":21},"end":{"line":22,"column":null}},"11":{"start":{"line":23,"column":4},"end":{"line":23,"column":null}},"12":{"start":{"line":26,"column":21},"end":{"line":29,"column":null}},"13":{"start":{"line":27,"column":21},"end":{"line":27,"column":null}},"14":{"start":{"line":28,"column":4},"end":{"line":28,"column":null}},"15":{"start":{"line":31,"column":22},"end":{"line":34,"column":null}},"16":{"start":{"line":32,"column":21},"end":{"line":32,"column":null}},"17":{"start":{"line":33,"column":4},"end":{"line":33,"column":null}},"18":{"start":{"line":36,"column":23},"end":{"line":39,"column":null}},"19":{"start":{"line":37,"column":21},"end":{"line":37,"column":null}},"20":{"start":{"line":38,"column":4},"end":{"line":38,"column":null}},"21":{"start":{"line":41,"column":30},"end":{"line":44,"column":null}},"22":{"start":{"line":42,"column":21},"end":{"line":42,"column":null}},"23":{"start":{"line":43,"column":4},"end":{"line":43,"column":null}},"24":{"start":{"line":46,"column":29},"end":{"line":49,"column":null}},"25":{"start":{"line":47,"column":21},"end":{"line":47,"column":null}},"26":{"start":{"line":48,"column":4},"end":{"line":48,"column":null}},"27":{"start":{"line":51,"column":0},"end":{"line":68,"column":null}},"28":{"start":{"line":52,"column":18},"end":{"line":52,"column":null}},"29":{"start":{"line":54,"column":32},"end":{"line":54,"column":null}},"30":{"start":{"line":55,"column":8},"end":{"line":65,"column":null}},"31":{"start":{"line":56,"column":12},"end":{"line":56,"column":null}},"32":{"start":{"line":57,"column":12},"end":{"line":64,"column":null}},"33":{"start":{"line":58,"column":33},"end":{"line":58,"column":null}},"34":{"start":{"line":59,"column":16},"end":{"line":59,"column":null}},"35":{"start":{"line":60,"column":16},"end":{"line":60,"column":null}},"36":{"start":{"line":61,"column":16},"end":{"line":61,"column":null}},"37":{"start":{"line":63,"column":16},"end":{"line":63,"column":null}},"38":{"start":{"line":66,"column":8},"end":{"line":66,"column":null}}},"fnMap":{"0":{"name":"(anonymous_0)","decl":{"start":{"line":8,"column":25},"end":{"line":8,"column":30}},"loc":{"start":{"line":8,"column":41},"end":{"line":14,"column":1}},"line":8},"1":{"name":"(anonymous_1)","decl":{"start":{"line":16,"column":21},"end":{"line":16,"column":28}},"loc":{"start":{"line":16,"column":44},"end":{"line":19,"column":null}},"line":16},"2":{"name":"(anonymous_2)","decl":{"start":{"line":21,"column":24},"end":{"line":21,"column":31}},"loc":{"start":{"line":21,"column":44},"end":{"line":24,"column":null}},"line":21},"3":{"name":"(anonymous_3)","decl":{"start":{"line":26,"column":21},"end":{"line":26,"column":33}},"loc":{"start":{"line":26,"column":33},"end":{"line":29,"column":null}},"line":26},"4":{"name":"(anonymous_4)","decl":{"start":{"line":31,"column":22},"end":{"line":31,"column":34}},"loc":{"start":{"line":31,"column":34},"end":{"line":34,"column":null}},"line":31},"5":{"name":"(anonymous_5)","decl":{"start":{"line":36,"column":23},"end":{"line":36,"column":35}},"loc":{"start":{"line":36,"column":35},"end":{"line":39,"column":null}},"line":36},"6":{"name":"(anonymous_6)","decl":{"start":{"line":41,"column":30},"end":{"line":41,"column":37}},"loc":{"start":{"line":41,"column":47},"end":{"line":44,"column":null}},"line":41},"7":{"name":"(anonymous_7)","decl":{"start":{"line":46,"column":29},"end":{"line":46,"column":36}},"loc":{"start":{"line":46,"column":56},"end":{"line":49,"column":null}},"line":46},"8":{"name":"(anonymous_8)","decl":{"start":{"line":51,"column":26},"end":{"line":51,"column":null}},"loc":{"start":{"line":52,"column":18},"end":{"line":52,"column":null}},"line":52},"9":{"name":"(anonymous_9)","decl":{"start":{"line":53,"column":4},"end":{"line":53,"column":11}},"loc":{"start":{"line":53,"column":21},"end":{"line":67,"column":null}},"line":53}},"branchMap":{"0":{"loc":{"start":{"line":10,"column":4},"end":{"line":12,"column":null}},"type":"if","locations":[{"start":{"line":10,"column":4},"end":{"line":12,"column":null}},{"start":{},"end":{}}],"line":10},"1":{"loc":{"start":{"line":55,"column":8},"end":{"line":65,"column":null}},"type":"if","locations":[{"start":{"line":55,"column":8},"end":{"line":65,"column":null}},{"start":{},"end":{}}],"line":55},"2":{"loc":{"start":{"line":55,"column":12},"end":{"line":55,"column":71}},"type":"binary-expr","locations":[{"start":{"line":55,"column":12},"end":{"line":55,"column":46}},{"start":{"line":55,"column":46},"end":{"line":55,"column":71}}],"line":55}},"s":{"0":7,"1":7,"2":0,"3":0,"4":0,"5":0,"6":7,"7":1,"8":1,"9":7,"10":1,"11":1,"12":7,"13":1,"14":1,"15":7,"16":1,"17":1,"18":7,"19":1,"20":1,"21":7,"22":1,"23":1,"24":7,"25":1,"26":1,"27":7,"28":0,"29":0,"30":0,"31":0,"32":0,"33":0,"34":0,"35":0,"36":0,"37":0,"38":0},"f":{"0":0,"1":1,"2":1,"3":1,"4":1,"5":1,"6":1,"7":1,"8":0,"9":0},"b":{"0":[0,0],"1":[0,0],"2":[0,0]},"meta":{"lastBranch":3,"lastFunction":10,"lastStatement":39,"seen":{"s:3:12:6:Infinity":0,"s:8:0:14:Infinity":1,"f:8:25:8:30":0,"s:9:18:9:Infinity":2,"b:10:4:12:Infinity:undefined:undefined:undefined:undefined":0,"s:10:4:12:Infinity":3,"s:11:8:11:Infinity":4,"s:13:4:13:Infinity":5,"s:16:21:19:Infinity":6,"f:16:21:16:28":1,"s:17:21:17:Infinity":7,"s:18:4:18:Infinity":8,"s:21:24:24:Infinity":9,"f:21:24:21:31":2,"s:22:21:22:Infinity":10,"s:23:4:23:Infinity":11,"s:26:21:29:Infinity":12,"f:26:21:26:33":3,"s:27:21:27:Infinity":13,"s:28:4:28:Infinity":14,"s:31:22:34:Infinity":15,"f:31:22:31:34":4,"s:32:21:32:Infinity":16,"s:33:4:33:Infinity":17,"s:36:23:39:Infinity":18,"f:36:23:36:35":5,"s:37:21:37:Infinity":19,"s:38:4:38:Infinity":20,"s:41:30:44:Infinity":21,"f:41:30:41:37":6,"s:42:21:42:Infinity":22,"s:43:4:43:Infinity":23,"s:46:29:49:Infinity":24,"f:46:29:46:36":7,"s:47:21:47:Infinity":25,"s:48:4:48:Infinity":26,"s:51:0:68:Infinity":27,"f:51:26:51:Infinity":8,"s:52:18:52:Infinity":28,"f:53:4:53:11":9,"s:54:32:54:Infinity":29,"b:55:8:65:Infinity:undefined:undefined:undefined:undefined":1,"s:55:8:65:Infinity":30,"b:55:12:55:46:55:46:55:71":2,"s:56:12:56:Infinity":31,"s:57:12:64:Infinity":32,"s:58:33:58:Infinity":33,"s:59:16:59:Infinity":34,"s:60:16:60:Infinity":35,"s:61:16:61:Infinity":36,"s:63:16:63:Infinity":37,"s:66:8:66:Infinity":38},"fnNames":{}}}
,"E:\\SmartE\\client\\src\\api\\benchmark.js": {"path":"E:\\SmartE\\client\\src\\api\\benchmark.js","statementMap":{"0":{"start":{"line":3,"column":16},"end":{"line":3,"column":null}},"1":{"start":{"line":5,"column":13},"end":{"line":6,"column":null}},"2":{"start":{"line":6,"column":4},"end":{"line":6,"column":null}},"3":{"start":{"line":8,"column":13},"end":{"line":9,"column":null}},"4":{"start":{"line":9,"column":4},"end":{"line":9,"column":null}},"5":{"start":{"line":11,"column":13},"end":{"line":12,"column":null}},"6":{"start":{"line":12,"column":4},"end":{"line":12,"column":null}}},"fnMap":{"0":{"name":"(anonymous_0)","decl":{"start":{"line":5,"column":13},"end":{"line":5,"column":34}},"loc":{"start":{"line":6,"column":4},"end":{"line":6,"column":null}},"line":6},"1":{"name":"(anonymous_1)","decl":{"start":{"line":8,"column":13},"end":{"line":8,"column":34}},"loc":{"start":{"line":9,"column":4},"end":{"line":9,"column":null}},"line":9},"2":{"name":"(anonymous_2)","decl":{"start":{"line":11,"column":13},"end":{"line":11,"column":33}},"loc":{"start":{"line":12,"column":4},"end":{"line":12,"column":null}},"line":12}},"branchMap":{"0":{"loc":{"start":{"line":5,"column":34},"end":{"line":5,"column":null}},"type":"default-arg","locations":[{"start":{"line":5,"column":47},"end":{"line":5,"column":null}}],"line":5},"1":{"loc":{"start":{"line":8,"column":34},"end":{"line":8,"column":null}},"type":"default-arg","locations":[{"start":{"line":8,"column":42},"end":{"line":8,"column":null}}],"line":8},"2":{"loc":{"start":{"line":11,"column":33},"end":{"line":11,"column":50}},"type":"default-arg","locations":[{"start":{"line":11,"column":46},"end":{"line":11,"column":50}}],"line":11},"3":{"loc":{"start":{"line":11,"column":50},"end":{"line":11,"column":null}},"type":"default-arg","locations":[{"start":{"line":11,"column":58},"end":{"line":11,"column":null}}],"line":11}},"s":{"0":1,"1":1,"2":1,"3":1,"4":1,"5":1,"6":1},"f":{"0":1,"1":1,"2":1},"b":{"0":[1],"1":[1],"2":[1],"3":[1]},"meta":{"lastBranch":4,"lastFunction":3,"lastStatement":7,"seen":{"s:3:16:3:Infinity":0,"s:5:13:6:Infinity":1,"f:5:13:5:34":0,"s:6:4:6:Infinity":2,"b:5:47:5:Infinity":0,"s:8:13:9:Infinity":3,"f:8:13:8:34":1,"s:9:4:9:Infinity":4,"b:8:42:8:Infinity":1,"s:11:13:12:Infinity":5,"f:11:13:11:33":2,"s:12:4:12:Infinity":6,"b:11:46:11:50":2,"b:11:58:11:Infinity":3},"fnNames":{}}}
,"E:\\SmartE\\client\\src\\api\\categories.js": {"path":"E:\\SmartE\\client\\src\\api\\categories.js","statementMap":{"0":{"start":{"line":3,"column":16},"end":{"line":3,"column":null}},"1":{"start":{"line":5,"column":29},"end":{"line":8,"column":null}},"2":{"start":{"line":6,"column":21},"end":{"line":6,"column":null}},"3":{"start":{"line":7,"column":4},"end":{"line":7,"column":null}}},"fnMap":{"0":{"name":"(anonymous_0)","decl":{"start":{"line":5,"column":29},"end":{"line":5,"column":41}},"loc":{"start":{"line":5,"column":41},"end":{"line":8,"column":null}},"line":5}},"branchMap":{},"s":{"0":1,"1":1,"2":1,"3":1},"f":{"0":1},"b":{},"meta":{"lastBranch":0,"lastFunction":1,"lastStatement":4,"seen":{"s:3:16:3:Infinity":0,"s:5:29:8:Infinity":1,"f:5:29:5:41":0,"s:6:21:6:Infinity":2,"s:7:4:7:Infinity":3},"fnNames":{}}}
,"E:\\SmartE\\client\\src\\api\\product.js": {"path":"E:\\SmartE\\client\\src\\api\\product.js","statementMap":{"0":{"start":{"line":3,"column":16},"end":{"line":3,"column":null}},"1":{"start":{"line":5,"column":13},"end":{"line":5,"column":null}},"2":{"start":{"line":5,"column":35},"end":{"line":5,"column":null}},"3":{"start":{"line":6,"column":13},"end":{"line":6,"column":null}},"4":{"start":{"line":6,"column":43},"end":{"line":6,"column":null}},"5":{"start":{"line":7,"column":13},"end":{"line":7,"column":null}},"6":{"start":{"line":7,"column":39},"end":{"line":7,"column":null}},"7":{"start":{"line":8,"column":13},"end":{"line":10,"column":null}},"8":{"start":{"line":8,"column":49},"end":{"line":10,"column":null}},"9":{"start":{"line":12,"column":13},"end":{"line":14,"column":null}},"10":{"start":{"line":12,"column":43},"end":{"line":14,"column":null}}},"fnMap":{"0":{"name":"(anonymous_0)","decl":{"start":{"line":5,"column":13},"end":{"line":5,"column":35}},"loc":{"start":{"line":5,"column":35},"end":{"line":5,"column":null}},"line":5},"1":{"name":"(anonymous_1)","decl":{"start":{"line":6,"column":13},"end":{"line":6,"column":43}},"loc":{"start":{"line":6,"column":43},"end":{"line":6,"column":null}},"line":6},"2":{"name":"(anonymous_2)","decl":{"start":{"line":7,"column":13},"end":{"line":7,"column":39}},"loc":{"start":{"line":7,"column":39},"end":{"line":7,"column":null}},"line":7},"3":{"name":"(anonymous_3)","decl":{"start":{"line":8,"column":13},"end":{"line":8,"column":39}},"loc":{"start":{"line":8,"column":49},"end":{"line":10,"column":null}},"line":8},"4":{"name":"(anonymous_4)","decl":{"start":{"line":12,"column":13},"end":{"line":12,"column":28}},"loc":{"start":{"line":12,"column":43},"end":{"line":14,"column":null}},"line":12}},"branchMap":{"0":{"loc":{"start":{"line":13,"column":12},"end":{"line":13,"column":null}},"type":"cond-expr","locations":[{"start":{"line":13,"column":25},"end":{"line":13,"column":42}},{"start":{"line":13,"column":42},"end":{"line":13,"column":null}}],"line":13}},"s":{"0":1,"1":1,"2":1,"3":1,"4":1,"5":1,"6":1,"7":1,"8":1,"9":1,"10":1},"f":{"0":1,"1":1,"2":1,"3":1,"4":1},"b":{"0":[1,0]},"meta":{"lastBranch":1,"lastFunction":5,"lastStatement":11,"seen":{"s:3:16:3:Infinity":0,"s:5:13:5:Infinity":1,"f:5:13:5:35":0,"s:5:35:5:Infinity":2,"s:6:13:6:Infinity":3,"f:6:13:6:43":1,"s:6:43:6:Infinity":4,"s:7:13:7:Infinity":5,"f:7:13:7:39":2,"s:7:39:7:Infinity":6,"s:8:13:10:Infinity":7,"f:8:13:8:39":3,"s:8:49:10:Infinity":8,"s:12:13:14:Infinity":9,"f:12:13:12:28":4,"s:12:43:14:Infinity":10,"b:13:25:13:42:13:42:13:Infinity":0},"fnNames":{}}}
,"E:\\SmartE\\client\\src\\components\\auth\\LoginForm.tsx": {"path":"E:\\SmartE\\client\\src\\components\\auth\\LoginForm.tsx","statementMap":{"0":{"start":{"line":11,"column":20},"end":{"line":14,"column":null}},"1":{"start":{"line":17,"column":6},"end":{"line":26,"column":null}},"2":{"start":{"line":18,"column":4},"end":{"line":26,"column":null}},"3":{"start":{"line":29,"column":13},"end":{"line":220,"column":null}},"4":{"start":{"line":30,"column":36},"end":{"line":30,"column":null}},"5":{"start":{"line":31,"column":21},"end":{"line":31,"column":33}},"6":{"start":{"line":32,"column":86},"end":{"line":34,"column":null}},"7":{"start":{"line":36,"column":17},"end":{"line":36,"column":25}},"8":{"start":{"line":37,"column":18},"end":{"line":37,"column":null}},"9":{"start":{"line":38,"column":21},"end":{"line":62,"column":null}},"10":{"start":{"line":39,"column":28},"end":{"line":39,"column":null}},"11":{"start":{"line":40,"column":8},"end":{"line":44,"column":null}},"12":{"start":{"line":41,"column":12},"end":{"line":41,"column":null}},"13":{"start":{"line":43,"column":12},"end":{"line":43,"column":null}},"14":{"start":{"line":45,"column":8},"end":{"line":61,"column":null}},"15":{"start":{"line":46,"column":29},"end":{"line":46,"column":null}},"16":{"start":{"line":47,"column":25},"end":{"line":47,"column":null}},"17":{"start":{"line":48,"column":12},"end":{"line":48,"column":null}},"18":{"start":{"line":49,"column":12},"end":{"line":49,"column":null}},"19":{"start":{"line":50,"column":25},"end":{"line":50,"column":null}},"20":{"start":{"line":51,"column":12},"end":{"line":57,"column":null}},"21":{"start":{"line":52,"column":16},"end":{"line":52,"column":null}},"22":{"start":{"line":53,"column":19},"end":{"line":57,"column":null}},"23":{"start":{"line":54,"column":16},"end":{"line":54,"column":null}},"24":{"start":{"line":56,"column":16},"end":{"line":56,"column":null}},"25":{"start":{"line":59,"column":12},"end":{"line":59,"column":null}},"26":{"start":{"line":60,"column":12},"end":{"line":60,"column":null}},"27":{"start":{"line":64,"column":4},"end":{"line":71,"column":null}},"28":{"start":{"line":65,"column":27},"end":{"line":65,"column":null}},"29":{"start":{"line":66,"column":8},"end":{"line":70,"column":null}},"30":{"start":{"line":67,"column":12},"end":{"line":67,"column":null}},"31":{"start":{"line":68,"column":29},"end":{"line":68,"column":null}},"32":{"start":{"line":69,"column":12},"end":{"line":69,"column":null}},"33":{"start":{"line":69,"column":26},"end":{"line":69,"column":null}},"34":{"start":{"line":73,"column":4},"end":{"line":218,"column":null}},"35":{"start":{"line":148,"column":55},"end":{"line":148,"column":null}},"36":{"start":{"line":187,"column":51},"end":{"line":187,"column":null}},"37":{"start":{"line":200,"column":51},"end":{"line":200,"column":null}}},"fnMap":{"0":{"name":"(anonymous_0)","decl":{"start":{"line":17,"column":6},"end":{"line":17,"column":17}},"loc":{"start":{"line":18,"column":4},"end":{"line":26,"column":null}},"line":18},"1":{"name":"(anonymous_1)","decl":{"start":{"line":29,"column":13},"end":{"line":29,"column":31}},"loc":{"start":{"line":29,"column":31},"end":{"line":220,"column":null}},"line":29},"2":{"name":"(anonymous_2)","decl":{"start":{"line":37,"column":24},"end":{"line":37,"column":40}},"loc":{"start":{"line":37,"column":40},"end":{"line":37,"column":null}},"line":37},"3":{"name":"(anonymous_3)","decl":{"start":{"line":38,"column":21},"end":{"line":38,"column":28}},"loc":{"start":{"line":38,"column":42},"end":{"line":62,"column":null}},"line":38},"4":{"name":"(anonymous_4)","decl":{"start":{"line":64,"column":10},"end":{"line":64,"column":26}},"loc":{"start":{"line":64,"column":26},"end":{"line":71,"column":7}},"line":64},"5":{"name":"(anonymous_5)","decl":{"start":{"line":148,"column":40},"end":{"line":148,"column":55}},"loc":{"start":{"line":148,"column":55},"end":{"line":148,"column":null}},"line":148},"6":{"name":"(anonymous_6)","decl":{"start":{"line":187,"column":36},"end":{"line":187,"column":51}},"loc":{"start":{"line":187,"column":51},"end":{"line":187,"column":null}},"line":187},"7":{"name":"(anonymous_7)","decl":{"start":{"line":200,"column":36},"end":{"line":200,"column":51}},"loc":{"start":{"line":200,"column":51},"end":{"line":200,"column":null}},"line":200}},"branchMap":{"0":{"loc":{"start":{"line":17,"column":19},"end":{"line":17,"column":null}},"type":"default-arg","locations":[{"start":{"line":17,"column":31},"end":{"line":17,"column":null}}],"line":17},"1":{"loc":{"start":{"line":37,"column":18},"end":{"line":37,"column":null}},"type":"binary-expr","locations":[{"start":{"line":37,"column":18},"end":{"line":37,"column":40}},{"start":{"line":37,"column":24},"end":{"line":37,"column":null}}],"line":37},"2":{"loc":{"start":{"line":40,"column":8},"end":{"line":44,"column":null}},"type":"if","locations":[{"start":{"line":40,"column":8},"end":{"line":44,"column":null}},{"start":{"line":42,"column":15},"end":{"line":44,"column":null}}],"line":40},"3":{"loc":{"start":{"line":51,"column":12},"end":{"line":57,"column":null}},"type":"if","locations":[{"start":{"line":51,"column":12},"end":{"line":57,"column":null}},{"start":{"line":53,"column":19},"end":{"line":57,"column":null}}],"line":51},"4":{"loc":{"start":{"line":53,"column":19},"end":{"line":57,"column":null}},"type":"if","locations":[{"start":{"line":53,"column":19},"end":{"line":57,"column":null}},{"start":{"line":55,"column":19},"end":{"line":57,"column":null}}],"line":53},"5":{"loc":{"start":{"line":66,"column":8},"end":{"line":70,"column":null}},"type":"if","locations":[{"start":{"line":66,"column":8},"end":{"line":70,"column":null}},{"start":{},"end":{}}],"line":66},"6":{"loc":{"start":{"line":69,"column":12},"end":{"line":69,"column":null}},"type":"if","locations":[{"start":{"line":69,"column":12},"end":{"line":69,"column":null}},{"start":{},"end":{}}],"line":69},"7":{"loc":{"start":{"line":133,"column":33},"end":{"line":133,"column":null}},"type":"binary-expr","locations":[{"start":{"line":133,"column":33},"end":{"line":133,"column":49}},{"start":{"line":133,"column":49},"end":{"line":133,"column":null}}],"line":133},"8":{"loc":{"start":{"line":141,"column":46},"end":{"line":141,"column":null}},"type":"cond-expr","locations":[{"start":{"line":141,"column":57},"end":{"line":141,"column":66}},{"start":{"line":141,"column":66},"end":{"line":141,"column":null}}],"line":141},"9":{"loc":{"start":{"line":150,"column":52},"end":{"line":150,"column":null}},"type":"cond-expr","locations":[{"start":{"line":150,"column":63},"end":{"line":150,"column":81}},{"start":{"line":150,"column":81},"end":{"line":150,"column":null}}],"line":150},"10":{"loc":{"start":{"line":152,"column":41},"end":{"line":152,"column":null}},"type":"cond-expr","locations":[{"start":{"line":152,"column":52},"end":{"line":152,"column":76}},{"start":{"line":152,"column":75},"end":{"line":152,"column":null}}],"line":152},"11":{"loc":{"start":{"line":155,"column":33},"end":{"line":155,"column":null}},"type":"binary-expr","locations":[{"start":{"line":155,"column":33},"end":{"line":155,"column":52}},{"start":{"line":155,"column":52},"end":{"line":155,"column":null}}],"line":155},"12":{"loc":{"start":{"line":171,"column":33},"end":{"line":171,"column":null}},"type":"cond-expr","locations":[{"start":{"line":171,"column":48},"end":{"line":171,"column":64}},{"start":{"line":171,"column":64},"end":{"line":171,"column":null}}],"line":171},"13":{"loc":{"start":{"line":172,"column":33},"end":{"line":173,"column":null}},"type":"binary-expr","locations":[{"start":{"line":172,"column":33},"end":{"line":172,"column":50}},{"start":{"line":172,"column":50},"end":{"line":173,"column":null}}],"line":172}},"s":{"0":2,"1":2,"2":52,"3":2,"4":13,"5":13,"6":13,"7":13,"8":13,"9":13,"10":1,"11":1,"12":0,"13":1,"14":1,"15":1,"16":1,"17":1,"18":1,"19":1,"20":1,"21":0,"22":1,"23":0,"24":1,"25":0,"26":0,"27":13,"28":4,"29":4,"30":0,"31":0,"32":0,"33":0,"34":13,"35":0,"36":0,"37":0},"f":{"0":52,"1":13,"2":0,"3":1,"4":4,"5":0,"6":0,"7":0},"b":{"0":[52],"1":[13,0],"2":[0,1],"3":[0,1],"4":[0,1],"5":[0,4],"6":[0,0],"7":[13,1],"8":[0,13],"9":[0,13],"10":[0,13],"11":[13,1],"12":[2,11],"13":[13,11]},"meta":{"lastBranch":14,"lastFunction":8,"lastStatement":38,"seen":{"s:11:20:14:Infinity":0,"s:17:6:26:Infinity":1,"f:17:6:17:17":0,"s:18:4:26:Infinity":2,"b:17:31:17:Infinity":0,"s:29:13:220:Infinity":3,"f:29:13:29:31":1,"s:30:36:30:Infinity":4,"s:31:21:31:33":5,"s:32:86:34:Infinity":6,"s:36:17:36:25":7,"s:37:18:37:Infinity":8,"b:37:18:37:40:37:24:37:Infinity":1,"f:37:24:37:40":2,"s:38:21:62:Infinity":9,"f:38:21:38:28":3,"s:39:28:39:Infinity":10,"b:40:8:44:Infinity:42:15:44:Infinity":2,"s:40:8:44:Infinity":11,"s:41:12:41:Infinity":12,"s:43:12:43:Infinity":13,"s:45:8:61:Infinity":14,"s:46:29:46:Infinity":15,"s:47:25:47:Infinity":16,"s:48:12:48:Infinity":17,"s:49:12:49:Infinity":18,"s:50:25:50:Infinity":19,"b:51:12:57:Infinity:53:19:57:Infinity":3,"s:51:12:57:Infinity":20,"s:52:16:52:Infinity":21,"b:53:19:57:Infinity:55:19:57:Infinity":4,"s:53:19:57:Infinity":22,"s:54:16:54:Infinity":23,"s:56:16:56:Infinity":24,"s:59:12:59:Infinity":25,"s:60:12:60:Infinity":26,"s:64:4:71:Infinity":27,"f:64:10:64:26":4,"s:65:27:65:Infinity":28,"b:66:8:70:Infinity:undefined:undefined:undefined:undefined":5,"s:66:8:70:Infinity":29,"s:67:12:67:Infinity":30,"s:68:29:68:Infinity":31,"b:69:12:69:Infinity:undefined:undefined:undefined:undefined":6,"s:69:12:69:Infinity":32,"s:69:26:69:Infinity":33,"s:73:4:218:Infinity":34,"b:133:33:133:49:133:49:133:Infinity":7,"b:141:57:141:66:141:66:141:Infinity":8,"f:148:40:148:55":5,"s:148:55:148:Infinity":35,"b:150:63:150:81:150:81:150:Infinity":9,"b:152:52:152:76:152:75:152:Infinity":10,"b:155:33:155:52:155:52:155:Infinity":11,"b:171:48:171:64:171:64:171:Infinity":12,"b:172:33:172:50:172:50:173:Infinity":13,"f:187:36:187:51":6,"s:187:51:187:Infinity":36,"f:200:36:200:51":7,"s:200:51:200:Infinity":37},"fnNames":{}}}
,"E:\\SmartE\\client\\src\\components\\auth\\ProtectedRoute.jsx": {"path":"E:\\SmartE\\client\\src\\components\\auth\\ProtectedRoute.jsx","statementMap":{"0":{"start":{"line":5,"column":6},"end":{"line":13,"column":null}},"1":{"start":{"line":6,"column":30},"end":{"line":6,"column":null}},"2":{"start":{"line":8,"column":4},"end":{"line":8,"column":null}},"3":{"start":{"line":8,"column":17},"end":{"line":8,"column":null}},"4":{"start":{"line":9,"column":4},"end":{"line":9,"column":null}},"5":{"start":{"line":9,"column":15},"end":{"line":9,"column":null}},"6":{"start":{"line":10,"column":4},"end":{"line":10,"column":null}},"7":{"start":{"line":10,"column":62},"end":{"line":10,"column":77}},"8":{"start":{"line":10,"column":115},"end":{"line":10,"column":null}},"9":{"start":{"line":12,"column":4},"end":{"line":12,"column":null}}},"fnMap":{"0":{"name":"(anonymous_0)","decl":{"start":{"line":5,"column":6},"end":{"line":5,"column":24}},"loc":{"start":{"line":5,"column":55},"end":{"line":13,"column":null}},"line":5},"1":{"name":"(anonymous_1)","decl":{"start":{"line":10,"column":53},"end":{"line":10,"column":57}},"loc":{"start":{"line":10,"column":62},"end":{"line":10,"column":77}},"line":10}},"branchMap":{"0":{"loc":{"start":{"line":6,"column":30},"end":{"line":6,"column":null}},"type":"binary-expr","locations":[{"start":{"line":6,"column":30},"end":{"line":6,"column":38}},{"start":{"line":6,"column":43},"end":{"line":6,"column":null}}],"line":6},"1":{"loc":{"start":{"line":8,"column":4},"end":{"line":8,"column":null}},"type":"if","locations":[{"start":{"line":8,"column":4},"end":{"line":8,"column":null}},{"start":{},"end":{}}],"line":8},"2":{"loc":{"start":{"line":9,"column":4},"end":{"line":9,"column":null}},"type":"if","locations":[{"start":{"line":9,"column":4},"end":{"line":9,"column":null}},{"start":{},"end":{}}],"line":9},"3":{"loc":{"start":{"line":10,"column":4},"end":{"line":10,"column":null}},"type":"if","locations":[{"start":{"line":10,"column":4},"end":{"line":10,"column":null}},{"start":{},"end":{}}],"line":10},"4":{"loc":{"start":{"line":10,"column":8},"end":{"line":10,"column":115}},"type":"binary-expr","locations":[{"start":{"line":10,"column":8},"end":{"line":10,"column":25}},{"start":{"line":10,"column":25},"end":{"line":10,"column":39}},{"start":{"line":10,"column":39},"end":{"line":10,"column":115}}],"line":10}},"s":{"0":1,"1":4,"2":4,"3":1,"4":3,"5":1,"6":2,"7":2,"8":1,"9":1},"f":{"0":4,"1":2},"b":{"0":[4,0],"1":[1,3],"2":[1,2],"3":[1,1],"4":[2,2,2]},"meta":{"lastBranch":5,"lastFunction":2,"lastStatement":10,"seen":{"s:5:6:13:Infinity":0,"f:5:6:5:24":0,"s:6:30:6:Infinity":1,"b:6:30:6:38:6:43:6:Infinity":0,"b:8:4:8:Infinity:undefined:undefined:undefined:undefined":1,"s:8:4:8:Infinity":2,"s:8:17:8:Infinity":3,"b:9:4:9:Infinity:undefined:undefined:undefined:undefined":2,"s:9:4:9:Infinity":4,"s:9:15:9:Infinity":5,"b:10:4:10:Infinity:undefined:undefined:undefined:undefined":3,"s:10:4:10:Infinity":6,"b:10:8:10:25:10:25:10:39:10:39:10:115":4,"f:10:53:10:57":1,"s:10:62:10:77":7,"s:10:115:10:Infinity":8,"s:12:4:12:Infinity":9},"fnNames":{}}}
,"E:\\SmartE\\client\\src\\components\\auth\\RegisterForm.tsx": {"path":"E:\\SmartE\\client\\src\\components\\auth\\RegisterForm.tsx","statementMap":{"0":{"start":{"line":10,"column":23},"end":{"line":20,"column":null}},"1":{"start":{"line":17,"column":20},"end":{"line":17,"column":60}},"2":{"start":{"line":22,"column":6},"end":{"line":31,"column":null}},"3":{"start":{"line":23,"column":4},"end":{"line":31,"column":null}},"4":{"start":{"line":34,"column":13},"end":{"line":194,"column":null}},"5":{"start":{"line":35,"column":36},"end":{"line":35,"column":null}},"6":{"start":{"line":36,"column":21},"end":{"line":36,"column":33}},"7":{"start":{"line":37,"column":76},"end":{"line":39,"column":null}},"8":{"start":{"line":41,"column":21},"end":{"line":50,"column":null}},"9":{"start":{"line":42,"column":8},"end":{"line":49,"column":null}},"10":{"start":{"line":43,"column":12},"end":{"line":43,"column":null}},"11":{"start":{"line":44,"column":12},"end":{"line":44,"column":null}},"12":{"start":{"line":45,"column":12},"end":{"line":45,"column":null}},"13":{"start":{"line":47,"column":12},"end":{"line":47,"column":null}},"14":{"start":{"line":48,"column":12},"end":{"line":48,"column":null}},"15":{"start":{"line":52,"column":4},"end":{"line":192,"column":null}},"16":{"start":{"line":154,"column":55},"end":{"line":154,"column":null}}},"fnMap":{"0":{"name":"(anonymous_0)","decl":{"start":{"line":17,"column":3},"end":{"line":17,"column":11}},"loc":{"start":{"line":17,"column":20},"end":{"line":17,"column":60}},"line":17},"1":{"name":"(anonymous_1)","decl":{"start":{"line":22,"column":6},"end":{"line":22,"column":17}},"loc":{"start":{"line":23,"column":4},"end":{"line":31,"column":null}},"line":23},"2":{"name":"(anonymous_2)","decl":{"start":{"line":34,"column":13},"end":{"line":34,"column":34}},"loc":{"start":{"line":34,"column":34},"end":{"line":194,"column":null}},"line":34},"3":{"name":"(anonymous_3)","decl":{"start":{"line":41,"column":21},"end":{"line":41,"column":28}},"loc":{"start":{"line":41,"column":42},"end":{"line":50,"column":null}},"line":41},"4":{"name":"(anonymous_4)","decl":{"start":{"line":154,"column":40},"end":{"line":154,"column":55}},"loc":{"start":{"line":154,"column":55},"end":{"line":154,"column":null}},"line":154}},"branchMap":{"0":{"loc":{"start":{"line":22,"column":19},"end":{"line":22,"column":null}},"type":"default-arg","locations":[{"start":{"line":22,"column":31},"end":{"line":22,"column":null}}],"line":22},"1":{"loc":{"start":{"line":109,"column":33},"end":{"line":109,"column":null}},"type":"binary-expr","locations":[{"start":{"line":109,"column":33},"end":{"line":109,"column":48}},{"start":{"line":109,"column":48},"end":{"line":109,"column":null}}],"line":109},"2":{"loc":{"start":{"line":120,"column":33},"end":{"line":120,"column":null}},"type":"binary-expr","locations":[{"start":{"line":120,"column":33},"end":{"line":120,"column":49}},{"start":{"line":120,"column":49},"end":{"line":120,"column":null}}],"line":120},"3":{"loc":{"start":{"line":130,"column":33},"end":{"line":130,"column":null}},"type":"binary-expr","locations":[{"start":{"line":130,"column":33},"end":{"line":130,"column":49}},{"start":{"line":130,"column":49},"end":{"line":130,"column":null}}],"line":130},"4":{"loc":{"start":{"line":140,"column":33},"end":{"line":140,"column":null}},"type":"binary-expr","locations":[{"start":{"line":140,"column":33},"end":{"line":140,"column":51}},{"start":{"line":140,"column":51},"end":{"line":140,"column":null}}],"line":140},"5":{"loc":{"start":{"line":148,"column":46},"end":{"line":148,"column":null}},"type":"cond-expr","locations":[{"start":{"line":148,"column":57},"end":{"line":148,"column":66}},{"start":{"line":148,"column":66},"end":{"line":148,"column":null}}],"line":148},"6":{"loc":{"start":{"line":156,"column":52},"end":{"line":156,"column":null}},"type":"cond-expr","locations":[{"start":{"line":156,"column":63},"end":{"line":156,"column":81}},{"start":{"line":156,"column":81},"end":{"line":156,"column":null}}],"line":156},"7":{"loc":{"start":{"line":158,"column":41},"end":{"line":158,"column":null}},"type":"cond-expr","locations":[{"start":{"line":158,"column":52},"end":{"line":158,"column":76}},{"start":{"line":158,"column":75},"end":{"line":158,"column":null}}],"line":158},"8":{"loc":{"start":{"line":161,"column":33},"end":{"line":161,"column":null}},"type":"binary-expr","locations":[{"start":{"line":161,"column":33},"end":{"line":161,"column":52}},{"start":{"line":161,"column":52},"end":{"line":161,"column":null}}],"line":161},"9":{"loc":{"start":{"line":168,"column":42},"end":{"line":168,"column":null}},"type":"cond-expr","locations":[{"start":{"line":168,"column":53},"end":{"line":168,"column":62}},{"start":{"line":168,"column":62},"end":{"line":168,"column":null}}],"line":168},"10":{"loc":{"start":{"line":172,"column":33},"end":{"line":172,"column":null}},"type":"binary-expr","locations":[{"start":{"line":172,"column":33},"end":{"line":172,"column":59}},{"start":{"line":172,"column":59},"end":{"line":172,"column":null}}],"line":172},"11":{"loc":{"start":{"line":180,"column":33},"end":{"line":180,"column":null}},"type":"cond-expr","locations":[{"start":{"line":180,"column":48},"end":{"line":180,"column":70}},{"start":{"line":180,"column":70},"end":{"line":180,"column":null}}],"line":180},"12":{"loc":{"start":{"line":181,"column":33},"end":{"line":182,"column":null}},"type":"binary-expr","locations":[{"start":{"line":181,"column":33},"end":{"line":181,"column":50}},{"start":{"line":181,"column":50},"end":{"line":182,"column":null}}],"line":181}},"s":{"0":2,"1":2,"2":2,"3":44,"4":2,"5":11,"6":11,"7":11,"8":11,"9":1,"10":1,"11":1,"12":1,"13":0,"14":0,"15":11,"16":0},"f":{"0":2,"1":44,"2":11,"3":1,"4":0},"b":{"0":[44],"1":[11,1],"2":[11,1],"3":[11,1],"4":[11,1],"5":[0,11],"6":[0,11],"7":[0,11],"8":[11,1],"9":[0,11],"10":[11,0],"11":[2,9],"12":[11,9]},"meta":{"lastBranch":13,"lastFunction":5,"lastStatement":17,"seen":{"s:10:23:20:Infinity":0,"f:17:3:17:11":0,"s:17:20:17:60":1,"s:22:6:31:Infinity":2,"f:22:6:22:17":1,"s:23:4:31:Infinity":3,"b:22:31:22:Infinity":0,"s:34:13:194:Infinity":4,"f:34:13:34:34":2,"s:35:36:35:Infinity":5,"s:36:21:36:33":6,"s:37:76:39:Infinity":7,"s:41:21:50:Infinity":8,"f:41:21:41:28":3,"s:42:8:49:Infinity":9,"s:43:12:43:Infinity":10,"s:44:12:44:Infinity":11,"s:45:12:45:Infinity":12,"s:47:12:47:Infinity":13,"s:48:12:48:Infinity":14,"s:52:4:192:Infinity":15,"b:109:33:109:48:109:48:109:Infinity":1,"b:120:33:120:49:120:49:120:Infinity":2,"b:130:33:130:49:130:49:130:Infinity":3,"b:140:33:140:51:140:51:140:Infinity":4,"b:148:57:148:66:148:66:148:Infinity":5,"f:154:40:154:55":4,"s:154:55:154:Infinity":16,"b:156:63:156:81:156:81:156:Infinity":6,"b:158:52:158:76:158:75:158:Infinity":7,"b:161:33:161:52:161:52:161:Infinity":8,"b:168:53:168:62:168:62:168:Infinity":9,"b:172:33:172:59:172:59:172:Infinity":10,"b:180:48:180:70:180:70:180:Infinity":11,"b:181:33:181:50:181:50:182:Infinity":12},"fnNames":{}}}
,"E:\\SmartE\\client\\src\\components\\common\\ProductCard.jsx": {"path":"E:\\SmartE\\client\\src\\components\\common\\ProductCard.jsx","statementMap":{"0":{"start":{"line":4,"column":13},"end":{"line":33,"column":null}},"1":{"start":{"line":5,"column":4},"end":{"line":31,"column":null}}},"fnMap":{"0":{"name":"(anonymous_0)","decl":{"start":{"line":4,"column":13},"end":{"line":4,"column":28}},"loc":{"start":{"line":4,"column":75},"end":{"line":33,"column":null}},"line":4}},"branchMap":{"0":{"loc":{"start":{"line":9,"column":17},"end":{"line":12,"column":null}},"type":"binary-expr","locations":[{"start":{"line":9,"column":17},"end":{"line":9,"column":null}},{"start":{"line":10,"column":20},"end":{"line":12,"column":null}}],"line":9}},"s":{"0":2,"1":2},"f":{"0":2},"b":{"0":[2,1]},"meta":{"lastBranch":1,"lastFunction":1,"lastStatement":2,"seen":{"s:4:13:33:Infinity":0,"f:4:13:4:28":0,"s:5:4:31:Infinity":1,"b:9:17:9:Infinity:10:20:12:Infinity":0},"fnNames":{}}}
,"E:\\SmartE\\client\\src\\components\\layout\\Footer.jsx": {"path":"E:\\SmartE\\client\\src\\components\\layout\\Footer.jsx","statementMap":{"0":{"start":{"line":6,"column":6},"end":{"line":15,"column":null}},"1":{"start":{"line":7,"column":4},"end":{"line":15,"column":null}},"2":{"start":{"line":18,"column":6},"end":{"line":100,"column":null}},"3":{"start":{"line":19,"column":4},"end":{"line":98,"column":null}}},"fnMap":{"0":{"name":"(anonymous_0)","decl":{"start":{"line":6,"column":6},"end":{"line":6,"column":17}},"loc":{"start":{"line":7,"column":4},"end":{"line":15,"column":null}},"line":7},"1":{"name":"(anonymous_1)","decl":{"start":{"line":18,"column":6},"end":{"line":18,"column":21}},"loc":{"start":{"line":18,"column":21},"end":{"line":100,"column":null}},"line":18}},"branchMap":{"0":{"loc":{"start":{"line":6,"column":19},"end":{"line":6,"column":null}},"type":"default-arg","locations":[{"start":{"line":6,"column":31},"end":{"line":6,"column":null}}],"line":6}},"s":{"0":4,"1":13,"2":4,"3":13},"f":{"0":13,"1":13},"b":{"0":[13]},"meta":{"lastBranch":1,"lastFunction":2,"lastStatement":4,"seen":{"s:6:6:15:Infinity":0,"f:6:6:6:17":0,"s:7:4:15:Infinity":1,"b:6:31:6:Infinity":0,"s:18:6:100:Infinity":2,"f:18:6:18:21":1,"s:19:4:98:Infinity":3},"fnNames":{}}}
,"E:\\SmartE\\client\\src\\components\\layout\\Header.jsx": {"path":"E:\\SmartE\\client\\src\\components\\layout\\Header.jsx","statementMap":{"0":{"start":{"line":5,"column":13},"end":{"line":54,"column":null}},"1":{"start":{"line":6,"column":29},"end":{"line":6,"column":null}},"2":{"start":{"line":7,"column":32},"end":{"line":7,"column":null}},"3":{"start":{"line":8,"column":4},"end":{"line":52,"column":null}},"4":{"start":{"line":28,"column":47},"end":{"line":28,"column":null}}},"fnMap":{"0":{"name":"(anonymous_0)","decl":{"start":{"line":5,"column":13},"end":{"line":5,"column":28}},"loc":{"start":{"line":5,"column":28},"end":{"line":54,"column":null}},"line":5},"1":{"name":"(anonymous_1)","decl":{"start":{"line":28,"column":32},"end":{"line":28,"column":47}},"loc":{"start":{"line":28,"column":47},"end":{"line":28,"column":null}},"line":28}},"branchMap":{"0":{"loc":{"start":{"line":6,"column":29},"end":{"line":6,"column":null}},"type":"binary-expr","locations":[{"start":{"line":6,"column":29},"end":{"line":6,"column":37}},{"start":{"line":6,"column":42},"end":{"line":6,"column":null}}],"line":6},"1":{"loc":{"start":{"line":24,"column":21},"end":{"line":48,"column":null}},"type":"cond-expr","locations":[{"start":{"line":25,"column":24},"end":{"line":48,"column":25}},{"start":{"line":48,"column":24},"end":{"line":48,"column":null}}],"line":24},"2":{"loc":{"start":{"line":31,"column":37},"end":{"line":31,"column":null}},"type":"cond-expr","locations":[{"start":{"line":31,"column":49},"end":{"line":31,"column":78}},{"start":{"line":31,"column":78},"end":{"line":31,"column":null}}],"line":31},"3":{"loc":{"start":{"line":33,"column":39},"end":{"line":33,"column":83}},"type":"binary-expr","locations":[{"start":{"line":33,"column":39},"end":{"line":33,"column":52}},{"start":{"line":33,"column":52},"end":{"line":33,"column":83}}],"line":33},"4":{"loc":{"start":{"line":35,"column":29},"end":{"line":46,"column":null}},"type":"binary-expr","locations":[{"start":{"line":35,"column":29},"end":{"line":35,"column":null}},{"start":{"line":36,"column":32},"end":{"line":46,"column":null}}],"line":35}},"s":{"0":4,"1":14,"2":14,"3":14,"4":1},"f":{"0":14,"1":1},"b":{"0":[14,0],"1":[12,2],"2":[12,0],"3":[12,0],"4":[12,1]},"meta":{"lastBranch":5,"lastFunction":2,"lastStatement":5,"seen":{"s:5:13:54:Infinity":0,"f:5:13:5:28":0,"s:6:29:6:Infinity":1,"b:6:29:6:37:6:42:6:Infinity":0,"s:7:32:7:Infinity":2,"s:8:4:52:Infinity":3,"b:25:24:48:25:48:24:48:Infinity":1,"f:28:32:28:47":1,"s:28:47:28:Infinity":4,"b:31:49:31:78:31:78:31:Infinity":2,"b:33:39:33:52:33:52:33:83":3,"b:35:29:35:Infinity:36:32:46:Infinity":4},"fnNames":{}}}
,"E:\\SmartE\\client\\src\\components\\layout\\Sidebar.jsx": {"path":"E:\\SmartE\\client\\src\\components\\layout\\Sidebar.jsx","statementMap":{"0":{"start":{"line":4,"column":6},"end":{"line":49,"column":null}},"1":{"start":{"line":5,"column":40},"end":{"line":5,"column":null}},"2":{"start":{"line":7,"column":4},"end":{"line":17,"column":null}},"3":{"start":{"line":8,"column":32},"end":{"line":15,"column":null}},"4":{"start":{"line":9,"column":12},"end":{"line":14,"column":null}},"5":{"start":{"line":10,"column":29},"end":{"line":10,"column":49}},"6":{"start":{"line":11,"column":16},"end":{"line":11,"column":null}},"7":{"start":{"line":13,"column":16},"end":{"line":13,"column":null}},"8":{"start":{"line":16,"column":8},"end":{"line":16,"column":null}},"9":{"start":{"line":19,"column":10},"end":{"line":36,"column":null}},"10":{"start":{"line":20,"column":8},"end":{"line":36,"column":null}},"11":{"start":{"line":30,"column":24},"end":{"line":32,"column":null}},"12":{"start":{"line":39,"column":4},"end":{"line":47,"column":null}}},"fnMap":{"0":{"name":"(anonymous_0)","decl":{"start":{"line":4,"column":6},"end":{"line":4,"column":22}},"loc":{"start":{"line":4,"column":22},"end":{"line":49,"column":null}},"line":4},"1":{"name":"(anonymous_1)","decl":{"start":{"line":7,"column":4},"end":{"line":7,"column":20}},"loc":{"start":{"line":7,"column":20},"end":{"line":17,"column":7}},"line":7},"2":{"name":"(anonymous_2)","decl":{"start":{"line":8,"column":32},"end":{"line":8,"column":44}},"loc":{"start":{"line":8,"column":44},"end":{"line":15,"column":null}},"line":8},"3":{"name":"(anonymous_3)","decl":{"start":{"line":19,"column":10},"end":{"line":19,"column":28}},"loc":{"start":{"line":20,"column":8},"end":{"line":36,"column":null}},"line":20},"4":{"name":"(anonymous_4)","decl":{"start":{"line":29,"column":39},"end":{"line":29,"column":43}},"loc":{"start":{"line":30,"column":24},"end":{"line":32,"column":null}},"line":30}},"branchMap":{"0":{"loc":{"start":{"line":23,"column":27},"end":{"line":23,"column":54}},"type":"binary-expr","locations":[{"start":{"line":23,"column":27},"end":{"line":23,"column":44}},{"start":{"line":23,"column":44},"end":{"line":23,"column":54}}],"line":23},"1":{"loc":{"start":{"line":25,"column":17},"end":{"line":26,"column":null}},"type":"binary-expr","locations":[{"start":{"line":25,"column":17},"end":{"line":25,"column":50}},{"start":{"line":25,"column":50},"end":{"line":26,"column":null}}],"line":25},"2":{"loc":{"start":{"line":27,"column":13},"end":{"line":36,"column":null}},"type":"binary-expr","locations":[{"start":{"line":27,"column":13},"end":{"line":27,"column":null}},{"start":{"line":28,"column":16},"end":{"line":36,"column":null}}],"line":27}},"s":{"0":1,"1":2,"2":2,"3":1,"4":1,"5":1,"6":1,"7":0,"8":1,"9":2,"10":1,"11":1,"12":2},"f":{"0":2,"1":1,"2":1,"3":1,"4":1},"b":{"0":[1,1],"1":[1,1],"2":[1,1]},"meta":{"lastBranch":3,"lastFunction":5,"lastStatement":13,"seen":{"s:4:6:49:Infinity":0,"f:4:6:4:22":0,"s:5:40:5:Infinity":1,"s:7:4:17:Infinity":2,"f:7:4:7:20":1,"s:8:32:15:Infinity":3,"f:8:32:8:44":2,"s:9:12:14:Infinity":4,"s:10:29:10:49":5,"s:11:16:11:Infinity":6,"s:13:16:13:Infinity":7,"s:16:8:16:Infinity":8,"s:19:10:36:Infinity":9,"f:19:10:19:28":3,"s:20:8:36:Infinity":10,"b:23:27:23:44:23:44:23:54":0,"b:25:17:25:50:25:50:26:Infinity":1,"b:27:13:27:Infinity:28:16:36:Infinity":2,"f:29:39:29:43":4,"s:30:24:32:Infinity":11,"s:39:4:47:Infinity":12},"fnNames":{}}}
,"E:\\SmartE\\client\\src\\components\\layout\\UserProfileSidebar.jsx": {"path":"E:\\SmartE\\client\\src\\components\\layout\\UserProfileSidebar.jsx","statementMap":{"0":{"start":{"line":4,"column":6},"end":{"line":33,"column":null}},"1":{"start":{"line":5,"column":21},"end":{"line":5,"column":33}},"2":{"start":{"line":6,"column":18},"end":{"line":12,"column":null}},"3":{"start":{"line":14,"column":4},"end":{"line":31,"column":null}},"4":{"start":{"line":19,"column":20},"end":{"line":28,"column":null}}},"fnMap":{"0":{"name":"(anonymous_0)","decl":{"start":{"line":4,"column":6},"end":{"line":4,"column":33}},"loc":{"start":{"line":4,"column":33},"end":{"line":33,"column":null}},"line":4},"1":{"name":"(anonymous_1)","decl":{"start":{"line":18,"column":23},"end":{"line":18,"column":28}},"loc":{"start":{"line":19,"column":20},"end":{"line":28,"column":null}},"line":19}},"branchMap":{"0":{"loc":{"start":{"line":22,"column":67},"end":{"line":24,"column":null}},"type":"cond-expr","locations":[{"start":{"line":23,"column":34},"end":{"line":23,"column":null}},{"start":{"line":24,"column":34},"end":{"line":24,"column":null}}],"line":22}},"s":{"0":2,"1":2,"2":2,"3":2,"4":10},"f":{"0":2,"1":10},"b":{"0":[1,9]},"meta":{"lastBranch":1,"lastFunction":2,"lastStatement":5,"seen":{"s:4:6:33:Infinity":0,"f:4:6:4:33":0,"s:5:21:5:33":1,"s:6:18:12:Infinity":2,"s:14:4:31:Infinity":3,"f:18:23:18:28":1,"s:19:20:28:Infinity":4,"b:23:34:23:Infinity:24:34:24:Infinity":0},"fnNames":{}}}
,"E:\\SmartE\\client\\src\\context\\AuthContext.jsx": {"path":"E:\\SmartE\\client\\src\\context\\AuthContext.jsx","statementMap":{"0":{"start":{"line":4,"column":20},"end":{"line":4,"column":null}},"1":{"start":{"line":6,"column":13},"end":{"line":48,"column":null}},"2":{"start":{"line":7,"column":28},"end":{"line":7,"column":null}},"3":{"start":{"line":8,"column":34},"end":{"line":8,"column":null}},"4":{"start":{"line":8,"column":49},"end":{"line":8,"column":79}},"5":{"start":{"line":10,"column":4},"end":{"line":24,"column":null}},"6":{"start":{"line":11,"column":8},"end":{"line":11,"column":null}},"7":{"start":{"line":11,"column":43},"end":{"line":11,"column":null}},"8":{"start":{"line":12,"column":26},"end":{"line":22,"column":null}},"9":{"start":{"line":13,"column":12},"end":{"line":21,"column":null}},"10":{"start":{"line":14,"column":29},"end":{"line":14,"column":41}},"11":{"start":{"line":15,"column":16},"end":{"line":15,"column":null}},"12":{"start":{"line":17,"column":16},"end":{"line":17,"column":null}},"13":{"start":{"line":18,"column":16},"end":{"line":18,"column":null}},"14":{"start":{"line":20,"column":16},"end":{"line":20,"column":null}},"15":{"start":{"line":23,"column":8},"end":{"line":23,"column":null}},"16":{"start":{"line":26,"column":10},"end":{"line":30,"column":null}},"17":{"start":{"line":27,"column":8},"end":{"line":27,"column":null}},"18":{"start":{"line":28,"column":8},"end":{"line":28,"column":null}},"19":{"start":{"line":29,"column":8},"end":{"line":29,"column":null}},"20":{"start":{"line":32,"column":19},"end":{"line":41,"column":null}},"21":{"start":{"line":33,"column":8},"end":{"line":37,"column":null}},"22":{"start":{"line":34,"column":12},"end":{"line":34,"column":null}},"23":{"start":{"line":36,"column":12},"end":{"line":36,"column":null}},"24":{"start":{"line":38,"column":8},"end":{"line":38,"column":null}},"25":{"start":{"line":39,"column":8},"end":{"line":39,"column":null}},"26":{"start":{"line":40,"column":8},"end":{"line":40,"column":null}},"27":{"start":{"line":43,"column":4},"end":{"line":46,"column":null}},"28":{"start":{"line":50,"column":13},"end":{"line":50,"column":null}},"29":{"start":{"line":50,"column":29},"end":{"line":50,"column":null}}},"fnMap":{"0":{"name":"(anonymous_0)","decl":{"start":{"line":6,"column":13},"end":{"line":6,"column":29}},"loc":{"start":{"line":6,"column":46},"end":{"line":48,"column":null}},"line":6},"1":{"name":"(anonymous_1)","decl":{"start":{"line":8,"column":34},"end":{"line":8,"column":49}},"loc":{"start":{"line":8,"column":49},"end":{"line":8,"column":79}},"line":8},"2":{"name":"(anonymous_2)","decl":{"start":{"line":10,"column":4},"end":{"line":10,"column":20}},"loc":{"start":{"line":10,"column":20},"end":{"line":24,"column":7}},"line":10},"3":{"name":"(anonymous_3)","decl":{"start":{"line":12,"column":26},"end":{"line":12,"column":38}},"loc":{"start":{"line":12,"column":38},"end":{"line":22,"column":null}},"line":12},"4":{"name":"(anonymous_4)","decl":{"start":{"line":26,"column":10},"end":{"line":26,"column":19}},"loc":{"start":{"line":26,"column":45},"end":{"line":30,"column":null}},"line":26},"5":{"name":"(anonymous_5)","decl":{"start":{"line":32,"column":19},"end":{"line":32,"column":31}},"loc":{"start":{"line":32,"column":31},"end":{"line":41,"column":null}},"line":32},"6":{"name":"(anonymous_6)","decl":{"start":{"line":50,"column":13},"end":{"line":50,"column":29}},"loc":{"start":{"line":50,"column":29},"end":{"line":50,"column":null}},"line":50}},"branchMap":{"0":{"loc":{"start":{"line":11,"column":8},"end":{"line":11,"column":null}},"type":"if","locations":[{"start":{"line":11,"column":8},"end":{"line":11,"column":null}},{"start":{},"end":{}}],"line":11}},"s":{"0":8,"1":8,"2":9,"3":9,"4":5,"5":9,"6":5,"7":2,"8":3,"9":3,"10":3,"11":2,"12":2,"13":2,"14":3,"15":3,"16":9,"17":1,"18":1,"19":1,"20":9,"21":1,"22":1,"23":0,"24":1,"25":1,"26":1,"27":9,"28":8,"29":9},"f":{"0":9,"1":5,"2":5,"3":3,"4":1,"5":1,"6":9},"b":{"0":[2,3]},"meta":{"lastBranch":1,"lastFunction":7,"lastStatement":30,"seen":{"s:4:20:4:Infinity":0,"s:6:13:48:Infinity":1,"f:6:13:6:29":0,"s:7:28:7:Infinity":2,"s:8:34:8:Infinity":3,"f:8:34:8:49":1,"s:8:49:8:79":4,"s:10:4:24:Infinity":5,"f:10:4:10:20":2,"b:11:8:11:Infinity:undefined:undefined:undefined:undefined":0,"s:11:8:11:Infinity":6,"s:11:43:11:Infinity":7,"s:12:26:22:Infinity":8,"f:12:26:12:38":3,"s:13:12:21:Infinity":9,"s:14:29:14:41":10,"s:15:16:15:Infinity":11,"s:17:16:17:Infinity":12,"s:18:16:18:Infinity":13,"s:20:16:20:Infinity":14,"s:23:8:23:Infinity":15,"s:26:10:30:Infinity":16,"f:26:10:26:19":4,"s:27:8:27:Infinity":17,"s:28:8:28:Infinity":18,"s:29:8:29:Infinity":19,"s:32:19:41:Infinity":20,"f:32:19:32:31":5,"s:33:8:37:Infinity":21,"s:34:12:34:Infinity":22,"s:36:12:36:Infinity":23,"s:38:8:38:Infinity":24,"s:39:8:39:Infinity":25,"s:40:8:40:Infinity":26,"s:43:4:46:Infinity":27,"s:50:13:50:Infinity":28,"f:50:13:50:29":6,"s:50:29:50:Infinity":29},"fnNames":{}}}
,"E:\\SmartE\\client\\src\\pages\\AuthCallback.jsx": {"path":"E:\\SmartE\\client\\src\\pages\\AuthCallback.jsx","statementMap":{"0":{"start":{"line":6,"column":6},"end":{"line":34,"column":null}},"1":{"start":{"line":7,"column":27},"end":{"line":7,"column":43}},"2":{"start":{"line":8,"column":21},"end":{"line":8,"column":33}},"3":{"start":{"line":9,"column":22},"end":{"line":9,"column":30}},"4":{"start":{"line":11,"column":4},"end":{"line":31,"column":null}},"5":{"start":{"line":12,"column":22},"end":{"line":12,"column":null}},"6":{"start":{"line":13,"column":8},"end":{"line":30,"column":null}},"7":{"start":{"line":14,"column":12},"end":{"line":14,"column":null}},"8":{"start":{"line":15,"column":12},"end":{"line":15,"column":null}},"9":{"start":{"line":17,"column":30},"end":{"line":26,"column":null}},"10":{"start":{"line":18,"column":16},"end":{"line":25,"column":null}},"11":{"start":{"line":19,"column":37},"end":{"line":19,"column":null}},"12":{"start":{"line":20,"column":20},"end":{"line":20,"column":null}},"13":{"start":{"line":21,"column":20},"end":{"line":21,"column":null}},"14":{"start":{"line":23,"column":20},"end":{"line":23,"column":null}},"15":{"start":{"line":24,"column":20},"end":{"line":24,"column":null}},"16":{"start":{"line":27,"column":12},"end":{"line":27,"column":null}},"17":{"start":{"line":29,"column":12},"end":{"line":29,"column":null}},"18":{"start":{"line":33,"column":4},"end":{"line":33,"column":null}}},"fnMap":{"0":{"name":"(anonymous_0)","decl":{"start":{"line":6,"column":6},"end":{"line":6,"column":27}},"loc":{"start":{"line":6,"column":27},"end":{"line":34,"column":null}},"line":6},"1":{"name":"(anonymous_1)","decl":{"start":{"line":11,"column":4},"end":{"line":11,"column":20}},"loc":{"start":{"line":11,"column":20},"end":{"line":31,"column":7}},"line":11},"2":{"name":"(anonymous_2)","decl":{"start":{"line":17,"column":30},"end":{"line":17,"column":42}},"loc":{"start":{"line":17,"column":42},"end":{"line":26,"column":null}},"line":17}},"branchMap":{"0":{"loc":{"start":{"line":13,"column":8},"end":{"line":30,"column":null}},"type":"if","locations":[{"start":{"line":13,"column":8},"end":{"line":30,"column":null}},{"start":{"line":28,"column":15},"end":{"line":30,"column":null}}],"line":13}},"s":{"0":1,"1":2,"2":2,"3":2,"4":2,"5":2,"6":2,"7":1,"8":1,"9":1,"10":1,"11":1,"12":1,"13":1,"14":0,"15":0,"16":1,"17":1,"18":2},"f":{"0":2,"1":2,"2":1},"b":{"0":[1,1]},"meta":{"lastBranch":1,"lastFunction":3,"lastStatement":19,"seen":{"s:6:6:34:Infinity":0,"f:6:6:6:27":0,"s:7:27:7:43":1,"s:8:21:8:33":2,"s:9:22:9:30":3,"s:11:4:31:Infinity":4,"f:11:4:11:20":1,"s:12:22:12:Infinity":5,"b:13:8:30:Infinity:28:15:30:Infinity":0,"s:13:8:30:Infinity":6,"s:14:12:14:Infinity":7,"s:15:12:15:Infinity":8,"s:17:30:26:Infinity":9,"f:17:30:17:42":2,"s:18:16:25:Infinity":10,"s:19:37:19:Infinity":11,"s:20:20:20:Infinity":12,"s:21:20:21:Infinity":13,"s:23:20:23:Infinity":14,"s:24:20:24:Infinity":15,"s:27:12:27:Infinity":16,"s:29:12:29:Infinity":17,"s:33:4:33:Infinity":18},"fnNames":{}}}
,"E:\\SmartE\\client\\src\\pages\\BenchmarkPage.jsx": {"path":"E:\\SmartE\\client\\src\\pages\\BenchmarkPage.jsx","statementMap":{"0":{"start":{"line":20,"column":34},"end":{"line":20,"column":null}},"1":{"start":{"line":21,"column":38},"end":{"line":21,"column":null}},"2":{"start":{"line":22,"column":40},"end":{"line":22,"column":null}},"3":{"start":{"line":23,"column":30},"end":{"line":23,"column":null}},"4":{"start":{"line":24,"column":46},"end":{"line":24,"column":null}},"5":{"start":{"line":25,"column":28},"end":{"line":25,"column":null}},"6":{"start":{"line":26,"column":30},"end":{"line":26,"column":null}},"7":{"start":{"line":28,"column":31},"end":{"line":66,"column":null}},"8":{"start":{"line":29,"column":8},"end":{"line":29,"column":null}},"9":{"start":{"line":30,"column":8},"end":{"line":30,"column":null}},"10":{"start":{"line":31,"column":8},"end":{"line":31,"column":null}},"11":{"start":{"line":33,"column":8},"end":{"line":65,"column":null}},"12":{"start":{"line":35,"column":12},"end":{"line":57,"column":null}},"13":{"start":{"line":36,"column":16},"end":{"line":36,"column":null}},"14":{"start":{"line":37,"column":16},"end":{"line":41,"column":null}},"15":{"start":{"line":37,"column":44},"end":{"line":41,"column":18}},"16":{"start":{"line":42,"column":16},"end":{"line":42,"column":null}},"17":{"start":{"line":42,"column":31},"end":{"line":42,"column":68}},"18":{"start":{"line":43,"column":19},"end":{"line":57,"column":null}},"19":{"start":{"line":44,"column":16},"end":{"line":44,"column":null}},"20":{"start":{"line":45,"column":16},"end":{"line":49,"column":null}},"21":{"start":{"line":45,"column":44},"end":{"line":49,"column":18}},"22":{"start":{"line":50,"column":16},"end":{"line":50,"column":null}},"23":{"start":{"line":50,"column":31},"end":{"line":50,"column":68}},"24":{"start":{"line":52,"column":16},"end":{"line":52,"column":null}},"25":{"start":{"line":53,"column":16},"end":{"line":53,"column":null}},"26":{"start":{"line":54,"column":34},"end":{"line":54,"column":null}},"27":{"start":{"line":55,"column":34},"end":{"line":55,"column":null}},"28":{"start":{"line":56,"column":16},"end":{"line":56,"column":null}},"29":{"start":{"line":56,"column":31},"end":{"line":56,"column":65}},"30":{"start":{"line":59,"column":12},"end":{"line":59,"column":null}},"31":{"start":{"line":60,"column":27},"end":{"line":60,"column":null}},"32":{"start":{"line":61,"column":12},"end":{"line":61,"column":null}},"33":{"start":{"line":62,"column":12},"end":{"line":62,"column":null}},"34":{"start":{"line":62,"column":27},"end":{"line":62,"column":92}},"35":{"start":{"line":64,"column":12},"end":{"line":64,"column":null}},"36":{"start":{"line":68,"column":22},"end":{"line":68,"column":null}},"37":{"start":{"line":69,"column":22},"end":{"line":69,"column":null}},"38":{"start":{"line":72,"column":23},"end":{"line":72,"column":null}},"39":{"start":{"line":72,"column":81},"end":{"line":72,"column":88}},"40":{"start":{"line":73,"column":23},"end":{"line":75,"column":null}},"41":{"start":{"line":74,"column":49},"end":{"line":74,"column":87}},"42":{"start":{"line":77,"column":4},"end":{"line":588,"column":null}},"43":{"start":{"line":108,"column":49},"end":{"line":108,"column":null}},"44":{"start":{"line":119,"column":49},"end":{"line":119,"column":null}},"45":{"start":{"line":125,"column":43},"end":{"line":125,"column":null}},"46":{"start":{"line":142,"column":39},"end":{"line":142,"column":null}},"47":{"start":{"line":150,"column":39},"end":{"line":150,"column":null}},"48":{"start":{"line":230,"column":39},"end":{"line":230,"column":null}},"49":{"start":{"line":241,"column":39},"end":{"line":241,"column":null}},"50":{"start":{"line":252,"column":39},"end":{"line":252,"column":null}},"51":{"start":{"line":263,"column":39},"end":{"line":263,"column":null}},"52":{"start":{"line":308,"column":65},"end":{"line":308,"column":null}},"53":{"start":{"line":309,"column":44},"end":{"line":329,"column":null}},"54":{"start":{"line":354,"column":61},"end":{"line":354,"column":null}},"55":{"start":{"line":355,"column":61},"end":{"line":355,"column":null}},"56":{"start":{"line":357,"column":44},"end":{"line":380,"column":null}},"57":{"start":{"line":457,"column":40},"end":{"line":468,"column":null}},"58":{"start":{"line":529,"column":40},"end":{"line":537,"column":null}},"59":{"start":{"line":554,"column":47},"end":{"line":554,"column":null}},"60":{"start":{"line":565,"column":36},"end":{"line":580,"column":null}}},"fnMap":{"0":{"name":"BenchmarkPage","decl":{"start":{"line":19,"column":24},"end":{"line":19,"column":40}},"loc":{"start":{"line":19,"column":40},"end":{"line":590,"column":null}},"line":19},"1":{"name":"(anonymous_1)","decl":{"start":{"line":28,"column":31},"end":{"line":28,"column":38}},"loc":{"start":{"line":28,"column":56},"end":{"line":66,"column":null}},"line":28},"2":{"name":"(anonymous_2)","decl":{"start":{"line":37,"column":16},"end":{"line":37,"column":34}},"loc":{"start":{"line":37,"column":44},"end":{"line":41,"column":18}},"line":37},"3":{"name":"(anonymous_3)","decl":{"start":{"line":42,"column":16},"end":{"line":42,"column":25}},"loc":{"start":{"line":42,"column":31},"end":{"line":42,"column":68}},"line":42},"4":{"name":"(anonymous_4)","decl":{"start":{"line":45,"column":16},"end":{"line":45,"column":34}},"loc":{"start":{"line":45,"column":44},"end":{"line":49,"column":18}},"line":45},"5":{"name":"(anonymous_5)","decl":{"start":{"line":50,"column":16},"end":{"line":50,"column":25}},"loc":{"start":{"line":50,"column":31},"end":{"line":50,"column":68}},"line":50},"6":{"name":"(anonymous_6)","decl":{"start":{"line":56,"column":16},"end":{"line":56,"column":25}},"loc":{"start":{"line":56,"column":31},"end":{"line":56,"column":65}},"line":56},"7":{"name":"(anonymous_7)","decl":{"start":{"line":62,"column":12},"end":{"line":62,"column":21}},"loc":{"start":{"line":62,"column":27},"end":{"line":62,"column":92}},"line":62},"8":{"name":"(anonymous_8)","decl":{"start":{"line":72,"column":70},"end":{"line":72,"column":75}},"loc":{"start":{"line":72,"column":81},"end":{"line":72,"column":88}},"line":72},"9":{"name":"(anonymous_9)","decl":{"start":{"line":74,"column":38},"end":{"line":74,"column":43}},"loc":{"start":{"line":74,"column":49},"end":{"line":74,"column":87}},"line":74},"10":{"name":"(anonymous_10)","decl":{"start":{"line":108,"column":32},"end":{"line":108,"column":43}},"loc":{"start":{"line":108,"column":49},"end":{"line":108,"column":null}},"line":108},"11":{"name":"(anonymous_11)","decl":{"start":{"line":119,"column":32},"end":{"line":119,"column":43}},"loc":{"start":{"line":119,"column":49},"end":{"line":119,"column":null}},"line":119},"12":{"name":"(anonymous_12)","decl":{"start":{"line":125,"column":28},"end":{"line":125,"column":43}},"loc":{"start":{"line":125,"column":43},"end":{"line":125,"column":null}},"line":125},"13":{"name":"(anonymous_13)","decl":{"start":{"line":142,"column":24},"end":{"line":142,"column":39}},"loc":{"start":{"line":142,"column":39},"end":{"line":142,"column":null}},"line":142},"14":{"name":"(anonymous_14)","decl":{"start":{"line":150,"column":24},"end":{"line":150,"column":39}},"loc":{"start":{"line":150,"column":39},"end":{"line":150,"column":null}},"line":150},"15":{"name":"(anonymous_15)","decl":{"start":{"line":230,"column":24},"end":{"line":230,"column":39}},"loc":{"start":{"line":230,"column":39},"end":{"line":230,"column":null}},"line":230},"16":{"name":"(anonymous_16)","decl":{"start":{"line":241,"column":24},"end":{"line":241,"column":39}},"loc":{"start":{"line":241,"column":39},"end":{"line":241,"column":null}},"line":241},"17":{"name":"(anonymous_17)","decl":{"start":{"line":252,"column":24},"end":{"line":252,"column":39}},"loc":{"start":{"line":252,"column":39},"end":{"line":252,"column":null}},"line":252},"18":{"name":"(anonymous_18)","decl":{"start":{"line":263,"column":24},"end":{"line":263,"column":39}},"loc":{"start":{"line":263,"column":39},"end":{"line":263,"column":null}},"line":263},"19":{"name":"(anonymous_19)","decl":{"start":{"line":307,"column":57},"end":{"line":307,"column":62}},"loc":{"start":{"line":307,"column":76},"end":{"line":331,"column":41}},"line":307},"20":{"name":"(anonymous_20)","decl":{"start":{"line":353,"column":57},"end":{"line":353,"column":62}},"loc":{"start":{"line":353,"column":76},"end":{"line":382,"column":41}},"line":353},"21":{"name":"(anonymous_21)","decl":{"start":{"line":456,"column":54},"end":{"line":456,"column":59}},"loc":{"start":{"line":457,"column":40},"end":{"line":468,"column":null}},"line":457},"22":{"name":"(anonymous_22)","decl":{"start":{"line":528,"column":54},"end":{"line":528,"column":59}},"loc":{"start":{"line":529,"column":40},"end":{"line":537,"column":null}},"line":529},"23":{"name":"(anonymous_23)","decl":{"start":{"line":554,"column":32},"end":{"line":554,"column":47}},"loc":{"start":{"line":554,"column":47},"end":{"line":554,"column":null}},"line":554},"24":{"name":"(anonymous_24)","decl":{"start":{"line":564,"column":37},"end":{"line":564,"column":42}},"loc":{"start":{"line":565,"column":36},"end":{"line":580,"column":null}},"line":565}},"branchMap":{"0":{"loc":{"start":{"line":28,"column":38},"end":{"line":28,"column":56}},"type":"default-arg","locations":[{"start":{"line":28,"column":45},"end":{"line":28,"column":56}}],"line":28},"1":{"loc":{"start":{"line":35,"column":12},"end":{"line":57,"column":null}},"type":"if","locations":[{"start":{"line":35,"column":12},"end":{"line":57,"column":null}},{"start":{"line":43,"column":19},"end":{"line":57,"column":null}}],"line":35},"2":{"loc":{"start":{"line":42,"column":42},"end":{"line":42,"column":67}},"type":"binary-expr","locations":[{"start":{"line":42,"column":42},"end":{"line":42,"column":64}},{"start":{"line":42,"column":64},"end":{"line":42,"column":67}}],"line":42},"3":{"loc":{"start":{"line":43,"column":19},"end":{"line":57,"column":null}},"type":"if","locations":[{"start":{"line":43,"column":19},"end":{"line":57,"column":null}},{"start":{"line":51,"column":19},"end":{"line":57,"column":null}}],"line":43},"4":{"loc":{"start":{"line":50,"column":42},"end":{"line":50,"column":67}},"type":"binary-expr","locations":[{"start":{"line":50,"column":42},"end":{"line":50,"column":64}},{"start":{"line":50,"column":64},"end":{"line":50,"column":67}}],"line":50},"5":{"loc":{"start":{"line":54,"column":34},"end":{"line":54,"column":null}},"type":"binary-expr","locations":[{"start":{"line":54,"column":34},"end":{"line":54,"column":72}},{"start":{"line":54,"column":72},"end":{"line":54,"column":null}}],"line":54},"6":{"loc":{"start":{"line":55,"column":34},"end":{"line":55,"column":null}},"type":"binary-expr","locations":[{"start":{"line":55,"column":34},"end":{"line":55,"column":72}},{"start":{"line":55,"column":72},"end":{"line":55,"column":null}}],"line":55},"7":{"loc":{"start":{"line":60,"column":27},"end":{"line":60,"column":null}},"type":"binary-expr","locations":[{"start":{"line":60,"column":27},"end":{"line":60,"column":58}},{"start":{"line":60,"column":58},"end":{"line":60,"column":73}},{"start":{"line":60,"column":73},"end":{"line":60,"column":null}}],"line":60},"8":{"loc":{"start":{"line":72,"column":23},"end":{"line":72,"column":null}},"type":"cond-expr","locations":[{"start":{"line":72,"column":42},"end":{"line":72,"column":93}},{"start":{"line":72,"column":93},"end":{"line":72,"column":null}}],"line":72},"9":{"loc":{"start":{"line":73,"column":23},"end":{"line":75,"column":null}},"type":"cond-expr","locations":[{"start":{"line":74,"column":10},"end":{"line":74,"column":null}},{"start":{"line":75,"column":10},"end":{"line":75,"column":null}}],"line":73},"10":{"loc":{"start":{"line":129,"column":29},"end":{"line":134,"column":39}},"type":"cond-expr","locations":[{"start":{"line":130,"column":32},"end":{"line":132,"column":33}},{"start":{"line":132,"column":32},"end":{"line":134,"column":39}}],"line":129},"11":{"loc":{"start":{"line":134,"column":29},"end":{"line":134,"column":null}},"type":"cond-expr","locations":[{"start":{"line":134,"column":39},"end":{"line":134,"column":60}},{"start":{"line":134,"column":60},"end":{"line":134,"column":null}}],"line":134},"12":{"loc":{"start":{"line":159,"column":17},"end":{"line":163,"column":null}},"type":"binary-expr","locations":[{"start":{"line":159,"column":17},"end":{"line":159,"column":null}},{"start":{"line":160,"column":20},"end":{"line":163,"column":null}}],"line":159},"13":{"loc":{"start":{"line":167,"column":17},"end":{"line":224,"column":null}},"type":"binary-expr","locations":[{"start":{"line":167,"column":17},"end":{"line":167,"column":null}},{"start":{"line":168,"column":20},"end":{"line":224,"column":null}}],"line":167},"14":{"loc":{"start":{"line":176,"column":33},"end":{"line":176,"column":null}},"type":"binary-expr","locations":[{"start":{"line":176,"column":33},"end":{"line":176,"column":69}},{"start":{"line":176,"column":69},"end":{"line":176,"column":null}}],"line":176},"15":{"loc":{"start":{"line":179,"column":40},"end":{"line":179,"column":85}},"type":"binary-expr","locations":[{"start":{"line":179,"column":40},"end":{"line":179,"column":81}},{"start":{"line":179,"column":81},"end":{"line":179,"column":85}}],"line":179},"16":{"loc":{"start":{"line":190,"column":33},"end":{"line":190,"column":null}},"type":"binary-expr","locations":[{"start":{"line":190,"column":33},"end":{"line":190,"column":67}},{"start":{"line":190,"column":67},"end":{"line":190,"column":null}}],"line":190},"17":{"loc":{"start":{"line":204,"column":33},"end":{"line":204,"column":null}},"type":"binary-expr","locations":[{"start":{"line":204,"column":33},"end":{"line":204,"column":66}},{"start":{"line":204,"column":66},"end":{"line":204,"column":null}}],"line":204},"18":{"loc":{"start":{"line":218,"column":33},"end":{"line":218,"column":null}},"type":"cond-expr","locations":[{"start":{"line":218,"column":70},"end":{"line":218,"column":115}},{"start":{"line":218,"column":115},"end":{"line":218,"column":null}}],"line":218},"19":{"loc":{"start":{"line":232,"column":28},"end":{"line":234,"column":null}},"type":"cond-expr","locations":[{"start":{"line":233,"column":34},"end":{"line":233,"column":null}},{"start":{"line":234,"column":34},"end":{"line":234,"column":null}}],"line":232},"20":{"loc":{"start":{"line":243,"column":28},"end":{"line":245,"column":null}},"type":"cond-expr","locations":[{"start":{"line":244,"column":34},"end":{"line":244,"column":null}},{"start":{"line":245,"column":34},"end":{"line":245,"column":null}}],"line":243},"21":{"loc":{"start":{"line":254,"column":28},"end":{"line":256,"column":null}},"type":"cond-expr","locations":[{"start":{"line":255,"column":34},"end":{"line":255,"column":null}},{"start":{"line":256,"column":34},"end":{"line":256,"column":null}}],"line":254},"22":{"loc":{"start":{"line":265,"column":28},"end":{"line":267,"column":null}},"type":"cond-expr","locations":[{"start":{"line":266,"column":34},"end":{"line":266,"column":null}},{"start":{"line":267,"column":34},"end":{"line":267,"column":null}}],"line":265},"23":{"loc":{"start":{"line":276,"column":17},"end":{"line":283,"column":null}},"type":"binary-expr","locations":[{"start":{"line":276,"column":17},"end":{"line":276,"column":35}},{"start":{"line":276,"column":35},"end":{"line":276,"column":null}},{"start":{"line":277,"column":20},"end":{"line":283,"column":null}}],"line":276},"24":{"loc":{"start":{"line":287,"column":17},"end":{"line":424,"column":null}},"type":"binary-expr","locations":[{"start":{"line":287,"column":17},"end":{"line":287,"column":45}},{"start":{"line":287,"column":45},"end":{"line":287,"column":null}},{"start":{"line":288,"column":20},"end":{"line":424,"column":null}}],"line":287},"25":{"loc":{"start":{"line":305,"column":33},"end":{"line":332,"column":null}},"type":"binary-expr","locations":[{"start":{"line":305,"column":33},"end":{"line":305,"column":null}},{"start":{"line":306,"column":36},"end":{"line":332,"column":null}}],"line":305},"26":{"loc":{"start":{"line":318,"column":64},"end":{"line":324,"column":null}},"type":"cond-expr","locations":[{"start":{"line":319,"column":70},"end":{"line":319,"column":null}},{"start":{"line":320,"column":70},"end":{"line":324,"column":null}}],"line":318},"27":{"loc":{"start":{"line":320,"column":70},"end":{"line":324,"column":null}},"type":"cond-expr","locations":[{"start":{"line":321,"column":70},"end":{"line":321,"column":null}},{"start":{"line":322,"column":70},"end":{"line":324,"column":null}}],"line":320},"28":{"loc":{"start":{"line":322,"column":70},"end":{"line":324,"column":null}},"type":"cond-expr","locations":[{"start":{"line":323,"column":70},"end":{"line":323,"column":null}},{"start":{"line":324,"column":70},"end":{"line":324,"column":null}}],"line":322},"29":{"loc":{"start":{"line":351,"column":33},"end":{"line":383,"column":null}},"type":"binary-expr","locations":[{"start":{"line":351,"column":33},"end":{"line":351,"column":null}},{"start":{"line":352,"column":36},"end":{"line":383,"column":null}}],"line":351},"30":{"loc":{"start":{"line":428,"column":17},"end":{"line":497,"column":null}},"type":"binary-expr","locations":[{"start":{"line":428,"column":17},"end":{"line":428,"column":42}},{"start":{"line":428,"column":42},"end":{"line":428,"column":null}},{"start":{"line":429,"column":20},"end":{"line":497,"column":null}}],"line":428},"31":{"loc":{"start":{"line":475,"column":25},"end":{"line":495,"column":null}},"type":"binary-expr","locations":[{"start":{"line":475,"column":25},"end":{"line":475,"column":null}},{"start":{"line":476,"column":28},"end":{"line":495,"column":null}}],"line":475},"32":{"loc":{"start":{"line":501,"column":17},"end":{"line":542,"column":null}},"type":"binary-expr","locations":[{"start":{"line":501,"column":17},"end":{"line":501,"column":42}},{"start":{"line":501,"column":42},"end":{"line":501,"column":null}},{"start":{"line":502,"column":20},"end":{"line":542,"column":null}}],"line":501},"33":{"loc":{"start":{"line":546,"column":17},"end":{"line":584,"column":null}},"type":"binary-expr","locations":[{"start":{"line":546,"column":17},"end":{"line":546,"column":null}},{"start":{"line":547,"column":20},"end":{"line":584,"column":null}}],"line":546},"34":{"loc":{"start":{"line":561,"column":29},"end":{"line":581,"column":null}},"type":"cond-expr","locations":[{"start":{"line":562,"column":32},"end":{"line":564,"column":37}},{"start":{"line":564,"column":32},"end":{"line":581,"column":null}}],"line":561},"35":{"loc":{"start":{"line":568,"column":44},"end":{"line":576,"column":null}},"type":"cond-expr","locations":[{"start":{"line":569,"column":50},"end":{"line":569,"column":null}},{"start":{"line":570,"column":50},"end":{"line":576,"column":null}}],"line":568},"36":{"loc":{"start":{"line":570,"column":50},"end":{"line":576,"column":null}},"type":"cond-expr","locations":[{"start":{"line":571,"column":50},"end":{"line":571,"column":null}},{"start":{"line":572,"column":50},"end":{"line":576,"column":null}}],"line":570},"37":{"loc":{"start":{"line":572,"column":50},"end":{"line":576,"column":null}},"type":"cond-expr","locations":[{"start":{"line":573,"column":50},"end":{"line":573,"column":null}},{"start":{"line":574,"column":50},"end":{"line":576,"column":null}}],"line":572},"38":{"loc":{"start":{"line":574,"column":50},"end":{"line":576,"column":null}},"type":"cond-expr","locations":[{"start":{"line":575,"column":50},"end":{"line":575,"column":null}},{"start":{"line":576,"column":50},"end":{"line":576,"column":null}}],"line":574}},"s":{"0":0,"1":0,"2":0,"3":0,"4":0,"5":0,"6":0,"7":0,"8":0,"9":0,"10":0,"11":0,"12":0,"13":0,"14":0,"15":0,"16":0,"17":0,"18":0,"19":0,"20":0,"21":0,"22":0,"23":0,"24":0,"25":0,"26":0,"27":0,"28":0,"29":0,"30":0,"31":0,"32":0,"33":0,"34":0,"35":0,"36":0,"37":0,"38":0,"39":0,"40":0,"41":0,"42":0,"43":0,"44":0,"45":0,"46":0,"47":0,"48":0,"49":0,"50":0,"51":0,"52":0,"53":0,"54":0,"55":0,"56":0,"57":0,"58":0,"59":0,"60":0},"f":{"0":0,"1":0,"2":0,"3":0,"4":0,"5":0,"6":0,"7":0,"8":0,"9":0,"10":0,"11":0,"12":0,"13":0,"14":0,"15":0,"16":0,"17":0,"18":0,"19":0,"20":0,"21":0,"22":0,"23":0,"24":0},"b":{"0":[0],"1":[0,0],"2":[0,0],"3":[0,0],"4":[0,0],"5":[0,0],"6":[0,0],"7":[0,0,0],"8":[0,0],"9":[0,0],"10":[0,0],"11":[0,0],"12":[0,0],"13":[0,0],"14":[0,0],"15":[0,0],"16":[0,0],"17":[0,0],"18":[0,0],"19":[0,0],"20":[0,0],"21":[0,0],"22":[0,0],"23":[0,0,0],"24":[0,0,0],"25":[0,0],"26":[0,0],"27":[0,0],"28":[0,0],"29":[0,0],"30":[0,0,0],"31":[0,0],"32":[0,0,0],"33":[0,0],"34":[0,0],"35":[0,0],"36":[0,0],"37":[0,0],"38":[0,0]},"meta":{"lastBranch":39,"lastFunction":25,"lastStatement":61,"seen":{"f:19:24:19:40":0,"s:20:34:20:Infinity":0,"s:21:38:21:Infinity":1,"s:22:40:22:Infinity":2,"s:23:30:23:Infinity":3,"s:24:46:24:Infinity":4,"s:25:28:25:Infinity":5,"s:26:30:26:Infinity":6,"s:28:31:66:Infinity":7,"f:28:31:28:38":1,"b:28:45:28:56":0,"s:29:8:29:Infinity":8,"s:30:8:30:Infinity":9,"s:31:8:31:Infinity":10,"s:33:8:65:Infinity":11,"b:35:12:57:Infinity:43:19:57:Infinity":1,"s:35:12:57:Infinity":12,"s:36:16:36:Infinity":13,"s:37:16:41:Infinity":14,"f:37:16:37:34":2,"s:37:44:41:18":15,"s:42:16:42:Infinity":16,"f:42:16:42:25":3,"s:42:31:42:68":17,"b:42:42:42:64:42:64:42:67":2,"b:43:19:57:Infinity:51:19:57:Infinity":3,"s:43:19:57:Infinity":18,"s:44:16:44:Infinity":19,"s:45:16:49:Infinity":20,"f:45:16:45:34":4,"s:45:44:49:18":21,"s:50:16:50:Infinity":22,"f:50:16:50:25":5,"s:50:31:50:68":23,"b:50:42:50:64:50:64:50:67":4,"s:52:16:52:Infinity":24,"s:53:16:53:Infinity":25,"s:54:34:54:Infinity":26,"b:54:34:54:72:54:72:54:Infinity":5,"s:55:34:55:Infinity":27,"b:55:34:55:72:55:72:55:Infinity":6,"s:56:16:56:Infinity":28,"f:56:16:56:25":6,"s:56:31:56:65":29,"s:59:12:59:Infinity":30,"s:60:27:60:Infinity":31,"b:60:27:60:58:60:58:60:73:60:73:60:Infinity":7,"s:61:12:61:Infinity":32,"s:62:12:62:Infinity":33,"f:62:12:62:21":7,"s:62:27:62:92":34,"s:64:12:64:Infinity":35,"s:68:22:68:Infinity":36,"s:69:22:69:Infinity":37,"s:72:23:72:Infinity":38,"b:72:42:72:93:72:93:72:Infinity":8,"f:72:70:72:75":8,"s:72:81:72:88":39,"s:73:23:75:Infinity":40,"b:74:10:74:Infinity:75:10:75:Infinity":9,"f:74:38:74:43":9,"s:74:49:74:87":41,"s:77:4:588:Infinity":42,"f:108:32:108:43":10,"s:108:49:108:Infinity":43,"f:119:32:119:43":11,"s:119:49:119:Infinity":44,"f:125:28:125:43":12,"s:125:43:125:Infinity":45,"b:130:32:132:33:132:32:134:39":10,"b:134:39:134:60:134:60:134:Infinity":11,"f:142:24:142:39":13,"s:142:39:142:Infinity":46,"f:150:24:150:39":14,"s:150:39:150:Infinity":47,"b:159:17:159:Infinity:160:20:163:Infinity":12,"b:167:17:167:Infinity:168:20:224:Infinity":13,"b:176:33:176:69:176:69:176:Infinity":14,"b:179:40:179:81:179:81:179:85":15,"b:190:33:190:67:190:67:190:Infinity":16,"b:204:33:204:66:204:66:204:Infinity":17,"b:218:70:218:115:218:115:218:Infinity":18,"f:230:24:230:39":15,"s:230:39:230:Infinity":48,"b:233:34:233:Infinity:234:34:234:Infinity":19,"f:241:24:241:39":16,"s:241:39:241:Infinity":49,"b:244:34:244:Infinity:245:34:245:Infinity":20,"f:252:24:252:39":17,"s:252:39:252:Infinity":50,"b:255:34:255:Infinity:256:34:256:Infinity":21,"f:263:24:263:39":18,"s:263:39:263:Infinity":51,"b:266:34:266:Infinity:267:34:267:Infinity":22,"b:276:17:276:35:276:35:276:Infinity:277:20:283:Infinity":23,"b:287:17:287:45:287:45:287:Infinity:288:20:424:Infinity":24,"b:305:33:305:Infinity:306:36:332:Infinity":25,"f:307:57:307:62":19,"s:308:65:308:Infinity":52,"s:309:44:329:Infinity":53,"b:319:70:319:Infinity:320:70:324:Infinity":26,"b:321:70:321:Infinity:322:70:324:Infinity":27,"b:323:70:323:Infinity:324:70:324:Infinity":28,"b:351:33:351:Infinity:352:36:383:Infinity":29,"f:353:57:353:62":20,"s:354:61:354:Infinity":54,"s:355:61:355:Infinity":55,"s:357:44:380:Infinity":56,"b:428:17:428:42:428:42:428:Infinity:429:20:497:Infinity":30,"f:456:54:456:59":21,"s:457:40:468:Infinity":57,"b:475:25:475:Infinity:476:28:495:Infinity":31,"b:501:17:501:42:501:42:501:Infinity:502:20:542:Infinity":32,"f:528:54:528:59":22,"s:529:40:537:Infinity":58,"b:546:17:546:Infinity:547:20:584:Infinity":33,"f:554:32:554:47":23,"s:554:47:554:Infinity":59,"b:562:32:564:37:564:32:581:Infinity":34,"f:564:37:564:42":24,"s:565:36:580:Infinity":60,"b:569:50:569:Infinity:570:50:576:Infinity":35,"b:571:50:571:Infinity:572:50:576:Infinity":36,"b:573:50:573:Infinity:574:50:576:Infinity":37,"b:575:50:575:Infinity:576:50:576:Infinity":38},"fnNames":{}}}
,"E:\\SmartE\\client\\src\\pages\\ForgotPasswordPage.tsx": {"path":"E:\\SmartE\\client\\src\\pages\\ForgotPasswordPage.tsx","statementMap":{"0":{"start":{"line":7,"column":6},"end":{"line":16,"column":null}},"1":{"start":{"line":8,"column":4},"end":{"line":16,"column":null}},"2":{"start":{"line":19,"column":13},"end":{"line":85,"column":null}},"3":{"start":{"line":20,"column":30},"end":{"line":20,"column":null}},"4":{"start":{"line":21,"column":34},"end":{"line":21,"column":null}},"5":{"start":{"line":23,"column":25},"end":{"line":34,"column":null}},"6":{"start":{"line":24,"column":8},"end":{"line":24,"column":null}},"7":{"start":{"line":25,"column":8},"end":{"line":25,"column":null}},"8":{"start":{"line":26,"column":8},"end":{"line":33,"column":null}},"9":{"start":{"line":27,"column":12},"end":{"line":27,"column":null}},"10":{"start":{"line":28,"column":12},"end":{"line":28,"column":null}},"11":{"start":{"line":30,"column":12},"end":{"line":30,"column":null}},"12":{"start":{"line":32,"column":12},"end":{"line":32,"column":null}},"13":{"start":{"line":36,"column":4},"end":{"line":83,"column":null}},"14":{"start":{"line":61,"column":49},"end":{"line":61,"column":null}}},"fnMap":{"0":{"name":"(anonymous_0)","decl":{"start":{"line":7,"column":6},"end":{"line":7,"column":17}},"loc":{"start":{"line":8,"column":4},"end":{"line":16,"column":null}},"line":8},"1":{"name":"(anonymous_1)","decl":{"start":{"line":19,"column":13},"end":{"line":19,"column":40}},"loc":{"start":{"line":19,"column":40},"end":{"line":85,"column":null}},"line":19},"2":{"name":"(anonymous_2)","decl":{"start":{"line":23,"column":25},"end":{"line":23,"column":32}},"loc":{"start":{"line":23,"column":55},"end":{"line":34,"column":null}},"line":23},"3":{"name":"(anonymous_3)","decl":{"start":{"line":61,"column":32},"end":{"line":61,"column":43}},"loc":{"start":{"line":61,"column":49},"end":{"line":61,"column":null}},"line":61}},"branchMap":{"0":{"loc":{"start":{"line":7,"column":19},"end":{"line":7,"column":null}},"type":"default-arg","locations":[{"start":{"line":7,"column":31},"end":{"line":7,"column":null}}],"line":7},"1":{"loc":{"start":{"line":73,"column":29},"end":{"line":73,"column":null}},"type":"cond-expr","locations":[{"start":{"line":73,"column":39},"end":{"line":73,"column":52}},{"start":{"line":73,"column":52},"end":{"line":73,"column":null}}],"line":73},"2":{"loc":{"start":{"line":74,"column":29},"end":{"line":75,"column":null}},"type":"binary-expr","locations":[{"start":{"line":74,"column":29},"end":{"line":74,"column":41}},{"start":{"line":74,"column":41},"end":{"line":75,"column":null}}],"line":74}},"s":{"0":1,"1":8,"2":1,"3":8,"4":8,"5":8,"6":2,"7":2,"8":2,"9":2,"10":1,"11":1,"12":2,"13":8,"14":2},"f":{"0":8,"1":8,"2":2,"3":2},"b":{"0":[8],"1":[2,6],"2":[8
[...]
40},"end":{"line":17,"column":null}},"8":{"start":{"line":19,"column":4},"end":{"line":33,"column":null}},"9":{"start":{"line":20,"column":8},"end":{"line":20,"column":null}},"10":{"start":{"line":21,"column":8},"end":{"line":23,"column":null}},"11":{"start":{"line":22,"column":25},"end":{"line":22,"column":48}},"12":{"start":{"line":23,"column":26},"end":{"line":23,"column":44}},"13":{"start":{"line":24,"column":8},"end":{"line":26,"column":null}},"14":{"start":{"line":25,"column":25},"end":{"line":25,"column":54}},"15":{"start":{"line":26,"column":26},"end":{"line":26,"column":44}},"16":{"start":{"line":27,"column":8},"end":{"line":29,"column":null}},"17":{"start":{"line":28,"column":25},"end":{"line":28,"column":49}},"18":{"start":{"line":29,"column":26},"end":{"line":29,"column":44}},"19":{"start":{"line":30,"column":8},"end":{"line":32,"column":null}},"20":{"start":{"line":31,"column":25},"end":{"line":31,"column":54}},"21":{"start":{"line":32,"column":26},"end":{"line":32,"column":44}},"22":{"start":{"line":35,"column":4},"end":{"line":132,"column":null}},"23":{"start":{"line":47,"column":41},"end":{"line":47,"column":null}},"24":{"start":{"line":48,"column":28},"end":{"line":56,"column":null}},"25":{"start":{"line":51,"column":51},"end":{"line":51,"column":null}},"26":{"start":{"line":65,"column":50},"end":{"line":65,"column":61}},"27":{"start":{"line":66,"column":28},"end":{"line":73,"column":null}},"28":{"start":{"line":82,"column":28},"end":{"line":88,"column":null}},"29":{"start":{"line":97,"column":28},"end":{"line":103,"column":null}},"30":{"start":{"line":115,"column":32},"end":{"line":121,"column":null}}},"fnMap":{"0":{"name":"(anonymous_0)","decl":{"start":{"line":10,"column":13},"end":{"line":10,"column":30}},"loc":{"start":{"line":10,"column":30},"end":{"line":134,"column":null}},"line":10},"1":{"name":"(anonymous_1)","decl":{"start":{"line":19,"column":4},"end":{"line":19,"column":20}},"loc":{"start":{"line":19,"column":20},"end":{"line":33,"column":7}},"line":19},"2":{"name":"(anonymous_2)","decl":{"start":{"line":22,"column":13},"end":{"line":22,"column":18}},"loc":{"start":{"line":22,"column":25},"end":{"line":22,"column":48}},"line":22},"3":{"name":"(anonymous_3)","decl":{"start":{"line":23,"column":13},"end":{"line":23,"column":19}},"loc":{"start":{"line":23,"column":26},"end":{"line":23,"column":44}},"line":23},"4":{"name":"(anonymous_4)","decl":{"start":{"line":25,"column":13},"end":{"line":25,"column":18}},"loc":{"start":{"line":25,"column":25},"end":{"line":25,"column":54}},"line":25},"5":{"name":"(anonymous_5)","decl":{"start":{"line":26,"column":13},"end":{"line":26,"column":19}},"loc":{"start":{"line":26,"column":26},"end":{"line":26,"column":44}},"line":26},"6":{"name":"(anonymous_6)","decl":{"start":{"line":28,"column":13},"end":{"line":28,"column":18}},"loc":{"start":{"line":28,"column":25},"end":{"line":28,"column":49}},"line":28},"7":{"name":"(anonymous_7)","decl":{"start":{"line":29,"column":13},"end":{"line":29,"column":19}},"loc":{"start":{"line":29,"column":26},"end":{"line":29,"column":44}},"line":29},"8":{"name":"(anonymous_8)","decl":{"start":{"line":31,"column":13},"end":{"line":31,"column":18}},"loc":{"start":{"line":31,"column":25},"end":{"line":31,"column":54}},"line":31},"9":{"name":"(anonymous_9)","decl":{"start":{"line":32,"column":13},"end":{"line":32,"column":19}},"loc":{"start":{"line":32,"column":26},"end":{"line":32,"column":44}},"line":32},"10":{"name":"(anonymous_10)","decl":{"start":{"line":46,"column":36},"end":{"line":46,"column":41}},"loc":{"start":{"line":46,"column":49},"end":{"line":58,"column":25}},"line":46},"11":{"name":"(anonymous_11)","decl":{"start":{"line":51,"column":36},"end":{"line":51,"column":51}},"loc":{"start":{"line":51,"column":51},"end":{"line":51,"column":null}},"line":51},"12":{"name":"(anonymous_12)","decl":{"start":{"line":65,"column":36},"end":{"line":65,"column":44}},"loc":{"start":{"line":65,"column":50},"end":{"line":65,"column":61}},"line":65},"13":{"name":"(anonymous_13)","decl":{"start":{"line":65,"column":63},"end":{"line":65,"column":68}},"loc":{"start":{"line":66,"column":28},"end":{"line":73,"column":null}},"line":66},"14":{"name":"(anonymous_14)","decl":{"start":{"line":81,"column":37},"end":{"line":81,"column":42}},"loc":{"start":{"line":82,"column":28},"end":{"line":88,"column":null}},"line":82},"15":{"name":"(anonymous_15)","decl":{"start":{"line":96,"column":32},"end":{"line":96,"column":37}},"loc":{"start":{"line":97,"column":28},"end":{"line":103,"column":null}},"line":97},"16":{"name":"(anonymous_16)","decl":{"start":{"line":114,"column":41},"end":{"line":114,"column":46}},"loc":{"start":{"line":115,"column":32},"end":{"line":121,"column":null}},"line":115}},"branchMap":{"0":{"loc":{"start":{"line":47,"column":41},"end":{"line":47,"column":null}},"type":"binary-expr","locations":[{"start":{"line":47,"column":41},"end":{"line":47,"column":66}},{"start":{"line":47,"column":66},"end":{"line":47,"column":null}}],"line":47},"1":{"loc":{"start":{"line":108,"column":17},"end":{"line":124,"column":null}},"type":"binary-expr","locations":[{"start":{"line":108,"column":17},"end":{"line":108,"column":null}},{"start":{"line":109,"column":20},"end":{"line":124,"column":null}}],"line":108}},"s":{"0":1,"1":2,"2":2,"3":2,"4":2,"5":2,"6":2,"7":2,"8":2,"9":1,"10":1,"11":1,"12":0,"13":1,"14":1,"15":0,"16":1,"17":1,"18":0,"19":1,"20":1,"21":0,"22":2,"23":1,"24":1,"25":0,"26":0,"27":0,"28":0,"29":0,"30":0},"f":{"0":2,"1":1,"2":1,"3":0,"4":1,"5":0,"6":1,"7":0,"8":1,"9":0,"10":1,"11":0,"12":0,"13":0,"14":0,"15":0,"16":0},"b":{"0":[1,0],"1":[2,0]},"meta":{"lastBranch":2,"lastFunction":17,"lastStatement":31,"seen":{"s:10:13:134:Infinity":0,"f:10:13:10:30":0,"s:11:21:11:33":1,"s:12:18:12:Infinity":2,"s:13:40:13:Infinity":3,"s:14:42:14:Infinity":4,"s:15:32:15:Infinity":5,"s:16:42:16:Infinity":6,"s:17:40:17:Infinity":7,"s:19:4:33:Infinity":8,"f:19:4:19:20":1,"s:20:8:20:Infinity":9,"s:21:8:23:Infinity":10,"f:22:13:22:18":2,"s:22:25:22:48":11,"f:23:13:23:19":3,"s:23:26:23:44":12,"s:24:8:26:Infinity":13,"f:25:13:25:18":4,"s:25:25:25:54":14,"f:26:13:26:19":5,"s:26:26:26:44":15,"s:27:8:29:Infinity":16,"f:28:13:28:18":6,"s:28:25:28:49":17,"f:29:13:29:19":7,"s:29:26:29:44":18,"s:30:8:32:Infinity":19,"f:31:13:31:18":8,"s:31:25:31:54":20,"f:32:13:32:19":9,"s:32:26:32:44":21,"s:35:4:132:Infinity":22,"f:46:36:46:41":10,"s:47:41:47:Infinity":23,"b:47:41:47:66:47:66:47:Infinity":0,"s:48:28:56:Infinity":24,"f:51:36:51:51":11,"s:51:51:51:Infinity":25,"f:65:36:65:44":12,"s:65:50:65:61":26,"f:65:63:65:68":13,"s:66:28:73:Infinity":27,"f:81:37:81:42":14,"s:82:28:88:Infinity":28,"f:96:32:96:37":15,"s:97:28:103:Infinity":29,"b:108:17:108:Infinity:109:20:124:Infinity":1,"f:114:41:114:46":16,"s:115:32:121:Infinity":30},"fnNames":{}}}
,"E:\\SmartE\\client\\src\\pages\\User\\ProductDetailPage.jsx": {"path":"E:\\SmartE\\client\\src\\pages\\User\\ProductDetailPage.jsx","statementMap":{"0":{"start":{"line":6,"column":13},"end":{"line":75,"column":null}},"1":{"start":{"line":7,"column":19},"end":{"line":7,"column":29}},"2":{"start":{"line":8,"column":34},"end":{"line":8,"column":null}},"3":{"start":{"line":10,"column":4},"end":{"line":15,"column":null}},"4":{"start":{"line":11,"column":8},"end":{"line":14,"column":null}},"5":{"start":{"line":12,"column":25},"end":{"line":12,"column":35}},"6":{"start":{"line":13,"column":26},"end":{"line":13,"column":42}},"7":{"start":{"line":14,"column":26},"end":{"line":14,"column":44}},"8":{"start":{"line":17,"column":4},"end":{"line":17,"column":null}},"9":{"start":{"line":17,"column":18},"end":{"line":17,"column":null}},"10":{"start":{"line":19,"column":4},"end":{"line":73,"column":null}},"11":{"start":{"line":37,"column":36},"end":{"line":37,"column":null}},"12":{"start":{"line":62,"column":28},"end":{"line":62,"column":null}}},"fnMap":{"0":{"name":"(anonymous_0)","decl":{"start":{"line":6,"column":13},"end":{"line":6,"column":39}},"loc":{"start":{"line":6,"column":39},"end":{"line":75,"column":null}},"line":6},"1":{"name":"(anonymous_1)","decl":{"start":{"line":10,"column":4},"end":{"line":10,"column":20}},"loc":{"start":{"line":10,"column":20},"end":{"line":15,"column":7}},"line":10},"2":{"name":"(anonymous_2)","decl":{"start":{"line":12,"column":13},"end":{"line":12,"column":18}},"loc":{"start":{"line":12,"column":25},"end":{"line":12,"column":35}},"line":12},"3":{"name":"(anonymous_3)","decl":{"start":{"line":13,"column":13},"end":{"line":13,"column":18}},"loc":{"start":{"line":13,"column":26},"end":{"line":13,"column":42}},"line":13},"4":{"name":"(anonymous_4)","decl":{"start":{"line":14,"column":13},"end":{"line":14,"column":19}},"loc":{"start":{"line":14,"column":26},"end":{"line":14,"column":44}},"line":14},"5":{"name":"(anonymous_5)","decl":{"start":{"line":36,"column":49},"end":{"line":36,"column":53}},"loc":{"start":{"line":37,"column":36},"end":{"line":37,"column":null}},"line":37},"6":{"name":"(anonymous_6)","decl":{"start":{"line":61,"column":38},"end":{"line":61,"column":42}},"loc":{"start":{"line":62,"column":28},"end":{"line":62,"column":null}},"line":62}},"branchMap":{"0":{"loc":{"start":{"line":17,"column":4},"end":{"line":17,"column":null}},"type":"if","locations":[{"start":{"line":17,"column":4},"end":{"line":17,"column":null}},{"start":{},"end":{}}],"line":17}},"s":{"0":1,"1":2,"2":2,"3":2,"4":1,"5":1,"6":1,"7":0,"8":2,"9":1,"10":1,"11":3,"12":4},"f":{"0":2,"1":1,"2":1,"3":1,"4":0,"5":3,"6":4},"b":{"0":[1,1]},"meta":{"lastBranch":1,"lastFunction":7,"lastStatement":13,"seen":{"s:6:13:75:Infinity":0,"f:6:13:6:39":0,"s:7:19:7:29":1,"s:8:34:8:Infinity":2,"s:10:4:15:Infinity":3,"f:10:4:10:20":1,"s:11:8:14:Infinity":4,"f:12:13:12:18":2,"s:12:25:12:35":5,"f:13:13:13:18":3,"s:13:26:13:42":6,"f:14:13:14:19":4,"s:14:26:14:44":7,"b:17:4:17:Infinity:undefined:undefined:undefined:undefined":0,"s:17:4:17:Infinity":8,"s:17:18:17:Infinity":9,"s:19:4:73:Infinity":10,"f:36:49:36:53":5,"s:37:36:37:Infinity":11,"f:61:38:61:42":6,"s:62:28:62:Infinity":12},"fnNames":{}}}
,"E:\\SmartE\\client\\src\\pages\\User\\ProductListPage.jsx": {"path":"E:\\SmartE\\client\\src\\pages\\User\\ProductListPage.jsx","statementMap":{"0":{"start":{"line":8,"column":13},"end":{"line":72,"column":null}},"1":{"start":{"line":9,"column":27},"end":{"line":9,"column":43}},"2":{"start":{"line":10,"column":36},"end":{"line":10,"column":null}},"3":{"start":{"line":11,"column":40},"end":{"line":11,"column":null}},"4":{"start":{"line":12,"column":56},"end":{"line":12,"column":null}},"5":{"start":{"line":14,"column":4},"end":{"line":24,"column":null}},"6":{"start":{"line":15,"column":8},"end":{"line":23,"column":null}},"7":{"start":{"line":16,"column":12},"end":{"line":16,"column":null}},"8":{"start":{"line":17,"column":26},"end":{"line":17,"column":null}},"9":{"start":{"line":18,"column":12},"end":{"line":22,"column":null}},"10":{"start":{"line":19,"column":16},"end":{"line":19,"column":null}},"11":{"start":{"line":20,"column":19},"end":{"line":22,"column":null}},"12":{"start":{"line":21,"column":16},"end":{"line":21,"column":null}},"13":{"start":{"line":26,"column":4},"end":{"line":31,"column":null}},"14":{"start":{"line":27,"column":8},"end":{"line":27,"column":null}},"15":{"start":{"line":27,"column":33},"end":{"line":27,"column":null}},"16":{"start":{"line":28,"column":8},"end":{"line":30,"column":null}},"17":{"start":{"line":29,"column":25},"end":{"line":29,"column":57}},"18":{"start":{"line":30,"column":26},"end":{"line":30,"column":44}},"19":{"start":{"line":33,"column":4},"end":{"line":70,"column":null}},"20":{"start":{"line":40,"column":28},"end":{"line":50,"column":null}},"21":{"start":{"line":42,"column":47},"end":{"line":42,"column":null}},"22":{"start":{"line":59,"column":28},"end":{"line":64,"column":null}}},"fnMap":{"0":{"name":"(anonymous_0)","decl":{"start":{"line":8,"column":13},"end":{"line":8,"column":37}},"loc":{"start":{"line":8,"column":37},"end":{"line":72,"column":null}},"line":8},"1":{"name":"(anonymous_1)","decl":{"start":{"line":14,"column":4},"end":{"line":14,"column":20}},"loc":{"start":{"line":14,"column":20},"end":{"line":24,"column":7}},"line":14},"2":{"name":"(anonymous_2)","decl":{"start":{"line":15,"column":24},"end":{"line":15,"column":29}},"loc":{"start":{"line":15,"column":37},"end":{"line":23,"column":9}},"line":15},"3":{"name":"(anonymous_3)","decl":{"start":{"line":26,"column":4},"end":{"line":26,"column":20}},"loc":{"start":{"line":26,"column":20},"end":{"line":31,"column":7}},"line":26},"4":{"name":"(anonymous_4)","decl":{"start":{"line":29,"column":13},"end":{"line":29,"column":18}},"loc":{"start":{"line":29,"column":25},"end":{"line":29,"column":57}},"line":29},"5":{"name":"(anonymous_5)","decl":{"start":{"line":30,"column":13},"end":{"line":30,"column":19}},"loc":{"start":{"line":30,"column":26},"end":{"line":30,"column":44}},"line":30},"6":{"name":"(anonymous_6)","decl":{"start":{"line":39,"column":36},"end":{"line":39,"column":41}},"loc":{"start":{"line":40,"column":28},"end":{"line":50,"column":null}},"line":40},"7":{"name":"(anonymous_7)","decl":{"start":{"line":42,"column":32},"end":{"line":42,"column":47}},"loc":{"start":{"line":42,"column":47},"end":{"line":42,"column":null}},"line":42},"8":{"name":"(anonymous_8)","decl":{"start":{"line":58,"column":34},"end":{"line":58,"column":39}},"loc":{"start":{"line":59,"column":28},"end":{"line":64,"column":null}},"line":59}},"branchMap":{"0":{"loc":{"start":{"line":18,"column":12},"end":{"line":22,"column":null}},"type":"if","locations":[{"start":{"line":18,"column":12},"end":{"line":22,"column":null}},{"start":{"line":20,"column":19},"end":{"line":22,"column":null}}],"line":18},"1":{"loc":{"start":{"line":20,"column":19},"end":{"line":22,"column":null}},"type":"if","locations":[{"start":{"line":20,"column":19},"end":{"line":22,"column":null}},{"start":{},"end":{}}],"line":20},"2":{"loc":{"start":{"line":27,"column":8},"end":{"line":27,"column":null}},"type":"if","locations":[{"start":{"line":27,"column":8},"end":{"line":27,"column":null}},{"start":{},"end":{}}],"line":27},"3":{"loc":{"start":{"line":29,"column":37},"end":{"line":29,"column":56}},"type":"binary-expr","locations":[{"start":{"line":29,"column":37},"end":{"line":29,"column":54}},{"start":{"line":29,"column":54},"end":{"line":29,"column":56}}],"line":29},"4":{"loc":{"start":{"line":37,"column":17},"end":{"line":55,"column":17}},"type":"binary-expr","locations":[{"start":{"line":37,"column":17},"end":{"line":37,"column":null}},{"start":{"line":38,"column":20},"end":{"line":55,"column":17}}],"line":37},"5":{"loc":{"start":{"line":44,"column":36},"end":{"line":46,"column":null}},"type":"cond-expr","locations":[{"start":{"line":45,"column":42},"end":{"line":45,"column":null}},{"start":{"line":46,"column":42},"end":{"line":46,"column":null}}],"line":44}},"s":{"0":1,"1":3,"2":3,"3":3,"4":3,"5":3,"6":1,"7":1,"8":1,"9":1,"10":1,"11":0,"12":0,"13":3,"14":2,"15":1,"16":1,"17":1,"18":0,"19":3,"20":2,"21":0,"22":1},"f":{"0":3,"1":1,"2":1,"3":2,"4":1,"5":0,"6":2,"7":0,"8":1},"b":{"0":[1,0],"1":[0,0],"2":[1,1],"3":[1,0],"4":[3,2],"5":[2,0]},"meta":{"lastBranch":6,"lastFunction":9,"lastStatement":23,"seen":{"s:8:13:72:Infinity":0,"f:8:13:8:37":0,"s:9:27:9:43":1,"s:10:36:10:Infinity":2,"s:11:40:11:Infinity":3,"s:12:56:12:Infinity":4,"s:14:4:24:Infinity":5,"f:14:4:14:20":1,"s:15:8:23:Infinity":6,"f:15:24:15:29":2,"s:16:12:16:Infinity":7,"s:17:26:17:Infinity":8,"b:18:12:22:Infinity:20:19:22:Infinity":0,"s:18:12:22:Infinity":9,"s:19:16:19:Infinity":10,"b:20:19:22:Infinity:undefined:undefined:undefined:undefined":1,"s:20:19:22:Infinity":11,"s:21:16:21:Infinity":12,"s:26:4:31:Infinity":13,"f:26:4:26:20":3,"b:27:8:27:Infinity:undefined:undefined:undefined:undefined":2,"s:27:8:27:Infinity":14,"s:27:33:27:Infinity":15,"s:28:8:30:Infinity":16,"f:29:13:29:18":4,"s:29:25:29:57":17,"b:29:37:29:54:29:54:29:56":3,"f:30:13:30:19":5,"s:30:26:30:44":18,"s:33:4:70:Infinity":19,"b:37:17:37:Infinity:38:20:55:17":4,"f:39:36:39:41":6,"s:40:28:50:Infinity":20,"f:42:32:42:47":7,"s:42:47:42:Infinity":21,"b:45:42:45:Infinity:46:42:46:Infinity":5,"f:58:34:58:39":8,"s:59:28:64:Infinity":22},"fnNames":{}}}
,"E:\\SmartE\\client\\src\\pages\\User\\ProfilePage.jsx": {"path":"E:\\SmartE\\client\\src\\pages\\User\\ProfilePage.jsx","statementMap":{"0":{"start":{"line":6,"column":13},"end":{"line":20,"column":null}},"1":{"start":{"line":7,"column":4},"end":{"line":18,"column":null}}},"fnMap":{"0":{"name":"(anonymous_0)","decl":{"start":{"line":6,"column":13},"end":{"line":6,"column":33}},"loc":{"start":{"line":6,"column":33},"end":{"line":20,"column":null}},"line":6}},"branchMap":{},"s":{"0":1,"1":1},"f":{"0":1},"b":{},"meta":{"lastBranch":0,"lastFunction":1,"lastStatement":2,"seen":{"s:6:13:20:Infinity":0,"f:6:13:6:33":0,"s:7:4:18:Infinity":1},"fnNames":{}}}
,"E:\\SmartE\\client\\src\\pages\\User\\SearchPage.jsx": {"path":"E:\\SmartE\\client\\src\\pages\\User\\SearchPage.jsx","statementMap":{"0":{"start":{"line":5,"column":13},"end":{"line":58,"column":null}},"1":{"start":{"line":6,"column":36},"end":{"line":6,"column":null}},"2":{"start":{"line":7,"column":40},"end":{"line":7,"column":null}},"3":{"start":{"line":9,"column":4},"end":{"line":14,"column":null}},"4":{"start":{"line":10,"column":8},"end":{"line":13,"column":null}},"5":{"start":{"line":11,"column":25},"end":{"line":11,"column":35}},"6":{"start":{"line":12,"column":26},"end":{"line":12,"column":43}},"7":{"start":{"line":13,"column":26},"end":{"line":13,"column":44}},"8":{"start":{"line":16,"column":29},"end":{"line":18,"column":null}},"9":{"start":{"line":17,"column":8},"end":{"line":17,"column":null}},"10":{"start":{"line":20,"column":4},"end":{"line":56,"column":null}},"11":{"start":{"line":30,"column":41},"end":{"line":30,"column":null}},"12":{"start":{"line":41,"column":24},"end":{"line":46,"column":null}}},"fnMap":{"0":{"name":"(anonymous_0)","decl":{"start":{"line":5,"column":13},"end":{"line":5,"column":32}},"loc":{"start":{"line":5,"column":32},"end":{"line":58,"column":null}},"line":5},"1":{"name":"(anonymous_1)","decl":{"start":{"line":9,"column":4},"end":{"line":9,"column":20}},"loc":{"start":{"line":9,"column":20},"end":{"line":14,"column":7}},"line":9},"2":{"name":"(anonymous_2)","decl":{"start":{"line":11,"column":13},"end":{"line":11,"column":18}},"loc":{"start":{"line":11,"column":25},"end":{"line":11,"column":35}},"line":11},"3":{"name":"(anonymous_3)","decl":{"start":{"line":12,"column":13},"end":{"line":12,"column":18}},"loc":{"start":{"line":12,"column":26},"end":{"line":12,"column":43}},"line":12},"4":{"name":"(anonymous_4)","decl":{"start":{"line":13,"column":13},"end":{"line":13,"column":19}},"loc":{"start":{"line":13,"column":26},"end":{"line":13,"column":44}},"line":13},"5":{"name":"(anonymous_5)","decl":{"start":{"line":16,"column":38},"end":{"line":16,"column":45}},"loc":{"start":{"line":17,"column":8},"end":{"line":17,"column":null}},"line":17},"6":{"name":"(anonymous_6)","decl":{"start":{"line":30,"column":24},"end":{"line":30,"column":35}},"loc":{"start":{"line":30,"column":41},"end":{"line":30,"column":null}},"line":30},"7":{"name":"(anonymous_7)","decl":{"start":{"line":40,"column":38},"end":{"line":40,"column":43}},"loc":{"start":{"line":41,"column":24},"end":{"line":46,"column":null}},"line":41}},"branchMap":{},"s":{"0":1,"1":3,"2":3,"3":3,"4":1,"5":1,"6":1,"7":0,"8":3,"9":4,"10":3,"11":1,"12":3},"f":{"0":3,"1":1,"2":1,"3":1,"4":0,"5":4,"6":1,"7":3},"b":{},"meta":{"lastBranch":0,"lastFunction":8,"lastStatement":13,"seen":{"s:5:13:58:Infinity":0,"f:5:13:5:32":0,"s:6:36:6:Infinity":1,"s:7:40:7:Infinity":2,"s:9:4:14:Infinity":3,"f:9:4:9:20":1,"s:10:8:13:Infinity":4,"f:11:13:11:18":2,"s:11:25:11:35":5,"f:12:13:12:18":3,"s:12:26:12:43":6,"f:13:13:13:19":4,"s:13:26:13:44":7,"s:16:29:18:Infinity":8,"f:16:38:16:45":5,"s:17:8:17:Infinity":9,"s:20:4:56:Infinity":10,"f:30:24:30:35":6,"s:30:41:30:Infinity":11,"f:40:38:40:43":7,"s:41:24:46:Infinity":12},"fnNames":{}}}
}
